2024-06-10 10:32:46,115 -INFO - Started...
2024-06-10 10:32:46,933 -INFO - Started...
2024-06-10 10:33:01,335 -INFO - BOSCHLTD.NS - Process function started
2024-06-10 10:33:01,335 -INFO - MARUTI.NS - Process function started
2024-06-10 10:33:01,335 -INFO - MRF.NS - Process function started
2024-06-10 10:33:01,335 -INFO - BOSCHLTD.NS - Reading existing data...
2024-06-10 10:33:01,335 -INFO - GMRINFRA.NS - Process function started
2024-06-10 10:33:01,336 -INFO - MARUTI.NS - Reading existing data...
2024-06-10 10:33:01,354 -INFO - GMRINFRA.NS - Reading existing data...
2024-06-10 10:33:01,356 -INFO - MRF.NS - isPivot function started
2024-06-10 10:33:03,698 -INFO - MRF.NS - isPivot function Ended
2024-06-10 10:33:03,704 -INFO - MRF.NS -  detect_structure function started
2024-06-10 10:33:03,744 -INFO - MRF.NS -  two_line_structure function started
2024-06-10 10:33:05,757 -INFO - last n isPivot function started
2024-06-10 10:33:06,075 -INFO - last n isPivot function started
2024-06-10 10:33:06,179 -INFO - last n isPivot function started
2024-06-10 10:33:10,183 -INFO - last n isPivot function Ended
2024-06-10 10:33:10,189 -INFO - GMRINFRA.NS - last n detect_structure function started
2024-06-10 10:33:10,226 -INFO - GMRINFRA.NS - last n two_line_structure function started
2024-06-10 10:33:10,801 -INFO - last n isPivot function Ended
2024-06-10 10:33:10,812 -INFO - MARUTI.NS - last n detect_structure function started
2024-06-10 10:33:10,859 -INFO - MARUTI.NS - last n two_line_structure function started
2024-06-10 10:33:11,451 -INFO - last n isPivot function Ended
2024-06-10 10:33:11,458 -INFO - BOSCHLTD.NS - last n detect_structure function started
2024-06-10 10:33:11,460 -INFO - BOSCHLTD.NS - last n two_line_structure function started
2024-06-10 10:35:30,899 -INFO - GMRINFRA.NS - last n two_line_structure function Ended
2024-06-10 10:35:44,108 -INFO - MRF.NS -  two_line_structure function Ended
2024-06-10 10:35:48,529 -INFO - MARUTI.NS - last n two_line_structure function Ended
2024-06-10 10:35:56,007 -INFO - GMRINFRA.NS - last n detect_structure function Ended
2024-06-10 10:35:56,015 -INFO - GMRINFRA.NS - add_ph_pl_values function started
2024-06-10 10:35:56,076 -INFO - GMRINFRA.NS - add_ph_pl_values function Ended
2024-06-10 10:36:06,997 -INFO - BOSCHLTD.NS - last n two_line_structure function Ended
2024-06-10 10:36:07,920 -INFO - MRF.NS -  detect_structure function Ended
2024-06-10 10:36:07,925 -INFO - MRF.NS - add_ph_pl_values function started
2024-06-10 10:36:07,963 -INFO - MRF.NS - add_ph_pl_values function Ended
2024-06-10 10:36:23,660 -INFO - MARUTI.NS - last n detect_structure function Ended
2024-06-10 10:36:23,669 -INFO - MARUTI.NS - add_ph_pl_values function started
2024-06-10 10:36:23,678 -INFO - MARUTI.NS - add_ph_pl_values function Ended
2024-06-10 10:36:58,893 -INFO - All stocks - Excel file Saved
2024-06-10 10:36:58,900 -INFO - All stocks - json file saved
2024-06-10 10:36:58,900 -INFO - GMRINFRA.NS - alerts file Saved
2024-06-10 10:36:58,900 -INFO - GMRINFRA.NS - Process function Ended
2024-06-10 10:37:10,028 -INFO - BOSCHLTD.NS - last n detect_structure function Ended
2024-06-10 10:37:10,030 -INFO - BOSCHLTD.NS - add_ph_pl_values function started
2024-06-10 10:37:10,040 -INFO - BOSCHLTD.NS - add_ph_pl_values function Ended
2024-06-10 10:37:17,392 -INFO - All stocks - Excel file Saved
2024-06-10 10:37:17,393 -INFO - All stocks - json file saved
2024-06-10 10:37:17,393 -INFO - MRF.NS - alerts file Saved
2024-06-10 10:37:17,393 -INFO - MRF.NS - Process function Ended
2024-06-10 10:37:25,489 -INFO - All stocks - Excel file Saved
2024-06-10 10:37:25,489 -INFO - All stocks - json file saved
2024-06-10 10:37:25,490 -INFO - MARUTI.NS - alerts file Saved
2024-06-10 10:37:25,490 -INFO - MARUTI.NS - Process function Ended
2024-06-10 10:37:37,067 -INFO - All stocks - Excel file Saved
2024-06-10 10:37:37,068 -INFO - All stocks - json file saved
2024-06-10 10:37:37,068 -INFO - BOSCHLTD.NS - alerts file Saved
2024-06-10 10:37:37,068 -INFO - BOSCHLTD.NS - Process function Ended
2024-06-10 10:37:59,967 -INFO - All stocks - Excel file Saved
2024-06-10 10:37:59,968 -INFO - All stocks - json file saved
2024-06-10 10:38:24,340 -INFO - All stocks - Excel file Saved
2024-06-10 10:38:24,340 -INFO - All stocks - json file saved
