2024-05-24 06:16:28,769 -INFO - Started...
2024-05-24 06:16:29,762 -ERROR - 
1 Failed download:
2024-05-24 06:16:29,762 -ERROR - ['APOLLOHOSP.NS']: OperationalError('database is locked')
2024-05-24 06:16:29,936 -INFO - ADANIPORTS.NS - Process function started
2024-05-24 06:16:29,936 -INFO - ASIANPAINT.NS - Process function started
2024-05-24 06:16:29,964 -INFO - BAJAJFINSV.NS - Process function started
2024-05-24 06:16:29,974 -INFO - ^NSEBANK - Process function started
2024-05-24 06:16:29,976 -INFO - ADANIENT.NS - Process function started
2024-05-24 06:16:30,002 -INFO - ^NSEBANK - isPivot function started
2024-05-24 06:16:30,004 -INFO - BAJFINANCE.NS - Process function started
2024-05-24 06:16:30,131 -INFO - ADANIPORTS.NS - isPivot function started
2024-05-24 06:16:30,254 -INFO - BAJAJFINSV.NS - isPivot function started
2024-05-24 06:16:30,821 -INFO - NIFTY_FIN_SERVICE.NS - Process function started
2024-05-24 06:16:30,872 -INFO - BAJAJ-AUTO.NS - Process function started
2024-05-24 06:16:31,020 -INFO - BAJFINANCE.NS - isPivot function started
2024-05-24 06:16:31,022 -INFO - NIFTY_FIN_SERVICE.NS - isPivot function started
2024-05-24 06:16:31,022 -INFO - ADANIENT.NS - isPivot function started
2024-05-24 06:16:31,032 -INFO - ^NSEI - Process function started
2024-05-24 06:16:31,093 -INFO - ASIANPAINT.NS - isPivot function started
2024-05-24 06:16:31,237 -INFO - BAJAJFINSV.NS - isPivot function Ended
2024-05-24 06:16:32,075 -INFO - BAJAJFINSV.NS -  detect_structure function started
2024-05-24 06:16:32,100 -INFO - ^NSEI - isPivot function started
2024-05-24 06:16:32,181 -INFO - ^NSEBANK - isPivot function Ended
2024-05-24 06:16:32,379 -INFO - BAJAJFINSV.NS -  two_line_structure function started
2024-05-24 06:16:32,379 -INFO - ^NSEBANK -  detect_structure function started
2024-05-24 06:16:32,573 -INFO - ADANIPORTS.NS - isPivot function Ended
2024-05-24 06:16:32,573 -INFO - ^NSEBANK -  two_line_structure function started
2024-05-24 06:16:32,936 -INFO - BAJAJ-AUTO.NS - isPivot function started
2024-05-24 06:16:33,703 -INFO - BAJFINANCE.NS - isPivot function Ended
2024-05-24 06:16:34,041 -INFO - ^NSEI - isPivot function Ended
2024-05-24 06:16:34,319 -INFO - ASIANPAINT.NS - isPivot function Ended
2024-05-24 06:16:34,440 -INFO - ADANIENT.NS - isPivot function Ended
2024-05-24 06:16:34,512 -INFO - ADANIPORTS.NS -  detect_structure function started
2024-05-24 06:16:34,647 -INFO - NIFTY_FIN_SERVICE.NS - isPivot function Ended
2024-05-24 06:16:34,997 -INFO - BAJFINANCE.NS -  detect_structure function started
2024-05-24 06:16:34,998 -INFO - ADANIPORTS.NS -  two_line_structure function started
2024-05-24 06:16:34,999 -INFO - ASIANPAINT.NS -  detect_structure function started
2024-05-24 06:16:34,999 -INFO - ^NSEI -  detect_structure function started
2024-05-24 06:16:35,188 -INFO - ASIANPAINT.NS -  two_line_structure function started
2024-05-24 06:16:35,188 -INFO - BAJFINANCE.NS -  two_line_structure function started
2024-05-24 06:16:35,287 -INFO - BAJAJ-AUTO.NS - isPivot function Ended
2024-05-24 06:16:35,288 -INFO - ADANIENT.NS -  detect_structure function started
2024-05-24 06:16:35,289 -INFO - ^NSEI -  two_line_structure function started
2024-05-24 06:16:35,289 -INFO - ADANIENT.NS -  two_line_structure function started
2024-05-24 06:16:35,293 -INFO - NIFTY_FIN_SERVICE.NS -  detect_structure function started
2024-05-24 06:16:35,294 -INFO - NIFTY_FIN_SERVICE.NS -  two_line_structure function started
2024-05-24 06:16:35,358 -INFO - BAJAJ-AUTO.NS -  detect_structure function started
2024-05-24 06:16:35,361 -INFO - BAJAJ-AUTO.NS -  two_line_structure function started
2024-05-24 06:18:13,352 -INFO - NIFTY_FIN_SERVICE.NS -  two_line_structure function Ended
2024-05-24 06:18:26,339 -INFO - NIFTY_FIN_SERVICE.NS -  detect_structure function Ended
2024-05-24 06:18:26,357 -INFO - NIFTY_FIN_SERVICE.NS - add_ph_pl_values function started
2024-05-24 06:18:26,375 -INFO - NIFTY_FIN_SERVICE.NS - add_ph_pl_values function Ended
2024-05-24 06:18:30,844 -INFO - All stocks - Excel file Saved
2024-05-24 06:18:30,885 -INFO - All stocks - json file saved
2024-05-24 06:18:30,885 -INFO - NIFTY_FIN_SERVICE.NS - alerts file Saved
2024-05-24 06:18:30,886 -INFO - NIFTY_FIN_SERVICE.NS - Process function Ended
2024-05-24 06:18:33,746 -INFO - ^NSEBANK -  two_line_structure function Ended
2024-05-24 06:18:39,109 -INFO - ^NSEI -  two_line_structure function Ended
2024-05-24 06:18:48,186 -INFO - ADANIPORTS.NS -  two_line_structure function Ended
2024-05-24 06:19:02,711 -INFO - ^NSEBANK -  detect_structure function Ended
2024-05-24 06:19:02,713 -INFO - ^NSEBANK - add_ph_pl_values function started
2024-05-24 06:19:02,717 -INFO - ^NSEBANK - add_ph_pl_values function Ended
2024-05-24 06:19:07,764 -INFO - All stocks - Excel file Saved
2024-05-24 06:19:07,797 -INFO - All stocks - json file saved
2024-05-24 06:19:07,800 -INFO - ^NSEBANK - alerts file Saved
2024-05-24 06:19:07,800 -INFO - ^NSEBANK - Process function Ended
2024-05-24 06:19:08,585 -INFO - ^NSEI -  detect_structure function Ended
2024-05-24 06:19:08,608 -INFO - ^NSEI - add_ph_pl_values function started
2024-05-24 06:19:08,666 -INFO - ^NSEI - add_ph_pl_values function Ended
2024-05-24 06:19:12,136 -INFO - ADANIPORTS.NS -  detect_structure function Ended
2024-05-24 06:19:12,137 -INFO - ADANIPORTS.NS - add_ph_pl_values function started
2024-05-24 06:19:12,159 -INFO - ADANIPORTS.NS - add_ph_pl_values function Ended
2024-05-24 06:19:12,923 -INFO - All stocks - Excel file Saved
2024-05-24 06:19:12,946 -INFO - All stocks - json file saved
2024-05-24 06:19:12,946 -INFO - ^NSEI - alerts file Saved
2024-05-24 06:19:12,947 -INFO - ^NSEI - Process function Ended
2024-05-24 06:19:15,325 -INFO - All stocks - Excel file Saved
2024-05-24 06:19:15,352 -INFO - All stocks - json file saved
2024-05-24 06:19:15,354 -INFO - ADANIPORTS.NS - alerts file Saved
2024-05-24 06:19:15,357 -INFO - ADANIPORTS.NS - Process function Ended
2024-05-24 06:19:21,589 -INFO - ADANIENT.NS -  two_line_structure function Ended
2024-05-24 06:19:23,139 -INFO - BAJAJFINSV.NS -  two_line_structure function Ended
2024-05-24 06:19:23,362 -INFO - BAJFINANCE.NS -  two_line_structure function Ended
2024-05-24 06:19:24,870 -INFO - ASIANPAINT.NS -  two_line_structure function Ended
2024-05-24 06:19:28,382 -INFO - BAJAJ-AUTO.NS -  two_line_structure function Ended
2024-05-24 06:19:31,680 -INFO - BAJAJFINSV.NS -  detect_structure function Ended
2024-05-24 06:19:31,682 -INFO - BAJAJFINSV.NS - add_ph_pl_values function started
2024-05-24 06:19:31,695 -INFO - BAJAJFINSV.NS - add_ph_pl_values function Ended
2024-05-24 06:19:32,450 -INFO - ADANIENT.NS -  detect_structure function Ended
2024-05-24 06:19:32,458 -INFO - ADANIENT.NS - add_ph_pl_values function started
2024-05-24 06:19:32,470 -INFO - ADANIENT.NS - add_ph_pl_values function Ended
2024-05-24 06:19:34,549 -INFO - BAJFINANCE.NS -  detect_structure function Ended
2024-05-24 06:19:34,579 -INFO - BAJFINANCE.NS - add_ph_pl_values function started
2024-05-24 06:19:34,588 -INFO - BAJFINANCE.NS - add_ph_pl_values function Ended
2024-05-24 06:19:35,504 -INFO - All stocks - Excel file Saved
2024-05-24 06:19:35,512 -INFO - All stocks - json file saved
2024-05-24 06:19:35,512 -INFO - BAJAJFINSV.NS - alerts file Saved
2024-05-24 06:19:35,512 -INFO - BAJAJFINSV.NS - Process function Ended
2024-05-24 06:19:35,744 -INFO - All stocks - Excel file Saved
2024-05-24 06:19:35,749 -INFO - All stocks - json file saved
2024-05-24 06:19:35,749 -INFO - ADANIENT.NS - alerts file Saved
2024-05-24 06:19:35,749 -INFO - ADANIENT.NS - Process function Ended
2024-05-24 06:19:36,028 -INFO - ASIANPAINT.NS -  detect_structure function Ended
2024-05-24 06:19:36,031 -INFO - ASIANPAINT.NS - add_ph_pl_values function started
2024-05-24 06:19:36,037 -INFO - ASIANPAINT.NS - add_ph_pl_values function Ended
2024-05-24 06:19:37,551 -INFO - All stocks - Excel file Saved
2024-05-24 06:19:37,636 -INFO - All stocks - json file saved
2024-05-24 06:19:37,636 -INFO - BAJFINANCE.NS - alerts file Saved
2024-05-24 06:19:37,636 -INFO - BAJFINANCE.NS - Process function Ended
2024-05-24 06:19:38,154 -INFO - All stocks - Excel file Saved
2024-05-24 06:19:38,156 -INFO - All stocks - json file saved
2024-05-24 06:19:38,156 -INFO - ASIANPAINT.NS - alerts file Saved
2024-05-24 06:19:38,156 -INFO - ASIANPAINT.NS - Process function Ended
2024-05-24 06:19:38,293 -INFO - BAJAJ-AUTO.NS -  detect_structure function Ended
2024-05-24 06:19:38,293 -INFO - BAJAJ-AUTO.NS - add_ph_pl_values function started
2024-05-24 06:19:38,296 -INFO - BAJAJ-AUTO.NS - add_ph_pl_values function Ended
2024-05-24 06:19:39,420 -INFO - All stocks - Excel file Saved
2024-05-24 06:19:39,420 -INFO - All stocks - json file saved
2024-05-24 06:19:39,420 -INFO - BAJAJ-AUTO.NS - alerts file Saved
2024-05-24 06:19:39,420 -INFO - BAJAJ-AUTO.NS - Process function Ended
2024-05-24 06:19:39,809 -INFO - All stocks - Excel file Saved
2024-05-24 06:19:39,809 -INFO - All stocks - json file saved
2024-05-24 06:19:40,208 -INFO - All stocks - Excel file Saved
2024-05-24 06:19:40,208 -INFO - All stocks - json file saved
2024-05-24 06:19:40,208 -INFO - 0 - 10 - Stock threading ended ....
2024-05-24 06:19:40,209 -INFO - 0 - time Completed 
2024-05-24 06:19:40,209 -INFO - BAJFINANCE.NS - this stock already completed
2024-05-24 06:19:40,566 -INFO - All stocks - Excel file Saved
2024-05-24 06:19:40,566 -INFO - All stocks - json file saved
2024-05-24 06:19:40,946 -INFO - All stocks - Excel file Saved
2024-05-24 06:19:40,946 -INFO - All stocks - json file saved
2024-05-24 06:19:40,946 -INFO - 9 - 10 - Stock threading ended ....
2024-05-24 06:19:40,946 -INFO - 1 - time Completed 
2024-05-24 06:19:40,946 -INFO - All sttock completed...
2024-05-24 06:19:40,946 -INFO - Two itr Completed...Exit...
2024-05-24 06:19:40,946 -INFO - Reset to default value..
2024-05-24 06:19:42,171 -INFO - Message sent successfully! - 
2024-05-24 06:19:42,578 -INFO - All stocks - Excel file Saved
2024-05-24 06:19:42,579 -INFO - All stocks - json file saved
