2024-05-22 02:59:32,317 -INFO - Started...
2024-05-22 02:59:50,272 -INFO - ^NSEI - this stock already completed
2024-05-22 02:59:50,272 -INFO - ^NSEBANK - this stock already completed
2024-05-22 02:59:50,272 -INFO - ADANIPORTS.NS - this stock already completed
2024-05-22 02:59:50,273 -INFO - NIFTY_FIN_SERVICE.NS - this stock already completed
2024-05-22 02:59:50,273 -INFO - ADANIENT.NS - this stock already completed
2024-05-22 03:01:00,498 -INFO - All stocks - Excel file Saved
2024-05-22 03:01:00,500 -INFO - All stocks - json file saved
2024-05-22 03:02:10,875 -INFO - All stocks - Excel file Saved
2024-05-22 03:02:10,877 -INFO - All stocks - json file saved
2024-05-22 03:02:10,877 -INFO - 0 - 5 - Stock threading ended ....
2024-05-22 03:02:10,877 -INFO - 0 - time Completed 
2024-05-22 03:02:10,878 -INFO - ADANIPORTS.NS - this stock already completed
2024-05-22 03:03:14,492 -INFO - All stocks - Excel file Saved
2024-05-22 03:03:14,494 -INFO - All stocks - json file saved
2024-05-22 03:04:17,472 -INFO - All stocks - Excel file Saved
2024-05-22 03:04:17,474 -INFO - All stocks - json file saved
2024-05-22 03:04:17,474 -INFO - 4 - 5 - Stock threading ended ....
2024-05-22 03:04:17,474 -INFO - 1 - time Completed 
2024-05-22 03:04:17,474 -INFO - All sttock completed...
2024-05-22 03:04:17,474 -INFO - Two itr Completed...Exit...
2024-05-22 03:05:20,697 -INFO - All stocks - Excel file Saved
2024-05-22 03:05:20,698 -INFO - All stocks - json file saved
