2024-05-29 16:35:38,404 -INFO - Started...
2024-05-29 16:35:39,123 -INFO - Started...
2024-05-29 16:35:39,523 -INFO - CANFINHOME.NS - this stock already completed
2024-05-29 16:35:39,524 -INFO - GUJGASLTD.NS - this stock already completed
2024-05-29 16:35:39,524 -INFO - PAGEIND.NS - this stock already completed
2024-05-29 16:35:39,524 -INFO - RBLBANK.NS - this stock already completed
2024-05-29 16:35:39,524 -INFO - PFC.NS - this stock already completed
2024-05-29 16:35:39,524 -INFO - IDFC.NS - this stock already completed
2024-05-29 16:35:39,524 -INFO - PVRINOX.NS - this stock already completed
2024-05-29 16:35:39,524 -INFO - TCS.NS - this stock already completed
2024-05-29 16:35:39,524 -INFO - AUBANK.NS - this stock already completed
2024-05-29 16:35:39,524 -INFO - LALPATHLAB.NS - this stock already completed
2024-05-29 16:35:39,524 -INFO - SUNTV.NS - this stock already completed
2024-05-29 16:35:39,524 -INFO - IGL.NS - this stock already completed
2024-05-29 16:35:39,524 -INFO - GODREJPROP.NS - this stock already completed
2024-05-29 16:35:39,524 -INFO - CROMPTON.NS - this stock already completed
2024-05-29 16:35:39,524 -INFO - MARICO.NS - this stock already completed
2024-05-29 16:35:39,524 -INFO - BIOCON.NS - this stock already completed
2024-05-29 16:35:39,524 -INFO - EXIDEIND.NS - this stock already completed
2024-05-29 16:35:39,524 -INFO - APOLLOTYRE.NS - this stock already completed
2024-05-29 16:35:39,524 -INFO - GMRINFRA.NS - this stock already completed
2024-05-29 16:35:40,130 -INFO - All stocks - Excel file Saved
2024-05-29 16:35:40,130 -INFO - All stocks - json file saved
2024-05-29 16:35:40,728 -INFO - All stocks - Excel file Saved
2024-05-29 16:35:40,728 -INFO - All stocks - json file saved
