2024-05-24 06:16:20,118 -INFO - Started...
2024-05-24 06:16:20,120 -INFO - Failed to create TzCache, reason: Error creating TzCache folder: '/Users/runner/Library/Caches/py-yfinance' reason: [Errno 17] File exists: '/Users/runner/Library/Caches/py-yfinance'. TzCache will not be used. Tip: You can direct cache to use a different location with 'set_tz_cache_location(mylocation)'
2024-05-24 06:16:21,937 -INFO - ASIANPAINT.NS - Process function started
2024-05-24 06:16:21,939 -INFO - BAJAJFINSV.NS - Process function started
2024-05-24 06:16:21,942 -INFO - ^NSEI - Process function started
2024-05-24 06:16:21,944 -INFO - BAJAJFINSV.NS - isPivot function started
2024-05-24 06:16:21,944 -INFO - NIFTY_FIN_SERVICE.NS - Process function started
2024-05-24 06:16:21,944 -INFO - ADANIENT.NS - Process function started
2024-05-24 06:16:22,068 -INFO - BAJAJFINSV.NS - isPivot function Ended
2024-05-24 06:16:22,068 -INFO - APOLLOHOSP.NS - Process function started
2024-05-24 06:16:22,068 -INFO - ADANIPORTS.NS - Process function started
2024-05-24 06:16:22,072 -INFO - BAJFINANCE.NS - Process function started
2024-05-24 06:16:22,073 -INFO - ASIANPAINT.NS - isPivot function started
2024-05-24 06:16:22,073 -INFO - ^NSEBANK - Process function started
2024-05-24 06:16:22,073 -INFO - ^NSEI - isPivot function started
2024-05-24 06:16:22,073 -INFO - BAJAJ-AUTO.NS - Process function started
2024-05-24 06:16:22,073 -INFO - NIFTY_FIN_SERVICE.NS - isPivot function started
2024-05-24 06:16:22,073 -INFO - BAJAJFINSV.NS -  detect_structure function started
2024-05-24 06:16:22,075 -INFO - BAJAJFINSV.NS -  two_line_structure function started
2024-05-24 06:16:22,099 -INFO - ADANIENT.NS - isPivot function started
2024-05-24 06:16:22,116 -INFO - APOLLOHOSP.NS - isPivot function started
2024-05-24 06:16:22,130 -INFO - ADANIPORTS.NS - isPivot function started
2024-05-24 06:16:22,130 -INFO - BAJFINANCE.NS - isPivot function started
2024-05-24 06:16:22,130 -INFO - ^NSEBANK - isPivot function started
2024-05-24 06:16:22,191 -INFO - BAJAJ-AUTO.NS - isPivot function started
2024-05-24 06:16:22,245 -INFO - NIFTY_FIN_SERVICE.NS - isPivot function Ended
2024-05-24 06:16:22,352 -INFO - ADANIPORTS.NS - isPivot function Ended
2024-05-24 06:16:22,437 -INFO - ASIANPAINT.NS - isPivot function Ended
2024-05-24 06:16:22,776 -INFO - APOLLOHOSP.NS - isPivot function Ended
2024-05-24 06:16:22,866 -INFO - ADANIENT.NS - isPivot function Ended
2024-05-24 06:16:22,911 -INFO - ^NSEI - isPivot function Ended
2024-05-24 06:16:22,911 -INFO - NIFTY_FIN_SERVICE.NS -  detect_structure function started
2024-05-24 06:16:22,974 -INFO - NIFTY_FIN_SERVICE.NS -  two_line_structure function started
2024-05-24 06:16:23,013 -INFO - ADANIPORTS.NS -  detect_structure function started
2024-05-24 06:16:23,013 -INFO - ADANIPORTS.NS -  two_line_structure function started
2024-05-24 06:16:23,037 -INFO - BAJFINANCE.NS - isPivot function Ended
2024-05-24 06:16:23,062 -INFO - ASIANPAINT.NS -  detect_structure function started
2024-05-24 06:16:23,067 -INFO - APOLLOHOSP.NS -  detect_structure function started
2024-05-24 06:16:23,069 -INFO - ADANIENT.NS -  detect_structure function started
2024-05-24 06:16:23,069 -INFO - ADANIENT.NS -  two_line_structure function started
2024-05-24 06:16:23,070 -INFO - ASIANPAINT.NS -  two_line_structure function started
2024-05-24 06:16:23,096 -INFO - ^NSEBANK - isPivot function Ended
2024-05-24 06:16:23,112 -INFO - APOLLOHOSP.NS -  two_line_structure function started
2024-05-24 06:16:23,127 -INFO - ^NSEI -  detect_structure function started
2024-05-24 06:16:23,146 -INFO - ^NSEI -  two_line_structure function started
2024-05-24 06:16:23,217 -INFO - BAJFINANCE.NS -  detect_structure function started
2024-05-24 06:16:23,218 -INFO - BAJFINANCE.NS -  two_line_structure function started
2024-05-24 06:16:23,317 -INFO - BAJAJ-AUTO.NS - isPivot function Ended
2024-05-24 06:16:23,334 -INFO - ^NSEBANK -  detect_structure function started
2024-05-24 06:16:23,351 -INFO - ^NSEBANK -  two_line_structure function started
2024-05-24 06:16:23,355 -INFO - BAJAJ-AUTO.NS -  detect_structure function started
2024-05-24 06:16:23,365 -INFO - BAJAJ-AUTO.NS -  two_line_structure function started
2024-05-24 06:16:39,135 -INFO - NIFTY_FIN_SERVICE.NS -  two_line_structure function Ended
2024-05-24 06:16:41,254 -INFO - NIFTY_FIN_SERVICE.NS -  detect_structure function Ended
2024-05-24 06:16:41,254 -INFO - NIFTY_FIN_SERVICE.NS - add_ph_pl_values function started
2024-05-24 06:16:41,257 -INFO - NIFTY_FIN_SERVICE.NS - add_ph_pl_values function Ended
2024-05-24 06:16:43,021 -INFO - ^NSEBANK -  two_line_structure function Ended
2024-05-24 06:16:43,188 -INFO - ^NSEI -  two_line_structure function Ended
2024-05-24 06:16:43,758 -INFO - All stocks - Excel file Saved
2024-05-24 06:16:43,794 -INFO - All stocks - json file saved
2024-05-24 06:16:43,798 -INFO - NIFTY_FIN_SERVICE.NS - alerts file Saved
2024-05-24 06:16:43,798 -INFO - NIFTY_FIN_SERVICE.NS - Process function Ended
2024-05-24 06:16:45,333 -INFO - ADANIPORTS.NS -  two_line_structure function Ended
2024-05-24 06:16:46,755 -INFO - ^NSEBANK -  detect_structure function Ended
2024-05-24 06:16:46,767 -INFO - ^NSEBANK - add_ph_pl_values function started
2024-05-24 06:16:46,784 -INFO - ^NSEBANK - add_ph_pl_values function Ended
2024-05-24 06:16:48,290 -INFO - ^NSEI -  detect_structure function Ended
2024-05-24 06:16:48,311 -INFO - ^NSEI - add_ph_pl_values function started
2024-05-24 06:16:48,329 -INFO - ^NSEI - add_ph_pl_values function Ended
2024-05-24 06:16:48,899 -INFO - All stocks - Excel file Saved
2024-05-24 06:16:48,914 -INFO - All stocks - json file saved
2024-05-24 06:16:48,914 -INFO - ^NSEBANK - alerts file Saved
2024-05-24 06:16:48,919 -INFO - ^NSEBANK - Process function Ended
2024-05-24 06:16:49,300 -INFO - BAJAJFINSV.NS -  two_line_structure function Ended
2024-05-24 06:16:49,704 -INFO - BAJAJ-AUTO.NS -  two_line_structure function Ended
2024-05-24 06:16:49,749 -INFO - BAJFINANCE.NS -  two_line_structure function Ended
2024-05-24 06:16:49,897 -INFO - ADANIPORTS.NS -  detect_structure function Ended
2024-05-24 06:16:49,898 -INFO - ADANIPORTS.NS - add_ph_pl_values function started
2024-05-24 06:16:49,911 -INFO - ADANIPORTS.NS - add_ph_pl_values function Ended
2024-05-24 06:16:49,999 -INFO - ADANIENT.NS -  two_line_structure function Ended
2024-05-24 06:16:50,248 -INFO - All stocks - Excel file Saved
2024-05-24 06:16:50,265 -INFO - All stocks - json file saved
2024-05-24 06:16:50,265 -INFO - ^NSEI - alerts file Saved
2024-05-24 06:16:50,265 -INFO - ^NSEI - Process function Ended
2024-05-24 06:16:50,645 -INFO - ASIANPAINT.NS -  two_line_structure function Ended
2024-05-24 06:16:50,727 -INFO - APOLLOHOSP.NS -  two_line_structure function Ended
2024-05-24 06:16:51,104 -INFO - All stocks - Excel file Saved
2024-05-24 06:16:51,121 -INFO - All stocks - json file saved
2024-05-24 06:16:51,121 -INFO - ADANIPORTS.NS - alerts file Saved
2024-05-24 06:16:51,121 -INFO - ADANIPORTS.NS - Process function Ended
2024-05-24 06:16:51,713 -INFO - BAJAJFINSV.NS -  detect_structure function Ended
2024-05-24 06:16:51,718 -INFO - BAJAJFINSV.NS - add_ph_pl_values function started
2024-05-24 06:16:51,723 -INFO - BAJAJFINSV.NS - add_ph_pl_values function Ended
2024-05-24 06:16:52,104 -INFO - BAJFINANCE.NS -  detect_structure function Ended
2024-05-24 06:16:52,117 -INFO - BAJFINANCE.NS - add_ph_pl_values function started
2024-05-24 06:16:52,123 -INFO - BAJFINANCE.NS - add_ph_pl_values function Ended
2024-05-24 06:16:52,382 -INFO - BAJAJ-AUTO.NS -  detect_structure function Ended
2024-05-24 06:16:52,384 -INFO - BAJAJ-AUTO.NS - add_ph_pl_values function started
2024-05-24 06:16:52,394 -INFO - BAJAJ-AUTO.NS - add_ph_pl_values function Ended
2024-05-24 06:16:52,672 -INFO - ADANIENT.NS -  detect_structure function Ended
2024-05-24 06:16:52,673 -INFO - ADANIENT.NS - add_ph_pl_values function started
2024-05-24 06:16:52,676 -INFO - ADANIENT.NS - add_ph_pl_values function Ended
2024-05-24 06:16:52,832 -INFO - All stocks - Excel file Saved
2024-05-24 06:16:52,845 -INFO - All stocks - json file saved
2024-05-24 06:16:52,845 -INFO - BAJAJFINSV.NS - alerts file Saved
2024-05-24 06:16:52,845 -INFO - BAJAJFINSV.NS - Process function Ended
2024-05-24 06:16:52,931 -INFO - ASIANPAINT.NS -  detect_structure function Ended
2024-05-24 06:16:52,931 -INFO - ASIANPAINT.NS - add_ph_pl_values function started
2024-05-24 06:16:52,935 -INFO - ASIANPAINT.NS - add_ph_pl_values function Ended
2024-05-24 06:16:53,105 -INFO - All stocks - Excel file Saved
2024-05-24 06:16:53,105 -INFO - All stocks - json file saved
2024-05-24 06:16:53,105 -INFO - BAJFINANCE.NS - alerts file Saved
2024-05-24 06:16:53,105 -INFO - BAJFINANCE.NS - Process function Ended
2024-05-24 06:16:53,156 -INFO - All stocks - Excel file Saved
2024-05-24 06:16:53,159 -INFO - All stocks - json file saved
2024-05-24 06:16:53,159 -INFO - BAJAJ-AUTO.NS - alerts file Saved
2024-05-24 06:16:53,159 -INFO - BAJAJ-AUTO.NS - Process function Ended
2024-05-24 06:16:53,208 -INFO - APOLLOHOSP.NS -  detect_structure function Ended
2024-05-24 06:16:53,209 -INFO - APOLLOHOSP.NS - add_ph_pl_values function started
2024-05-24 06:16:53,218 -INFO - APOLLOHOSP.NS - add_ph_pl_values function Ended
2024-05-24 06:16:53,367 -INFO - All stocks - Excel file Saved
2024-05-24 06:16:53,368 -INFO - All stocks - json file saved
2024-05-24 06:16:53,368 -INFO - ADANIENT.NS - alerts file Saved
2024-05-24 06:16:53,368 -INFO - ADANIENT.NS - Process function Ended
2024-05-24 06:16:53,398 -INFO - All stocks - Excel file Saved
2024-05-24 06:16:53,398 -INFO - All stocks - json file saved
2024-05-24 06:16:53,398 -INFO - ASIANPAINT.NS - alerts file Saved
2024-05-24 06:16:53,398 -INFO - ASIANPAINT.NS - Process function Ended
2024-05-24 06:16:53,449 -INFO - All stocks - Excel file Saved
2024-05-24 06:16:53,449 -INFO - All stocks - json file saved
2024-05-24 06:16:53,449 -INFO - APOLLOHOSP.NS - alerts file Saved
2024-05-24 06:16:53,449 -INFO - APOLLOHOSP.NS - Process function Ended
2024-05-24 06:16:53,498 -INFO - All stocks - Excel file Saved
2024-05-24 06:16:53,498 -INFO - All stocks - json file saved
2024-05-24 06:16:53,549 -INFO - All stocks - Excel file Saved
2024-05-24 06:16:53,549 -INFO - All stocks - json file saved
2024-05-24 06:16:53,549 -INFO - 0 - 10 - Stock threading ended ....
2024-05-24 06:16:53,550 -INFO - 0 - time Completed 
2024-05-24 06:16:53,550 -INFO - BAJFINANCE.NS - this stock already completed
2024-05-24 06:16:53,602 -INFO - All stocks - Excel file Saved
2024-05-24 06:16:53,602 -INFO - All stocks - json file saved
2024-05-24 06:16:53,650 -INFO - All stocks - Excel file Saved
2024-05-24 06:16:53,651 -INFO - All stocks - json file saved
2024-05-24 06:16:53,651 -INFO - 9 - 10 - Stock threading ended ....
2024-05-24 06:16:53,651 -INFO - 1 - time Completed 
2024-05-24 06:16:53,651 -INFO - All sttock completed...
2024-05-24 06:16:53,651 -INFO - Two itr Completed...Exit...
2024-05-24 06:16:53,651 -INFO - Reset to default value..
2024-05-24 06:16:55,119 -INFO - Message sent successfully! - 
2024-05-24 06:16:55,224 -INFO - All stocks - Excel file Saved
2024-05-24 06:16:55,224 -INFO - All stocks - json file saved
