2024-06-30 21:34:12,936 -INFO - Started...
2024-06-30 21:34:13,834 -INFO - Started...
2024-06-30 21:34:18,126 -INFO - GNFC.NS - Process function started
2024-06-30 21:34:18,126 -INFO - GNFC.NS - Reading existing data...
2024-06-30 21:34:18,127 -INFO - PIIND.NS - Process function started
2024-06-30 21:34:18,127 -INFO - PIIND.NS - Reading existing data...
2024-06-30 21:34:18,127 -INFO - POLYCAB.NS - Process function started
2024-06-30 21:34:18,127 -INFO - POLYCAB.NS - Reading existing data...
2024-06-30 21:34:18,127 -INFO - ASTRAL.NS - Process function started
2024-06-30 21:34:18,127 -INFO - ASTRAL.NS - Reading existing data...
2024-06-30 21:34:18,128 -INFO - ITC.NS - Process function started
2024-06-30 21:34:18,128 -INFO - ITC.NS - Reading existing data...
2024-06-30 21:34:18,128 -INFO - ICICIPRULI.NS - Process function started
2024-06-30 21:34:18,128 -INFO - ICICIPRULI.NS - Reading existing data...
2024-06-30 21:34:18,128 -INFO - RBLBANK.NS - Process function started
2024-06-30 21:34:18,128 -INFO - RBLBANK.NS - Reading existing data...
2024-06-30 21:34:18,128 -INFO - LTIM.NS - Process function started
2024-06-30 21:34:18,128 -INFO - LTIM.NS - Reading existing data...
2024-06-30 21:34:18,129 -INFO - INDUSINDBK.NS - Process function started
2024-06-30 21:34:18,129 -INFO - INDUSINDBK.NS - Reading existing data...
2024-06-30 21:34:18,129 -INFO - AUBANK.NS - Process function started
2024-06-30 21:34:18,129 -INFO - AUBANK.NS - Reading existing data...
2024-06-30 21:34:18,129 -INFO - BANDHANBNK.NS - Process function started
2024-06-30 21:34:18,129 -INFO - BANDHANBNK.NS - Reading existing data...
2024-06-30 21:34:18,129 -INFO - TITAN.NS - Process function started
2024-06-30 21:34:18,129 -INFO - TITAN.NS - Reading existing data...
2024-06-30 21:34:18,130 -INFO - NESTLEIND.NS - Process function started
2024-06-30 21:34:18,130 -INFO - NESTLEIND.NS - Reading existing data...
2024-06-30 21:34:18,158 -INFO - GNFC.NS - add_ph_pl_values function started
2024-06-30 21:34:18,172 -INFO - ICICIPRULI.NS - add_ph_pl_values function started
2024-06-30 21:34:18,173 -INFO - GNFC.NS - add_ph_pl_values function Ended
2024-06-30 21:34:18,231 -INFO - ICICIPRULI.NS - add_ph_pl_values function Ended
2024-06-30 21:34:18,232 -INFO - ITC.NS - add_ph_pl_values function started
2024-06-30 21:34:18,232 -INFO - PIIND.NS - add_ph_pl_values function started
2024-06-30 21:34:18,261 -INFO - ITC.NS - add_ph_pl_values function Ended
2024-06-30 21:34:18,304 -INFO - PIIND.NS - add_ph_pl_values function Ended
2024-06-30 21:34:18,332 -INFO - BANDHANBNK.NS - add_ph_pl_values function started
2024-06-30 21:34:18,357 -INFO - INDUSINDBK.NS - add_ph_pl_values function started
2024-06-30 21:34:18,358 -INFO - AUBANK.NS - add_ph_pl_values function started
2024-06-30 21:34:18,384 -INFO - NESTLEIND.NS - add_ph_pl_values function started
2024-06-30 21:34:18,440 -INFO - POLYCAB.NS - add_ph_pl_values function started
2024-06-30 21:34:18,441 -INFO - LTIM.NS - add_ph_pl_values function started
2024-06-30 21:34:18,443 -INFO - ASTRAL.NS - add_ph_pl_values function started
2024-06-30 21:34:18,445 -INFO - BANDHANBNK.NS - add_ph_pl_values function Ended
2024-06-30 21:34:18,450 -INFO - TITAN.NS - add_ph_pl_values function started
2024-06-30 21:34:18,452 -INFO - RBLBANK.NS - add_ph_pl_values function started
2024-06-30 21:34:18,746 -INFO - INDUSINDBK.NS - add_ph_pl_values function Ended
2024-06-30 21:34:20,845 -INFO - AUBANK.NS - add_ph_pl_values function Ended
2024-06-30 21:34:25,514 -INFO - NESTLEIND.NS - add_ph_pl_values function Ended
2024-06-30 21:34:26,891 -INFO - POLYCAB.NS - add_ph_pl_values function Ended
2024-06-30 21:34:28,559 -INFO - LTIM.NS - add_ph_pl_values function Ended
2024-06-30 21:34:30,224 -INFO - ASTRAL.NS - add_ph_pl_values function Ended
2024-06-30 21:34:32,498 -INFO - TITAN.NS - add_ph_pl_values function Ended
2024-06-30 21:34:33,667 -INFO - RBLBANK.NS - add_ph_pl_values function Ended
2024-06-30 21:35:05,419 -INFO - All stocks - Excel file Saved
2024-06-30 21:35:06,462 -INFO - All stocks - json file saved
2024-06-30 21:35:06,462 -INFO - GNFC.NS - alerts file Saved
2024-06-30 21:35:06,462 -INFO - GNFC.NS - Process function Ended
2024-06-30 21:35:09,503 -INFO - All stocks - Excel file Saved
2024-06-30 21:35:09,503 -INFO - All stocks - json file saved
2024-06-30 21:35:09,503 -INFO - ITC.NS - alerts file Saved
2024-06-30 21:35:09,503 -INFO - ITC.NS - Process function Ended
2024-06-30 21:35:09,735 -INFO - All stocks - Excel file Saved
2024-06-30 21:35:09,864 -INFO - All stocks - Excel file Saved
2024-06-30 21:35:09,864 -INFO - All stocks - json file saved
2024-06-30 21:35:09,864 -INFO - INDUSINDBK.NS - alerts file Saved
2024-06-30 21:35:09,865 -INFO - INDUSINDBK.NS - Process function Ended
2024-06-30 21:35:09,875 -INFO - All stocks - json file saved
2024-06-30 21:35:09,875 -INFO - BANDHANBNK.NS - alerts file Saved
2024-06-30 21:35:09,875 -INFO - BANDHANBNK.NS - Process function Ended
2024-06-30 21:35:10,404 -INFO - All stocks - Excel file Saved
2024-06-30 21:35:10,406 -INFO - All stocks - json file saved
2024-06-30 21:35:10,406 -INFO - ICICIPRULI.NS - alerts file Saved
2024-06-30 21:35:10,406 -INFO - ICICIPRULI.NS - Process function Ended
2024-06-30 21:35:10,429 -INFO - All stocks - Excel file Saved
2024-06-30 21:35:10,431 -INFO - All stocks - json file saved
2024-06-30 21:35:10,431 -INFO - AUBANK.NS - alerts file Saved
2024-06-30 21:35:10,431 -INFO - AUBANK.NS - Process function Ended
2024-06-30 21:35:10,970 -INFO - All stocks - Excel file Saved
2024-06-30 21:35:10,971 -INFO - All stocks - json file saved
2024-06-30 21:35:10,971 -INFO - PIIND.NS - alerts file Saved
2024-06-30 21:35:10,971 -INFO - PIIND.NS - Process function Ended
2024-06-30 21:35:11,144 -INFO - All stocks - Excel file Saved
2024-06-30 21:35:11,144 -INFO - All stocks - json file saved
2024-06-30 21:35:11,144 -INFO - NESTLEIND.NS - alerts file Saved
2024-06-30 21:35:11,144 -INFO - NESTLEIND.NS - Process function Ended
2024-06-30 21:35:11,182 -INFO - All stocks - Excel file Saved
2024-06-30 21:35:11,183 -INFO - All stocks - json file saved
2024-06-30 21:35:11,183 -INFO - POLYCAB.NS - alerts file Saved
2024-06-30 21:35:11,183 -INFO - POLYCAB.NS - Process function Ended
2024-06-30 21:35:11,185 -INFO - All stocks - Excel file Saved
2024-06-30 21:35:11,185 -INFO - All stocks - json file saved
2024-06-30 21:35:11,185 -INFO - ASTRAL.NS - alerts file Saved
2024-06-30 21:35:11,185 -INFO - ASTRAL.NS - Process function Ended
2024-06-30 21:35:11,358 -INFO - All stocks - Excel file Saved
2024-06-30 21:35:11,359 -INFO - All stocks - json file saved
2024-06-30 21:35:11,359 -INFO - LTIM.NS - alerts file Saved
2024-06-30 21:35:11,359 -INFO - LTIM.NS - Process function Ended
2024-06-30 21:35:11,523 -INFO - All stocks - Excel file Saved
2024-06-30 21:35:11,523 -INFO - All stocks - json file saved
2024-06-30 21:35:11,523 -INFO - RBLBANK.NS - alerts file Saved
2024-06-30 21:35:11,523 -INFO - RBLBANK.NS - Process function Ended
2024-06-30 21:35:11,708 -INFO - All stocks - Excel file Saved
2024-06-30 21:35:11,708 -INFO - All stocks - json file saved
2024-06-30 21:35:11,708 -INFO - TITAN.NS - alerts file Saved
2024-06-30 21:35:11,708 -INFO - TITAN.NS - Process function Ended
2024-06-30 21:35:16,483 -INFO - All stocks - Excel file Saved
2024-06-30 21:35:16,483 -INFO - All stocks - json file saved
2024-06-30 21:35:20,764 -INFO - All stocks - Excel file Saved
2024-06-30 21:35:20,764 -INFO - All stocks - json file saved
