2024-05-27 02:27:48,132 -INFO - Started...
2024-05-27 02:27:48,187 -INFO - Itr - 0 - thread_limit - 25  - total_rows - 149
2024-05-27 02:27:48,188 -INFO - Failed to create TzCache, reason: Error creating TzCache folder: '/Users/runner/Library/Caches/py-yfinance' reason: [Errno 17] File exists: '/Users/runner/Library/Caches/py-yfinance'. TzCache will not be used. Tip: You can direct cache to use a different location with 'set_tz_cache_location(mylocation)'
2024-05-27 02:27:49,741 -INFO - CIPLA.NS - Process function started
2024-05-27 02:27:49,742 -INFO - NIFTY_FIN_SERVICE.NS - Process function started
2024-05-27 02:27:49,742 -INFO - CIPLA.NS - Reading existing data...
2024-05-27 02:27:49,742 -INFO - BHARTIARTL.NS - Process function started
2024-05-27 02:27:49,742 -INFO - NIFTY_FIN_SERVICE.NS - Reading existing data...
2024-05-27 02:27:49,742 -INFO - BHARTIARTL.NS - Reading existing data...
2024-05-27 02:27:49,742 -INFO - BAJAJ-AUTO.NS - Process function started
2024-05-27 02:27:49,743 -INFO - BAJAJ-AUTO.NS - Reading existing data...
2024-05-27 02:27:49,743 -INFO - ADANIPORTS.NS - Process function started
2024-05-27 02:27:49,743 -INFO - TITAN.NS - Process function started
2024-05-27 02:27:49,743 -INFO - ^NSEI - Process function started
2024-05-27 02:27:49,743 -INFO - ADANIPORTS.NS - Reading existing data...
2024-05-27 02:27:49,743 -INFO - HEROMOTOCO.NS - Process function started
2024-05-27 02:27:49,743 -INFO - TITAN.NS - Reading existing data...
2024-05-27 02:27:49,744 -INFO - ^NSEI - Reading existing data...
2024-05-27 02:27:49,744 -INFO - HEROMOTOCO.NS - Reading existing data...
2024-05-27 02:27:49,744 -INFO - DIVISLAB.NS - Process function started
2024-05-27 02:27:49,745 -INFO - BAJFINANCE.NS - Process function started
2024-05-27 02:27:49,745 -INFO - RELIANCE.NS - Process function started
2024-05-27 02:27:49,746 -INFO - BRITANNIA.NS - Process function started
2024-05-27 02:27:49,747 -INFO - ASIANPAINT.NS - Process function started
2024-05-27 02:27:49,748 -INFO - DIVISLAB.NS - Reading existing data...
2024-05-27 02:27:49,748 -INFO - ^NSEBANK - Process function started
2024-05-27 02:27:49,749 -INFO - BAJFINANCE.NS - Reading existing data...
2024-05-27 02:27:49,749 -INFO - WIPRO.NS - Process function started
2024-05-27 02:27:49,749 -INFO - RELIANCE.NS - Reading existing data...
2024-05-27 02:27:49,749 -INFO - BRITANNIA.NS - Reading existing data...
2024-05-27 02:27:49,750 -INFO - ASIANPAINT.NS - Reading existing data...
2024-05-27 02:27:49,750 -INFO - ULTRACEMCO.NS - Process function started
2024-05-27 02:27:49,750 -INFO - ^NSEBANK - Reading existing data...
2024-05-27 02:27:49,750 -INFO - WIPRO.NS - Reading existing data...
2024-05-27 02:27:49,752 -INFO - EICHERMOT.NS - Process function started
2024-05-27 02:27:49,752 -INFO - ULTRACEMCO.NS - Reading existing data...
2024-05-27 02:27:49,753 -INFO - ADANIENT.NS - Process function started
2024-05-27 02:27:49,754 -INFO - BPCL.NS - Process function started
2024-05-27 02:27:49,755 -INFO - DRREDDY.NS - Process function started
2024-05-27 02:27:49,756 -INFO - BAJAJFINSV.NS - Process function started
2024-05-27 02:27:49,756 -INFO - EICHERMOT.NS - Reading existing data...
2024-05-27 02:27:49,756 -INFO - COALINDIA.NS - Process function started
2024-05-27 02:27:49,756 -INFO - M&M.NS - Process function started
2024-05-27 02:27:49,757 -INFO - HINDALCO.NS - Process function started
2024-05-27 02:27:49,757 -INFO - ADANIENT.NS - Reading existing data...
2024-05-27 02:27:49,757 -INFO - APOLLOHOSP.NS - Process function started
2024-05-27 02:27:49,758 -INFO - BPCL.NS - Reading existing data...
2024-05-27 02:27:49,759 -INFO - DRREDDY.NS - Reading existing data...
2024-05-27 02:27:49,761 -INFO - BAJAJFINSV.NS - Reading existing data...
2024-05-27 02:27:49,762 -INFO - COALINDIA.NS - Reading existing data...
2024-05-27 02:27:49,762 -INFO - M&M.NS - Reading existing data...
2024-05-27 02:27:49,762 -INFO - HINDALCO.NS - Reading existing data...
2024-05-27 02:27:49,763 -INFO - APOLLOHOSP.NS - Reading existing data...
2024-05-27 02:27:49,774 -INFO - NIFTY_FIN_SERVICE.NS - add_ph_pl_values function started
2024-05-27 02:27:49,781 -INFO - NIFTY_FIN_SERVICE.NS - add_ph_pl_values function Ended
2024-05-27 02:27:49,791 -INFO - CIPLA.NS - add_ph_pl_values function started
2024-05-27 02:27:49,794 -INFO - CIPLA.NS - add_ph_pl_values function Ended
2024-05-27 02:27:49,830 -INFO - BAJAJ-AUTO.NS - add_ph_pl_values function started
2024-05-27 02:27:49,833 -INFO - BAJAJ-AUTO.NS - add_ph_pl_values function Ended
2024-05-27 02:27:49,876 -INFO - TITAN.NS - add_ph_pl_values function started
2024-05-27 02:27:49,884 -INFO - TITAN.NS - add_ph_pl_values function Ended
2024-05-27 02:27:49,886 -INFO - ADANIPORTS.NS - add_ph_pl_values function started
2024-05-27 02:27:49,897 -INFO - ADANIPORTS.NS - add_ph_pl_values function Ended
2024-05-27 02:27:49,940 -INFO - ^NSEI - add_ph_pl_values function started
2024-05-27 02:27:49,951 -INFO - BHARTIARTL.NS - add_ph_pl_values function started
2024-05-27 02:27:49,965 -INFO - ^NSEI - add_ph_pl_values function Ended
2024-05-27 02:27:49,972 -INFO - HEROMOTOCO.NS - add_ph_pl_values function started
2024-05-27 02:27:49,991 -INFO - DIVISLAB.NS - add_ph_pl_values function started
2024-05-27 02:27:49,992 -INFO - BHARTIARTL.NS - add_ph_pl_values function Ended
2024-05-27 02:27:50,002 -INFO - HEROMOTOCO.NS - add_ph_pl_values function Ended
2024-05-27 02:27:50,031 -INFO - BAJFINANCE.NS - add_ph_pl_values function started
2024-05-27 02:27:50,031 -INFO - DIVISLAB.NS - add_ph_pl_values function Ended
2024-05-27 02:27:50,081 -INFO - ASIANPAINT.NS - add_ph_pl_values function started
2024-05-27 02:27:50,097 -INFO - BAJFINANCE.NS - add_ph_pl_values function Ended
2024-05-27 02:27:50,098 -INFO - ASIANPAINT.NS - add_ph_pl_values function Ended
2024-05-27 02:27:50,129 -INFO - RELIANCE.NS - add_ph_pl_values function started
2024-05-27 02:27:50,172 -INFO - BRITANNIA.NS - add_ph_pl_values function started
2024-05-27 02:27:50,177 -INFO - ^NSEBANK - add_ph_pl_values function started
2024-05-27 02:27:50,205 -INFO - ULTRACEMCO.NS - add_ph_pl_values function started
2024-05-27 02:27:50,207 -INFO - RELIANCE.NS - add_ph_pl_values function Ended
2024-05-27 02:27:50,219 -INFO - WIPRO.NS - add_ph_pl_values function started
2024-05-27 02:27:50,265 -INFO - DRREDDY.NS - add_ph_pl_values function started
2024-05-27 02:27:50,265 -INFO - BRITANNIA.NS - add_ph_pl_values function Ended
2024-05-27 02:27:50,310 -INFO - ADANIENT.NS - add_ph_pl_values function started
2024-05-27 02:27:50,311 -INFO - BPCL.NS - add_ph_pl_values function started
2024-05-27 02:27:50,313 -INFO - ^NSEBANK - add_ph_pl_values function Ended
2024-05-27 02:27:50,320 -INFO - EICHERMOT.NS - add_ph_pl_values function started
2024-05-27 02:27:50,321 -INFO - BAJAJFINSV.NS - add_ph_pl_values function started
2024-05-27 02:27:50,321 -INFO - COALINDIA.NS - add_ph_pl_values function started
2024-05-27 02:27:50,332 -INFO - ULTRACEMCO.NS - add_ph_pl_values function Ended
2024-05-27 02:27:50,353 -INFO - WIPRO.NS - add_ph_pl_values function Ended
2024-05-27 02:27:50,357 -INFO - M&M.NS - add_ph_pl_values function started
2024-05-27 02:27:50,359 -INFO - APOLLOHOSP.NS - add_ph_pl_values function started
2024-05-27 02:27:50,371 -INFO - HINDALCO.NS - add_ph_pl_values function started
2024-05-27 02:27:50,397 -INFO - DRREDDY.NS - add_ph_pl_values function Ended
2024-05-27 02:27:50,426 -INFO - ADANIENT.NS - add_ph_pl_values function Ended
2024-05-27 02:27:50,436 -INFO - BPCL.NS - add_ph_pl_values function Ended
2024-05-27 02:27:50,446 -INFO - EICHERMOT.NS - add_ph_pl_values function Ended
2024-05-27 02:27:50,462 -INFO - BAJAJFINSV.NS - add_ph_pl_values function Ended
2024-05-27 02:27:50,476 -INFO - COALINDIA.NS - add_ph_pl_values function Ended
2024-05-27 02:27:50,502 -INFO - M&M.NS - add_ph_pl_values function Ended
2024-05-27 02:27:50,523 -INFO - APOLLOHOSP.NS - add_ph_pl_values function Ended
2024-05-27 02:27:50,569 -INFO - HINDALCO.NS - add_ph_pl_values function Ended
2024-05-27 02:27:51,026 -INFO - All stocks - Excel file Saved
2024-05-27 02:27:51,026 -INFO - All stocks - Excel file Saved
2024-05-27 02:27:51,027 -INFO - All stocks - json file saved
2024-05-27 02:27:51,027 -INFO - ADANIPORTS.NS - alerts file Saved
2024-05-27 02:27:51,027 -INFO - ADANIPORTS.NS - Process function Ended
2024-05-27 02:27:51,029 -INFO - All stocks - json file saved
2024-05-27 02:27:51,029 -INFO - BAJAJ-AUTO.NS - alerts file Saved
2024-05-27 02:27:51,029 -INFO - BAJAJ-AUTO.NS - Process function Ended
2024-05-27 02:27:51,093 -INFO - All stocks - Excel file Saved
2024-05-27 02:27:51,142 -INFO - All stocks - json file saved
2024-05-27 02:27:51,142 -INFO - CIPLA.NS - alerts file Saved
2024-05-27 02:27:51,142 -INFO - CIPLA.NS - Process function Ended
2024-05-27 02:27:51,406 -INFO - All stocks - Excel file Saved
2024-05-27 02:27:51,427 -INFO - All stocks - json file saved
2024-05-27 02:27:51,427 -INFO - TITAN.NS - alerts file Saved
2024-05-27 02:27:51,427 -INFO - TITAN.NS - Process function Ended
2024-05-27 02:27:51,475 -INFO - All stocks - Excel file Saved
2024-05-27 02:27:51,478 -INFO - All stocks - json file saved
2024-05-27 02:27:51,478 -INFO - NIFTY_FIN_SERVICE.NS - alerts file Saved
2024-05-27 02:27:51,478 -INFO - NIFTY_FIN_SERVICE.NS - Process function Ended
2024-05-27 02:27:51,710 -INFO - All stocks - Excel file Saved
2024-05-27 02:27:51,749 -INFO - All stocks - json file saved
2024-05-27 02:27:51,749 -INFO - BAJFINANCE.NS - alerts file Saved
2024-05-27 02:27:51,749 -INFO - BAJFINANCE.NS - Process function Ended
2024-05-27 02:27:51,838 -INFO - All stocks - Excel file Saved
2024-05-27 02:27:51,841 -INFO - All stocks - json file saved
2024-05-27 02:27:51,841 -INFO - BRITANNIA.NS - alerts file Saved
2024-05-27 02:27:51,841 -INFO - BRITANNIA.NS - Process function Ended
2024-05-27 02:27:51,885 -INFO - All stocks - Excel file Saved
2024-05-27 02:27:51,899 -INFO - All stocks - Excel file Saved
2024-05-27 02:27:51,902 -INFO - All stocks - json file saved
2024-05-27 02:27:51,902 -INFO - ULTRACEMCO.NS - alerts file Saved
2024-05-27 02:27:51,902 -INFO - ULTRACEMCO.NS - Process function Ended
2024-05-27 02:27:51,927 -INFO - All stocks - json file saved
2024-05-27 02:27:51,927 -INFO - M&M.NS - alerts file Saved
2024-05-27 02:27:51,928 -INFO - M&M.NS - Process function Ended
2024-05-27 02:27:51,930 -INFO - All stocks - Excel file Saved
2024-05-27 02:27:51,932 -INFO - All stocks - Excel file Saved
2024-05-27 02:27:51,944 -INFO - All stocks - json file saved
2024-05-27 02:27:51,944 -INFO - DIVISLAB.NS - alerts file Saved
2024-05-27 02:27:51,944 -INFO - DIVISLAB.NS - Process function Ended
2024-05-27 02:27:51,944 -INFO - All stocks - Excel file Saved
2024-05-27 02:27:51,947 -INFO - All stocks - json file saved
2024-05-27 02:27:51,947 -INFO - RELIANCE.NS - alerts file Saved
2024-05-27 02:27:51,947 -INFO - RELIANCE.NS - Process function Ended
2024-05-27 02:27:51,948 -INFO - All stocks - json file saved
2024-05-27 02:27:51,948 -INFO - HEROMOTOCO.NS - alerts file Saved
2024-05-27 02:27:51,948 -INFO - HEROMOTOCO.NS - Process function Ended
2024-05-27 02:27:51,950 -INFO - All stocks - Excel file Saved
2024-05-27 02:27:52,029 -INFO - All stocks - json file saved
2024-05-27 02:27:52,029 -INFO - ^NSEI - alerts file Saved
2024-05-27 02:27:52,029 -INFO - ^NSEI - Process function Ended
2024-05-27 02:27:52,042 -INFO - All stocks - Excel file Saved
2024-05-27 02:27:52,043 -INFO - All stocks - Excel file Saved
2024-05-27 02:27:52,043 -INFO - All stocks - Excel file Saved
2024-05-27 02:27:52,045 -INFO - All stocks - json file saved
2024-05-27 02:27:52,045 -INFO - ADANIENT.NS - alerts file Saved
2024-05-27 02:27:52,045 -INFO - ADANIENT.NS - Process function Ended
2024-05-27 02:27:52,058 -INFO - All stocks - json file saved
2024-05-27 02:27:52,058 -INFO - ^NSEBANK - alerts file Saved
2024-05-27 02:27:52,058 -INFO - ^NSEBANK - Process function Ended
2024-05-27 02:27:52,070 -INFO - All stocks - json file saved
2024-05-27 02:27:52,070 -INFO - APOLLOHOSP.NS - alerts file Saved
2024-05-27 02:27:52,071 -INFO - APOLLOHOSP.NS - Process function Ended
2024-05-27 02:27:52,089 -INFO - All stocks - Excel file Saved
2024-05-27 02:27:52,089 -INFO - All stocks - Excel file Saved
2024-05-27 02:27:52,100 -INFO - All stocks - Excel file Saved
2024-05-27 02:27:52,100 -INFO - All stocks - Excel file Saved
2024-05-27 02:27:52,100 -INFO - All stocks - json file saved
2024-05-27 02:27:52,100 -INFO - BAJAJFINSV.NS - alerts file Saved
2024-05-27 02:27:52,100 -INFO - BAJAJFINSV.NS - Process function Ended
2024-05-27 02:27:52,101 -INFO - All stocks - json file saved
2024-05-27 02:27:52,101 -INFO - BHARTIARTL.NS - alerts file Saved
2024-05-27 02:27:52,101 -INFO - BHARTIARTL.NS - Process function Ended
2024-05-27 02:27:52,112 -INFO - All stocks - json file saved
2024-05-27 02:27:52,112 -INFO - BPCL.NS - alerts file Saved
2024-05-27 02:27:52,112 -INFO - BPCL.NS - Process function Ended
2024-05-27 02:27:52,123 -INFO - All stocks - json file saved
2024-05-27 02:27:52,123 -INFO - ASIANPAINT.NS - alerts file Saved
2024-05-27 02:27:52,123 -INFO - ASIANPAINT.NS - Process function Ended
2024-05-27 02:27:52,147 -INFO - All stocks - Excel file Saved
2024-05-27 02:27:52,156 -INFO - All stocks - json file saved
2024-05-27 02:27:52,157 -INFO - COALINDIA.NS - alerts file Saved
2024-05-27 02:27:52,157 -INFO - COALINDIA.NS - Process function Ended
2024-05-27 02:27:52,159 -INFO - All stocks - Excel file Saved
2024-05-27 02:27:52,171 -INFO - All stocks - json file saved
2024-05-27 02:27:52,171 -INFO - WIPRO.NS - alerts file Saved
2024-05-27 02:27:52,171 -INFO - WIPRO.NS - Process function Ended
2024-05-27 02:27:52,171 -INFO - All stocks - Excel file Saved
2024-05-27 02:27:52,171 -INFO - All stocks - json file saved
2024-05-27 02:27:52,172 -INFO - DRREDDY.NS - alerts file Saved
2024-05-27 02:27:52,172 -INFO - DRREDDY.NS - Process function Ended
2024-05-27 02:27:52,173 -INFO - All stocks - Excel file Saved
2024-05-27 02:27:52,174 -INFO - All stocks - json file saved
2024-05-27 02:27:52,174 -INFO - EICHERMOT.NS - alerts file Saved
2024-05-27 02:27:52,174 -INFO - EICHERMOT.NS - Process function Ended
2024-05-27 02:27:52,175 -INFO - All stocks - Excel file Saved
2024-05-27 02:27:52,175 -INFO - All stocks - json file saved
2024-05-27 02:27:52,175 -INFO - HINDALCO.NS - alerts file Saved
2024-05-27 02:27:52,175 -INFO - HINDALCO.NS - Process function Ended
2024-05-27 02:27:52,237 -INFO - All stocks - Excel file Saved
2024-05-27 02:27:52,237 -INFO - All stocks - json file saved
2024-05-27 02:27:52,329 -INFO - All stocks - Excel file Saved
2024-05-27 02:27:52,330 -INFO - All stocks - json file saved
2024-05-27 02:27:52,330 -INFO - 0 - 25 - Stock threading ended ....
2024-05-27 02:27:53,757 -INFO - POWERGRID.NS - Process function started
2024-05-27 02:27:53,757 -INFO - KOTAKBANK.NS - Process function started
2024-05-27 02:27:53,757 -INFO - HDFCLIFE.NS - Process function started
2024-05-27 02:27:53,757 -INFO - POWERGRID.NS - Reading existing data...
2024-05-27 02:27:53,757 -INFO - JSWSTEEL.NS - Process function started
2024-05-27 02:27:53,758 -INFO - KOTAKBANK.NS - Reading existing data...
2024-05-27 02:27:53,758 -INFO - INFY.NS - Process function started
2024-05-27 02:27:53,758 -INFO - HDFCLIFE.NS - Reading existing data...
2024-05-27 02:27:53,758 -INFO - HCLTECH.NS - Process function started
2024-05-27 02:27:53,758 -INFO - ONGC.NS - Process function started
2024-05-27 02:27:53,758 -INFO - MARUTI.NS - Process function started
2024-05-27 02:27:53,758 -INFO - TCS.NS - Process function started
2024-05-27 02:27:53,758 -INFO - JSWSTEEL.NS - Reading existing data...
2024-05-27 02:27:53,759 -INFO - INFY.NS - Reading existing data...
2024-05-27 02:27:53,759 -INFO - NTPC.NS - Process function started
2024-05-27 02:27:53,759 -INFO - TATASTEEL.NS - Process function started
2024-05-27 02:27:53,759 -INFO - HCLTECH.NS - Reading existing data...
2024-05-27 02:27:53,759 -INFO - ONGC.NS - Reading existing data...
2024-05-27 02:27:53,759 -INFO - LT.NS - Process function started
2024-05-27 02:27:53,760 -INFO - MARUTI.NS - Reading existing data...
2024-05-27 02:27:53,760 -INFO - LTIM.NS - Process function started
2024-05-27 02:27:53,760 -INFO - TCS.NS - Reading existing data...
2024-05-27 02:27:53,760 -INFO - SUNPHARMA.NS - Process function started
2024-05-27 02:27:53,761 -INFO - NTPC.NS - Reading existing data...
2024-05-27 02:27:53,761 -INFO - AXISBANK.NS - Process function started
2024-05-27 02:27:53,761 -INFO - TATASTEEL.NS - Reading existing data...
2024-05-27 02:27:53,762 -INFO - TECHM.NS - Process function started
2024-05-27 02:27:53,763 -INFO - TATAMOTORS.NS - Process function started
2024-05-27 02:27:53,763 -INFO - LT.NS - Reading existing data...
2024-05-27 02:27:53,763 -INFO - TATACONSUM.NS - Process function started
2024-05-27 02:27:53,764 -INFO - SBILIFE.NS - Process function started
2024-05-27 02:27:53,764 -INFO - LTIM.NS - Reading existing data...
2024-05-27 02:27:53,764 -INFO - SUNPHARMA.NS - Reading existing data...
2024-05-27 02:27:53,764 -INFO - NESTLEIND.NS - Process function started
2024-05-27 02:27:53,765 -INFO - GRASIM.NS - Process function started
2024-05-27 02:27:53,765 -INFO - ITC.NS - Process function started
2024-05-27 02:27:53,765 -INFO - HDFCBANK.NS - Process function started
2024-05-27 02:27:53,766 -INFO - AXISBANK.NS - Reading existing data...
2024-05-27 02:27:53,767 -INFO - UPL.NS - Process function started
2024-05-27 02:27:53,767 -INFO - HINDUNILVR.NS - Process function started
2024-05-27 02:27:53,769 -INFO - TECHM.NS - Reading existing data...
2024-05-27 02:27:53,769 -INFO - TATAMOTORS.NS - Reading existing data...
2024-05-27 02:27:53,771 -INFO - TATACONSUM.NS - Reading existing data...
2024-05-27 02:27:53,774 -INFO - SBILIFE.NS - Reading existing data...
2024-05-27 02:27:53,781 -INFO - NESTLEIND.NS - Reading existing data...
2024-05-27 02:27:53,782 -INFO - GRASIM.NS - Reading existing data...
2024-05-27 02:27:53,783 -INFO - POWERGRID.NS - add_ph_pl_values function started
2024-05-27 02:27:53,783 -INFO - ITC.NS - Reading existing data...
2024-05-27 02:27:53,783 -INFO - HDFCBANK.NS - Reading existing data...
2024-05-27 02:27:53,788 -INFO - UPL.NS - Reading existing data...
2024-05-27 02:27:53,788 -INFO - HINDUNILVR.NS - Reading existing data...
2024-05-27 02:27:53,800 -INFO - POWERGRID.NS - add_ph_pl_values function Ended
2024-05-27 02:27:53,828 -INFO - KOTAKBANK.NS - add_ph_pl_values function started
2024-05-27 02:27:53,839 -INFO - KOTAKBANK.NS - add_ph_pl_values function Ended
2024-05-27 02:27:53,840 -INFO - HDFCLIFE.NS - add_ph_pl_values function started
2024-05-27 02:27:53,850 -INFO - HDFCLIFE.NS - add_ph_pl_values function Ended
2024-05-27 02:27:53,861 -INFO - JSWSTEEL.NS - add_ph_pl_values function started
2024-05-27 02:27:53,865 -INFO - JSWSTEEL.NS - add_ph_pl_values function Ended
2024-05-27 02:27:53,888 -INFO - INFY.NS - add_ph_pl_values function started
2024-05-27 02:27:53,900 -INFO - INFY.NS - add_ph_pl_values function Ended
2024-05-27 02:27:53,908 -INFO - MARUTI.NS - add_ph_pl_values function started
2024-05-27 02:27:53,932 -INFO - HCLTECH.NS - add_ph_pl_values function started
2024-05-27 02:27:53,940 -INFO - MARUTI.NS - add_ph_pl_values function Ended
2024-05-27 02:27:53,943 -INFO - HCLTECH.NS - add_ph_pl_values function Ended
2024-05-27 02:27:53,952 -INFO - NTPC.NS - add_ph_pl_values function started
2024-05-27 02:27:54,001 -INFO - NTPC.NS - add_ph_pl_values function Ended
2024-05-27 02:27:54,002 -INFO - ONGC.NS - add_ph_pl_values function started
2024-05-27 02:27:54,023 -INFO - TATASTEEL.NS - add_ph_pl_values function started
2024-05-27 02:27:54,032 -INFO - TCS.NS - add_ph_pl_values function started
2024-05-27 02:27:54,033 -INFO - ONGC.NS - add_ph_pl_values function Ended
2024-05-27 02:27:54,047 -INFO - LT.NS - add_ph_pl_values function started
2024-05-27 02:27:54,081 -INFO - SUNPHARMA.NS - add_ph_pl_values function started
2024-05-27 02:27:54,082 -INFO - TATASTEEL.NS - add_ph_pl_values function Ended
2024-05-27 02:27:54,104 -INFO - TCS.NS - add_ph_pl_values function Ended
2024-05-27 02:27:54,139 -INFO - LT.NS - add_ph_pl_values function Ended
2024-05-27 02:27:54,166 -INFO - AXISBANK.NS - add_ph_pl_values function started
2024-05-27 02:27:54,167 -INFO - LTIM.NS - add_ph_pl_values function started
2024-05-27 02:27:54,174 -INFO - SUNPHARMA.NS - add_ph_pl_values function Ended
2024-05-27 02:27:54,187 -INFO - NESTLEIND.NS - add_ph_pl_values function started
2024-05-27 02:27:54,189 -INFO - TATAMOTORS.NS - add_ph_pl_values function started
2024-05-27 02:27:54,192 -INFO - TECHM.NS - add_ph_pl_values function started
2024-05-27 02:27:54,217 -INFO - AXISBANK.NS - add_ph_pl_values function Ended
2024-05-27 02:27:54,223 -INFO - LTIM.NS - add_ph_pl_values function Ended
2024-05-27 02:27:54,225 -INFO - SBILIFE.NS - add_ph_pl_values function started
2024-05-27 02:27:54,295 -INFO - NESTLEIND.NS - add_ph_pl_values function Ended
2024-05-27 02:27:54,329 -INFO - UPL.NS - add_ph_pl_values function started
2024-05-27 02:27:54,336 -INFO - TATACONSUM.NS - add_ph_pl_values function started
2024-05-27 02:27:54,336 -INFO - HDFCBANK.NS - add_ph_pl_values function started
2024-05-27 02:27:54,347 -INFO - GRASIM.NS - add_ph_pl_values function started
2024-05-27 02:27:54,351 -INFO - TATAMOTORS.NS - add_ph_pl_values function Ended
2024-05-27 02:27:54,357 -INFO - ITC.NS - add_ph_pl_values function started
2024-05-27 02:27:54,381 -INFO - HINDUNILVR.NS - add_ph_pl_values function started
2024-05-27 02:27:54,381 -INFO - TECHM.NS - add_ph_pl_values function Ended
2024-05-27 02:27:54,394 -INFO - SBILIFE.NS - add_ph_pl_values function Ended
2024-05-27 02:27:54,409 -INFO - UPL.NS - add_ph_pl_values function Ended
2024-05-27 02:27:54,450 -INFO - TATACONSUM.NS - add_ph_pl_values function Ended
2024-05-27 02:27:54,492 -INFO - HDFCBANK.NS - add_ph_pl_values function Ended
2024-05-27 02:27:54,503 -INFO - GRASIM.NS - add_ph_pl_values function Ended
2024-05-27 02:27:54,518 -INFO - ITC.NS - add_ph_pl_values function Ended
2024-05-27 02:27:54,556 -INFO - HINDUNILVR.NS - add_ph_pl_values function Ended
2024-05-27 02:27:55,315 -INFO - All stocks - Excel file Saved
2024-05-27 02:27:55,347 -INFO - All stocks - json file saved
2024-05-27 02:27:55,347 -INFO - POWERGRID.NS - alerts file Saved
2024-05-27 02:27:55,347 -INFO - POWERGRID.NS - Process function Ended
2024-05-27 02:27:55,484 -INFO - All stocks - Excel file Saved
2024-05-27 02:27:55,501 -INFO - All stocks - json file saved
2024-05-27 02:27:55,501 -INFO - HDFCLIFE.NS - alerts file Saved
2024-05-27 02:27:55,501 -INFO - HDFCLIFE.NS - Process function Ended
2024-05-27 02:27:55,534 -INFO - All stocks - Excel file Saved
2024-05-27 02:27:55,536 -INFO - All stocks - Excel file Saved
2024-05-27 02:27:55,539 -INFO - All stocks - json file saved
2024-05-27 02:27:55,539 -INFO - JSWSTEEL.NS - alerts file Saved
2024-05-27 02:27:55,540 -INFO - JSWSTEEL.NS - Process function Ended
2024-05-27 02:27:55,555 -INFO - All stocks - Excel file Saved
2024-05-27 02:27:55,559 -INFO - All stocks - json file saved
2024-05-27 02:27:55,560 -INFO - KOTAKBANK.NS - alerts file Saved
2024-05-27 02:27:55,560 -INFO - KOTAKBANK.NS - Process function Ended
2024-05-27 02:27:55,570 -INFO - All stocks - json file saved
2024-05-27 02:27:55,570 -INFO - HCLTECH.NS - alerts file Saved
2024-05-27 02:27:55,570 -INFO - HCLTECH.NS - Process function Ended
2024-05-27 02:27:55,571 -INFO - All stocks - Excel file Saved
2024-05-27 02:27:55,571 -INFO - All stocks - json file saved
2024-05-27 02:27:55,571 -INFO - NTPC.NS - alerts file Saved
2024-05-27 02:27:55,571 -INFO - NTPC.NS - Process function Ended
2024-05-27 02:27:55,726 -INFO - All stocks - Excel file Saved
2024-05-27 02:27:55,761 -INFO - All stocks - json file saved
2024-05-27 02:27:55,761 -INFO - TATASTEEL.NS - alerts file Saved
2024-05-27 02:27:55,761 -INFO - TATASTEEL.NS - Process function Ended
2024-05-27 02:27:55,896 -INFO - All stocks - Excel file Saved
2024-05-27 02:27:55,932 -INFO - All stocks - json file saved
2024-05-27 02:27:55,932 -INFO - MARUTI.NS - alerts file Saved
2024-05-27 02:27:55,932 -INFO - MARUTI.NS - Process function Ended
2024-05-27 02:27:55,993 -INFO - All stocks - Excel file Saved
2024-05-27 02:27:55,994 -INFO - All stocks - Excel file Saved
2024-05-27 02:27:55,999 -INFO - All stocks - Excel file Saved
2024-05-27 02:27:56,000 -INFO - All stocks - json file saved
2024-05-27 02:27:56,000 -INFO - INFY.NS - alerts file Saved
2024-05-27 02:27:56,000 -INFO - INFY.NS - Process function Ended
2024-05-27 02:27:56,000 -INFO - All stocks - json file saved
2024-05-27 02:27:56,001 -INFO - All stocks - json file saved
2024-05-27 02:27:56,002 -INFO - HDFCBANK.NS - alerts file Saved
2024-05-27 02:27:56,001 -INFO - All stocks - Excel file Saved
2024-05-27 02:27:56,002 -INFO - HDFCBANK.NS - Process function Ended
2024-05-27 02:27:56,001 -INFO - TCS.NS - alerts file Saved
2024-05-27 02:27:56,019 -INFO - TCS.NS - Process function Ended
2024-05-27 02:27:56,020 -INFO - All stocks - Excel file Saved
2024-05-27 02:27:56,021 -INFO - All stocks - json file saved
2024-05-27 02:27:56,021 -INFO - UPL.NS - alerts file Saved
2024-05-27 02:27:56,021 -INFO - UPL.NS - Process function Ended
2024-05-27 02:27:56,047 -INFO - All stocks - Excel file Saved
2024-05-27 02:27:56,047 -INFO - All stocks - json file saved
2024-05-27 02:27:56,047 -INFO - SUNPHARMA.NS - alerts file Saved
2024-05-27 02:27:56,047 -INFO - SUNPHARMA.NS - Process function Ended
2024-05-27 02:27:56,048 -INFO - All stocks - Excel file Saved
2024-05-27 02:27:56,049 -INFO - All stocks - json file saved
2024-05-27 02:27:56,049 -INFO - LTIM.NS - alerts file Saved
2024-05-27 02:27:56,049 -INFO - LTIM.NS - Process function Ended
2024-05-27 02:27:56,050 -INFO - All stocks - Excel file Saved
2024-05-27 02:27:56,050 -INFO - All stocks - json file saved
2024-05-27 02:27:56,050 -INFO - ITC.NS - alerts file Saved
2024-05-27 02:27:56,050 -INFO - ITC.NS - Process function Ended
2024-05-27 02:27:56,062 -INFO - All stocks - Excel file Saved
2024-05-27 02:27:56,063 -INFO - All stocks - Excel file Saved
2024-05-27 02:27:56,074 -INFO - All stocks - Excel file Saved
2024-05-27 02:27:56,075 -INFO - All stocks - Excel file Saved
2024-05-27 02:27:56,087 -INFO - All stocks - json file saved
2024-05-27 02:27:56,087 -INFO - ONGC.NS - alerts file Saved
2024-05-27 02:27:56,087 -INFO - ONGC.NS - Process function Ended
2024-05-27 02:27:56,087 -INFO - All stocks - json file saved
2024-05-27 02:27:56,087 -INFO - TECHM.NS - alerts file Saved
2024-05-27 02:27:56,087 -INFO - TECHM.NS - Process function Ended
2024-05-27 02:27:56,088 -INFO - All stocks - json file saved
2024-05-27 02:27:56,088 -INFO - All stocks - json file saved
2024-05-27 02:27:56,102 -INFO - TATAMOTORS.NS - alerts file Saved
2024-05-27 02:27:56,102 -INFO - NESTLEIND.NS - alerts file Saved
2024-05-27 02:27:56,102 -INFO - TATAMOTORS.NS - Process function Ended
2024-05-27 02:27:56,088 -INFO - All stocks - json file saved
2024-05-27 02:27:56,102 -INFO - NESTLEIND.NS - Process function Ended
2024-05-27 02:27:56,102 -INFO - SBILIFE.NS - alerts file Saved
2024-05-27 02:27:56,103 -INFO - SBILIFE.NS - Process function Ended
2024-05-27 02:27:56,105 -INFO - All stocks - Excel file Saved
2024-05-27 02:27:56,107 -INFO - All stocks - json file saved
2024-05-27 02:27:56,107 -INFO - TATACONSUM.NS - alerts file Saved
2024-05-27 02:27:56,107 -INFO - TATACONSUM.NS - Process function Ended
2024-05-27 02:27:56,111 -INFO - All stocks - Excel file Saved
2024-05-27 02:27:56,113 -INFO - All stocks - json file saved
2024-05-27 02:27:56,113 -INFO - GRASIM.NS - alerts file Saved
2024-05-27 02:27:56,113 -INFO - GRASIM.NS - Process function Ended
2024-05-27 02:27:56,114 -INFO - All stocks - Excel file Saved
2024-05-27 02:27:56,115 -INFO - All stocks - Excel file Saved
2024-05-27 02:27:56,115 -INFO - All stocks - json file saved
2024-05-27 02:27:56,116 -INFO - AXISBANK.NS - alerts file Saved
2024-05-27 02:27:56,116 -INFO - AXISBANK.NS - Process function Ended
2024-05-27 02:27:56,116 -INFO - All stocks - json file saved
2024-05-27 02:27:56,116 -INFO - LT.NS - alerts file Saved
2024-05-27 02:27:56,116 -INFO - LT.NS - Process function Ended
2024-05-27 02:27:56,141 -INFO - All stocks - Excel file Saved
2024-05-27 02:27:56,141 -INFO - All stocks - json file saved
2024-05-27 02:27:56,141 -INFO - HINDUNILVR.NS - alerts file Saved
2024-05-27 02:27:56,141 -INFO - HINDUNILVR.NS - Process function Ended
2024-05-27 02:27:56,234 -INFO - All stocks - Excel file Saved
2024-05-27 02:27:56,234 -INFO - All stocks - json file saved
2024-05-27 02:27:56,293 -INFO - All stocks - Excel file Saved
2024-05-27 02:27:56,293 -INFO - All stocks - json file saved
2024-05-27 02:27:56,293 -INFO - 25 - 50 - Stock threading ended ....
2024-05-27 02:27:57,632 -INFO - INDIGO.NS - Process function started
2024-05-27 02:27:57,633 -INFO - INDIGO.NS - Reading existing data...
2024-05-27 02:27:57,633 -INFO - HAL.NS - Process function started
2024-05-27 02:27:57,633 -INFO - HAL.NS - Reading existing data...
2024-05-27 02:27:57,633 -INFO - IRCTC.NS - Process function started
2024-05-27 02:27:57,633 -INFO - CANBK.NS - Process function started
2024-05-27 02:27:57,633 -INFO - JINDALSTEL.NS - Process function started
2024-05-27 02:27:57,634 -INFO - IRCTC.NS - Reading existing data...
2024-05-27 02:27:57,634 -INFO - CANBK.NS - Reading existing data...
2024-05-27 02:27:57,634 -INFO - GAIL.NS - Process function started
2024-05-27 02:27:57,634 -INFO - MARICO.NS - Process function started
2024-05-27 02:27:57,634 -INFO - SHRIRAMFIN.NS - Process function started
2024-05-27 02:27:57,634 -INFO - ZYDUSLIFE.NS - Process function started
2024-05-27 02:27:57,634 -INFO - BANKBARODA.NS - Process function started
2024-05-27 02:27:57,634 -INFO - BEL.NS - Process function started
2024-05-27 02:27:57,634 -INFO - SBIN.NS - Process function started
2024-05-27 02:27:57,634 -INFO - JINDALSTEL.NS - Reading existing data...
2024-05-27 02:27:57,635 -INFO - BANDHANBNK.NS - Process function started
2024-05-27 02:27:57,635 -INFO - AUBANK.NS - Process function started
2024-05-27 02:27:57,635 -INFO - MUTHOOTFIN.NS - Process function started
2024-05-27 02:27:57,635 -INFO - TORNTPHARM.NS - Process function started
2024-05-27 02:27:57,636 -INFO - GAIL.NS - Reading existing data...
2024-05-27 02:27:57,636 -INFO - FEDERALBNK.NS - Process function started
2024-05-27 02:27:57,636 -INFO - MARICO.NS - Reading existing data...
2024-05-27 02:27:57,636 -INFO - CHOLAFIN.NS - Process function started
2024-05-27 02:27:57,637 -INFO - SHRIRAMFIN.NS - Reading existing data...
2024-05-27 02:27:57,637 -INFO - ZYDUSLIFE.NS - Reading existing data...
2024-05-27 02:27:57,637 -INFO - BERGEPAINT.NS - Process function started
2024-05-27 02:27:57,637 -INFO - BANKBARODA.NS - Reading existing data...
2024-05-27 02:27:57,637 -INFO - BEL.NS - Reading existing data...
2024-05-27 02:27:57,638 -INFO - ICICIBANK.NS - Process function started
2024-05-27 02:27:57,638 -INFO - SBIN.NS - Reading existing data...
2024-05-27 02:27:57,638 -INFO - AMBUJACEM.NS - Process function started
2024-05-27 02:27:57,639 -INFO - BANDHANBNK.NS - Reading existing data...
2024-05-27 02:27:57,639 -INFO - INDUSINDBK.NS - Process function started
2024-05-27 02:27:57,639 -INFO - AUBANK.NS - Reading existing data...
2024-05-27 02:27:57,639 -INFO - IDFCFIRSTB.NS - Process function started
2024-05-27 02:27:57,640 -INFO - PNB.NS - Process function started
2024-05-27 02:27:57,640 -INFO - MUTHOOTFIN.NS - Reading existing data...
2024-05-27 02:27:57,640 -INFO - TORNTPHARM.NS - Reading existing data...
2024-05-27 02:27:57,640 -INFO - MCDOWELL-N.NS - Process function started
2024-05-27 02:27:57,641 -INFO - FEDERALBNK.NS - Reading existing data...
2024-05-27 02:27:57,641 -INFO - CHOLAFIN.NS - Reading existing data...
2024-05-27 02:27:57,642 -INFO - BERGEPAINT.NS - Reading existing data...
2024-05-27 02:27:57,643 -INFO - ICICIBANK.NS - Reading existing data...
2024-05-27 02:27:57,643 -INFO - AMBUJACEM.NS - Reading existing data...
2024-05-27 02:27:57,644 -INFO - INDUSINDBK.NS - Reading existing data...
2024-05-27 02:27:57,644 -INFO - IDFCFIRSTB.NS - Reading existing data...
2024-05-27 02:27:57,645 -INFO - PNB.NS - Reading existing data...
2024-05-27 02:27:57,645 -INFO - MCDOWELL-N.NS - Reading existing data...
2024-05-27 02:27:57,656 -INFO - HAL.NS - add_ph_pl_values function started
2024-05-27 02:27:57,657 -INFO - HAL.NS - add_ph_pl_values function Ended
2024-05-27 02:27:57,673 -INFO - IRCTC.NS - add_ph_pl_values function started
2024-05-27 02:27:57,674 -INFO - INDIGO.NS - add_ph_pl_values function started
2024-05-27 02:27:57,675 -INFO - IRCTC.NS - add_ph_pl_values function Ended
2024-05-27 02:27:57,680 -INFO - INDIGO.NS - add_ph_pl_values function Ended
2024-05-27 02:27:57,705 -INFO - CANBK.NS - add_ph_pl_values function started
2024-05-27 02:27:57,715 -INFO - CANBK.NS - add_ph_pl_values function Ended
2024-05-27 02:27:57,761 -INFO - JINDALSTEL.NS - add_ph_pl_values function started
2024-05-27 02:27:57,767 -INFO - MARICO.NS - add_ph_pl_values function started
2024-05-27 02:27:57,773 -INFO - JINDALSTEL.NS - add_ph_pl_values function Ended
2024-05-27 02:27:57,796 -INFO - MARICO.NS - add_ph_pl_values function Ended
2024-05-27 02:27:57,808 -INFO - GAIL.NS - add_ph_pl_values function started
2024-05-27 02:27:57,870 -INFO - GAIL.NS - add_ph_pl_values function Ended
2024-05-27 02:27:57,926 -INFO - SHRIRAMFIN.NS - add_ph_pl_values function started
2024-05-27 02:27:57,932 -INFO - SHRIRAMFIN.NS - add_ph_pl_values function Ended
2024-05-27 02:27:57,934 -INFO - MUTHOOTFIN.NS - add_ph_pl_values function started
2024-05-27 02:27:57,941 -INFO - MUTHOOTFIN.NS - add_ph_pl_values function Ended
2024-05-27 02:27:57,992 -INFO - BANKBARODA.NS - add_ph_pl_values function started
2024-05-27 02:27:57,998 -INFO - ZYDUSLIFE.NS - add_ph_pl_values function started
2024-05-27 02:27:58,002 -INFO - BANKBARODA.NS - add_ph_pl_values function Ended
2024-05-27 02:27:58,021 -INFO - BEL.NS - add_ph_pl_values function started
2024-05-27 02:27:58,038 -INFO - TORNTPHARM.NS - add_ph_pl_values function started
2024-05-27 02:27:58,064 -INFO - ZYDUSLIFE.NS - add_ph_pl_values function Ended
2024-05-27 02:27:58,069 -INFO - BANDHANBNK.NS - add_ph_pl_values function started
2024-05-27 02:27:58,070 -INFO - BEL.NS - add_ph_pl_values function Ended
2024-05-27 02:27:58,103 -INFO - TORNTPHARM.NS - add_ph_pl_values function Ended
2024-05-27 02:27:58,119 -INFO - BANDHANBNK.NS - add_ph_pl_values function Ended
2024-05-27 02:27:58,178 -INFO - ICICIBANK.NS - add_ph_pl_values function started
2024-05-27 02:27:58,205 -INFO - ICICIBANK.NS - add_ph_pl_values function Ended
2024-05-27 02:27:58,213 -INFO - FEDERALBNK.NS - add_ph_pl_values function started
2024-05-27 02:27:58,242 -INFO - AUBANK.NS - add_ph_pl_values function started
2024-05-27 02:27:58,313 -INFO - IDFCFIRSTB.NS - add_ph_pl_values function started
2024-05-27 02:27:58,317 -INFO - FEDERALBNK.NS - add_ph_pl_values function Ended
2024-05-27 02:27:58,339 -INFO - CHOLAFIN.NS - add_ph_pl_values function started
2024-05-27 02:27:58,347 -INFO - SBIN.NS - add_ph_pl_values function started
2024-05-27 02:27:58,348 -INFO - AUBANK.NS - add_ph_pl_values function Ended
2024-05-27 02:27:58,350 -INFO - INDUSINDBK.NS - add_ph_pl_values function started
2024-05-27 02:27:58,352 -INFO - MCDOWELL-N.NS - add_ph_pl_values function started
2024-05-27 02:27:58,366 -INFO - IDFCFIRSTB.NS - add_ph_pl_values function Ended
2024-05-27 02:27:58,368 -INFO - BERGEPAINT.NS - add_ph_pl_values function started
2024-05-27 02:27:58,368 -INFO - PNB.NS - add_ph_pl_values function started
2024-05-27 02:27:58,368 -INFO - AMBUJACEM.NS - add_ph_pl_values function started
2024-05-27 02:27:58,394 -INFO - CHOLAFIN.NS - add_ph_pl_values function Ended
2024-05-27 02:27:58,410 -INFO - SBIN.NS - add_ph_pl_values function Ended
2024-05-27 02:27:58,433 -INFO - INDUSINDBK.NS - add_ph_pl_values function Ended
2024-05-27 02:27:58,453 -INFO - MCDOWELL-N.NS - add_ph_pl_values function Ended
2024-05-27 02:27:58,524 -INFO - BERGEPAINT.NS - add_ph_pl_values function Ended
2024-05-27 02:27:58,571 -INFO - PNB.NS - add_ph_pl_values function Ended
2024-05-27 02:27:58,584 -INFO - AMBUJACEM.NS - add_ph_pl_values function Ended
2024-05-27 02:27:59,083 -INFO - All stocks - Excel file Saved
2024-05-27 02:27:59,088 -INFO - All stocks - Excel file Saved
2024-05-27 02:27:59,088 -INFO - All stocks - json file saved
2024-05-27 02:27:59,097 -INFO - HAL.NS - alerts file Saved
2024-05-27 02:27:59,097 -INFO - HAL.NS - Process function Ended
2024-05-27 02:27:59,100 -INFO - All stocks - json file saved
2024-05-27 02:27:59,100 -INFO - IRCTC.NS - alerts file Saved
2024-05-27 02:27:59,100 -INFO - IRCTC.NS - Process function Ended
2024-05-27 02:27:59,101 -INFO - All stocks - Excel file Saved
2024-05-27 02:27:59,102 -INFO - All stocks - json file saved
2024-05-27 02:27:59,102 -INFO - CANBK.NS - alerts file Saved
2024-05-27 02:27:59,102 -INFO - CANBK.NS - Process function Ended
2024-05-27 02:27:59,164 -INFO - All stocks - Excel file Saved
2024-05-27 02:27:59,234 -INFO - All stocks - json file saved
2024-05-27 02:27:59,234 -INFO - INDIGO.NS - alerts file Saved
2024-05-27 02:27:59,234 -INFO - INDIGO.NS - Process function Ended
2024-05-27 02:27:59,395 -INFO - All stocks - Excel file Saved
2024-05-27 02:27:59,461 -INFO - All stocks - json file saved
2024-05-27 02:27:59,461 -INFO - SHRIRAMFIN.NS - alerts file Saved
2024-05-27 02:27:59,461 -INFO - SHRIRAMFIN.NS - Process function Ended
2024-05-27 02:27:59,588 -INFO - All stocks - Excel file Saved
2024-05-27 02:27:59,647 -INFO - All stocks - json file saved
2024-05-27 02:27:59,647 -INFO - GAIL.NS - alerts file Saved
2024-05-27 02:27:59,647 -INFO - GAIL.NS - Process function Ended
2024-05-27 02:27:59,680 -INFO - All stocks - Excel file Saved
2024-05-27 02:27:59,680 -INFO - All stocks - json file saved
2024-05-27 02:27:59,680 -INFO - JINDALSTEL.NS - alerts file Saved
2024-05-27 02:27:59,680 -INFO - JINDALSTEL.NS - Process function Ended
2024-05-27 02:27:59,682 -INFO - All stocks - Excel file Saved
2024-05-27 02:27:59,683 -INFO - All stocks - json file saved
2024-05-27 02:27:59,683 -INFO - MUTHOOTFIN.NS - alerts file Saved
2024-05-27 02:27:59,683 -INFO - MUTHOOTFIN.NS - Process function Ended
2024-05-27 02:27:59,848 -INFO - All stocks - Excel file Saved
2024-05-27 02:27:59,856 -INFO - All stocks - json file saved
2024-05-27 02:27:59,856 -INFO - MARICO.NS - alerts file Saved
2024-05-27 02:27:59,856 -INFO - MARICO.NS - Process function Ended
2024-05-27 02:27:59,865 -INFO - All stocks - Excel file Saved
2024-05-27 02:27:59,865 -INFO - All stocks - json file saved
2024-05-27 02:27:59,865 -INFO - BEL.NS - alerts file Saved
2024-05-27 02:27:59,865 -INFO - BEL.NS - Process function Ended
2024-05-27 02:27:59,868 -INFO - All stocks - Excel file Saved
2024-05-27 02:27:59,868 -INFO - All stocks - json file saved
2024-05-27 02:27:59,868 -INFO - ZYDUSLIFE.NS - alerts file Saved
2024-05-27 02:27:59,868 -INFO - ZYDUSLIFE.NS - Process function Ended
2024-05-27 02:27:59,974 -INFO - All stocks - Excel file Saved
2024-05-27 02:28:00,036 -INFO - All stocks - Excel file Saved
2024-05-27 02:28:00,037 -INFO - All stocks - json file saved
2024-05-27 02:28:00,037 -INFO - AUBANK.NS - alerts file Saved
2024-05-27 02:28:00,037 -INFO - AUBANK.NS - Process function Ended
2024-05-27 02:28:00,046 -INFO - All stocks - json file saved
2024-05-27 02:28:00,047 -INFO - BANDHANBNK.NS - alerts file Saved
2024-05-27 02:28:00,047 -INFO - BANDHANBNK.NS - Process function Ended
2024-05-27 02:28:00,050 -INFO - All stocks - Excel file Saved
2024-05-27 02:28:00,093 -INFO - All stocks - Excel file Saved
2024-05-27 02:28:00,095 -INFO - All stocks - json file saved
2024-05-27 02:28:00,095 -INFO - FEDERALBNK.NS - alerts file Saved
2024-05-27 02:28:00,095 -INFO - FEDERALBNK.NS - Process function Ended
2024-05-27 02:28:00,108 -INFO - All stocks - json file saved
2024-05-27 02:28:00,108 -INFO - BANKBARODA.NS - alerts file Saved
2024-05-27 02:28:00,108 -INFO - BANKBARODA.NS - Process function Ended
2024-05-27 02:28:00,136 -INFO - All stocks - Excel file Saved
2024-05-27 02:28:00,149 -INFO - All stocks - json file saved
2024-05-27 02:28:00,149 -INFO - SBIN.NS - alerts file Saved
2024-05-27 02:28:00,149 -INFO - SBIN.NS - Process function Ended
2024-05-27 02:28:00,248 -INFO - All stocks - Excel file Saved
2024-05-27 02:28:00,249 -INFO - All stocks - json file saved
2024-05-27 02:28:00,249 -INFO - IDFCFIRSTB.NS - alerts file Saved
2024-05-27 02:28:00,249 -INFO - IDFCFIRSTB.NS - Process function Ended
2024-05-27 02:28:00,265 -INFO - All stocks - Excel file Saved
2024-05-27 02:28:00,266 -INFO - All stocks - Excel file Saved
2024-05-27 02:28:00,267 -INFO - All stocks - json file saved
2024-05-27 02:28:00,267 -INFO - ICICIBANK.NS - alerts file Saved
2024-05-27 02:28:00,268 -INFO - ICICIBANK.NS - Process function Ended
2024-05-27 02:28:00,269 -INFO - All stocks - Excel file Saved
2024-05-27 02:28:00,269 -INFO - All stocks - json file saved
2024-05-27 02:28:00,269 -INFO - All stocks - Excel file Saved
2024-05-27 02:28:00,270 -INFO - All stocks - Excel file Saved
2024-05-27 02:28:00,270 -INFO - All stocks - Excel file Saved
2024-05-27 02:28:00,270 -INFO - TORNTPHARM.NS - alerts file Saved
2024-05-27 02:28:00,271 -INFO - TORNTPHARM.NS - Process function Ended
2024-05-27 02:28:00,271 -INFO - All stocks - Excel file Saved
2024-05-27 02:28:00,271 -INFO - All stocks - json file saved
2024-05-27 02:28:00,271 -INFO - All stocks - json file saved
2024-05-27 02:28:00,272 -INFO - PNB.NS - alerts file Saved
2024-05-27 02:28:00,272 -INFO - PNB.NS - Process function Ended
2024-05-27 02:28:00,272 -INFO - AMBUJACEM.NS - alerts file Saved
2024-05-27 02:28:00,273 -INFO - AMBUJACEM.NS - Process function Ended
2024-05-27 02:28:00,272 -INFO - All stocks - json file saved
2024-05-27 02:28:00,273 -INFO - BERGEPAINT.NS - alerts file Saved
2024-05-27 02:28:00,273 -INFO - BERGEPAINT.NS - Process function Ended
2024-05-27 02:28:00,273 -INFO - All stocks - json file saved
2024-05-27 02:28:00,273 -INFO - INDUSINDBK.NS - alerts file Saved
2024-05-27 02:28:00,273 -INFO - INDUSINDBK.NS - Process function Ended
2024-05-27 02:28:00,273 -INFO - All stocks - Excel file Saved
2024-05-27 02:28:00,274 -INFO - All stocks - json file saved
2024-05-27 02:28:00,274 -INFO - MCDOWELL-N.NS - alerts file Saved
2024-05-27 02:28:00,274 -INFO - MCDOWELL-N.NS - Process function Ended
2024-05-27 02:28:00,274 -INFO - All stocks - json file saved
2024-05-27 02:28:00,274 -INFO - CHOLAFIN.NS - alerts file Saved
2024-05-27 02:28:00,274 -INFO - CHOLAFIN.NS - Process function Ended
2024-05-27 02:28:00,374 -INFO - All stocks - Excel file Saved
2024-05-27 02:28:00,374 -INFO - All stocks - json file saved
2024-05-27 02:28:00,433 -INFO - All stocks - Excel file Saved
2024-05-27 02:28:00,434 -INFO - All stocks - json file saved
2024-05-27 02:28:00,434 -INFO - 50 - 75 - Stock threading ended ....
2024-05-27 02:28:01,564 -INFO - DLF.NS - Process function started
2024-05-27 02:28:01,564 -INFO - DMART.NS - Process function started
2024-05-27 02:28:01,565 -INFO - AWL.NS - Process function started
2024-05-27 02:28:01,565 -INFO - DLF.NS - Reading existing data...
2024-05-27 02:28:01,565 -INFO - DMART.NS - Reading existing data...
2024-05-27 02:28:01,565 -INFO - TVSMOTOR.NS - Process function started
2024-05-27 02:28:01,565 -INFO - BAJAJHLDNG.NS - Process function started
2024-05-27 02:28:01,565 -INFO - ICICIGI.NS - Process function started
2024-05-27 02:28:01,565 -INFO - PIDILITIND.NS - Process function started
2024-05-27 02:28:01,565 -INFO - TVSMOTOR.NS - Reading existing data...
2024-05-27 02:28:01,565 -INFO - PGHH.NS - Process function started
2024-05-27 02:28:01,566 -INFO - BAJAJHLDNG.NS - Reading existing data...
2024-05-27 02:28:01,566 -INFO - AWL.NS - Reading existing data...
2024-05-27 02:28:01,566 -INFO - ICICIGI.NS - Reading existing data...
2024-05-27 02:28:01,566 -INFO - SHREECEM.NS - Process function started
2024-05-27 02:28:01,566 -INFO - PIDILITIND.NS - Reading existing data...
2024-05-27 02:28:01,566 -INFO - TATAPOWER.NS - Process function started
2024-05-27 02:28:01,567 -INFO - PGHH.NS - Reading existing data...
2024-05-27 02:28:01,567 -INFO - SIEMENS.NS - Process function started
2024-05-27 02:28:01,568 -INFO - VEDL.NS - Process function started
2024-05-27 02:28:01,569 -INFO - SHREECEM.NS - Reading existing data...
2024-05-27 02:28:01,569 -INFO - TATAPOWER.NS - Reading existing data...
2024-05-27 02:28:01,570 -INFO - ATGL.NS - Process function started
2024-05-27 02:28:01,570 -INFO - ZOMATO.NS - Process function started
2024-05-27 02:28:01,570 -INFO - SBICARD.NS - Process function started
2024-05-27 02:28:01,571 -INFO - ICICIPRULI.NS - Process function started
2024-05-27 02:28:01,573 -INFO - DABUR.NS - Process function started
2024-05-27 02:28:01,574 -INFO - SIEMENS.NS - Reading existing data...
2024-05-27 02:28:01,580 -INFO - GODREJCP.NS - Process function started
2024-05-27 02:28:01,581 -INFO - VEDL.NS - Reading existing data...
2024-05-27 02:28:01,584 -INFO - DLF.NS - add_ph_pl_values function started
2024-05-27 02:28:01,586 -INFO - ATGL.NS - Reading existing data...
2024-05-27 02:28:01,586 -INFO - ADANIENSOL.NS - Process function started
2024-05-27 02:28:01,586 -INFO - PIIND.NS - Process function started
2024-05-27 02:28:01,586 -INFO - ZOMATO.NS - Reading existing data...
2024-05-27 02:28:01,586 -INFO - ADANIGREEN.NS - Process function started
2024-05-27 02:28:01,587 -INFO - LICI.NS - Process function started
2024-05-27 02:28:01,587 -INFO - SBICARD.NS - Reading existing data...
2024-05-27 02:28:01,588 -INFO - VBL.NS - Process function started
2024-05-27 02:28:01,588 -INFO - ICICIPRULI.NS - Reading existing data...
2024-05-27 02:28:01,588 -INFO - DABUR.NS - Reading existing data...
2024-05-27 02:28:01,588 -INFO - GODREJCP.NS - Reading existing data...
2024-05-27 02:28:01,589 -INFO - MOTHERSON.NS - Process function started
2024-05-27 02:28:01,591 -INFO - IOC.NS - Process function started
2024-05-27 02:28:01,591 -INFO - ADANIENSOL.NS - Reading existing data...
2024-05-27 02:28:01,592 -INFO - PIIND.NS - Reading existing data...
2024-05-27 02:28:01,594 -INFO - ADANIGREEN.NS - Reading existing data...
2024-05-27 02:28:01,594 -INFO - LICI.NS - Reading existing data...
2024-05-27 02:28:01,596 -INFO - VBL.NS - Reading existing data...
2024-05-27 02:28:01,596 -INFO - DLF.NS - add_ph_pl_values function Ended
2024-05-27 02:28:01,599 -INFO - MOTHERSON.NS - Reading existing data...
2024-05-27 02:28:01,599 -INFO - IOC.NS - Reading existing data...
2024-05-27 02:28:01,639 -INFO - DMART.NS - add_ph_pl_values function started
2024-05-27 02:28:01,643 -INFO - BAJAJHLDNG.NS - add_ph_pl_values function started
2024-05-27 02:28:01,644 -INFO - DMART.NS - add_ph_pl_values function Ended
2024-05-27 02:28:01,644 -INFO - TVSMOTOR.NS - add_ph_pl_values function started
2024-05-27 02:28:01,652 -INFO - BAJAJHLDNG.NS - add_ph_pl_values function Ended
2024-05-27 02:28:01,665 -INFO - TVSMOTOR.NS - add_ph_pl_values function Ended
2024-05-27 02:28:01,703 -INFO - PIDILITIND.NS - add_ph_pl_values function started
2024-05-27 02:28:01,704 -INFO - PIDILITIND.NS - add_ph_pl_values function Ended
2024-05-27 02:28:01,705 -INFO - AWL.NS - add_ph_pl_values function started
2024-05-27 02:28:01,705 -INFO - AWL.NS - add_ph_pl_values function Ended
2024-05-27 02:28:01,738 -INFO - ICICIGI.NS - add_ph_pl_values function started
2024-05-27 02:28:01,740 -INFO - ICICIGI.NS - add_ph_pl_values function Ended
2024-05-27 02:28:01,746 -INFO - PGHH.NS - add_ph_pl_values function started
2024-05-27 02:28:01,760 -INFO - PGHH.NS - add_ph_pl_values function Ended
2024-05-27 02:28:01,819 -INFO - TATAPOWER.NS - add_ph_pl_values function started
2024-05-27 02:28:01,823 -INFO - TATAPOWER.NS - add_ph_pl_values function Ended
2024-05-27 02:28:01,875 -INFO - SHREECEM.NS - add_ph_pl_values function started
2024-05-27 02:28:01,876 -INFO - ZOMATO.NS - add_ph_pl_values function started
2024-05-27 02:28:01,902 -INFO - SHREECEM.NS - add_ph_pl_values function Ended
2024-05-27 02:28:01,905 -INFO - GODREJCP.NS - add_ph_pl_values function started
2024-05-27 02:28:01,905 -INFO - ZOMATO.NS - add_ph_pl_values function Ended
2024-05-27 02:28:01,906 -INFO - ATGL.NS - add_ph_pl_values function started
2024-05-27 02:28:01,910 -INFO - SIEMENS.NS - add_ph_pl_values function started
2024-05-27 02:28:01,959 -INFO - VEDL.NS - add_ph_pl_values function started
2024-05-27 02:28:01,962 -INFO - GODREJCP.NS - add_ph_pl_values function Ended
2024-05-27 02:28:01,963 -INFO - ATGL.NS - add_ph_pl_values function Ended
2024-05-27 02:28:01,973 -INFO - SBICARD.NS - add_ph_pl_values function started
2024-05-27 02:28:02,009 -INFO - SIEMENS.NS - add_ph_pl_values function Ended
2024-05-27 02:28:02,087 -INFO - LICI.NS - add_ph_pl_values function started
2024-05-27 02:28:02,096 -INFO - VEDL.NS - add_ph_pl_values function Ended
2024-05-27 02:28:02,097 -INFO - ADANIENSOL.NS - add_ph_pl_values function started
2024-05-27 02:28:02,097 -INFO - MOTHERSON.NS - add_ph_pl_values function started
2024-05-27 02:28:02,098 -INFO - IOC.NS - add_ph_pl_values function started
2024-05-27 02:28:02,098 -INFO - ICICIPRULI.NS - add_ph_pl_values function started
2024-05-27 02:28:02,098 -INFO - ADANIGREEN.NS - add_ph_pl_values function started
2024-05-27 02:28:02,098 -INFO - SBICARD.NS - add_ph_pl_values function Ended
2024-05-27 02:28:02,102 -INFO - DABUR.NS - add_ph_pl_values function started
2024-05-27 02:28:02,103 -INFO - VBL.NS - add_ph_pl_values function started
2024-05-27 02:28:02,104 -INFO - LICI.NS - add_ph_pl_values function Ended
2024-05-27 02:28:02,117 -INFO - PIIND.NS - add_ph_pl_values function started
2024-05-27 02:28:02,117 -INFO - ADANIENSOL.NS - add_ph_pl_values function Ended
2024-05-27 02:28:02,155 -INFO - MOTHERSON.NS - add_ph_pl_values function Ended
2024-05-27 02:28:02,188 -INFO - IOC.NS - add_ph_pl_values function Ended
2024-05-27 02:28:02,234 -INFO - ICICIPRULI.NS - add_ph_pl_values function Ended
2024-05-27 02:28:02,238 -INFO - ADANIGREEN.NS - add_ph_pl_values function Ended
2024-05-27 02:28:02,240 -INFO - DABUR.NS - add_ph_pl_values function Ended
2024-05-27 02:28:02,241 -INFO - VBL.NS - add_ph_pl_values function Ended
2024-05-27 02:28:02,254 -INFO - PIIND.NS - add_ph_pl_values function Ended
2024-05-27 02:28:02,748 -INFO - All stocks - Excel file Saved
2024-05-27 02:28:02,803 -INFO - All stocks - json file saved
2024-05-27 02:28:02,809 -INFO - BAJAJHLDNG.NS - alerts file Saved
2024-05-27 02:28:02,810 -INFO - BAJAJHLDNG.NS - Process function Ended
2024-05-27 02:28:02,812 -INFO - All stocks - Excel file Saved
2024-05-27 02:28:02,822 -INFO - All stocks - json file saved
2024-05-27 02:28:02,822 -INFO - DMART.NS - alerts file Saved
2024-05-27 02:28:02,822 -INFO - DMART.NS - Process function Ended
2024-05-27 02:28:02,885 -INFO - All stocks - Excel file Saved
2024-05-27 02:28:02,940 -INFO - All stocks - Excel file Saved
2024-05-27 02:28:02,941 -INFO - All stocks - json file saved
2024-05-27 02:28:02,941 -INFO - TVSMOTOR.NS - alerts file Saved
2024-05-27 02:28:02,941 -INFO - TVSMOTOR.NS - Process function Ended
2024-05-27 02:28:02,993 -INFO - All stocks - json file saved
2024-05-27 02:28:02,993 -INFO - DLF.NS - alerts file Saved
2024-05-27 02:28:02,993 -INFO - DLF.NS - Process function Ended
2024-05-27 02:28:03,230 -INFO - All stocks - Excel file Saved
2024-05-27 02:28:03,239 -INFO - All stocks - Excel file Saved
2024-05-27 02:28:03,256 -INFO - All stocks - json file saved
2024-05-27 02:28:03,256 -INFO - LICI.NS - alerts file Saved
2024-05-27 02:28:03,256 -INFO - LICI.NS - Process function Ended
2024-05-27 02:28:03,258 -INFO - All stocks - json file saved
2024-05-27 02:28:03,258 -INFO - ICICIGI.NS - alerts file Saved
2024-05-27 02:28:03,258 -INFO - ICICIGI.NS - Process function Ended
2024-05-27 02:28:03,351 -INFO - All stocks - Excel file Saved
2024-05-27 02:28:03,352 -INFO - All stocks - json file saved
2024-05-27 02:28:03,352 -INFO - ZOMATO.NS - alerts file Saved
2024-05-27 02:28:03,352 -INFO - ZOMATO.NS - Process function Ended
2024-05-27 02:28:03,354 -INFO - All stocks - Excel file Saved
2024-05-27 02:28:03,366 -INFO - All stocks - json file saved
2024-05-27 02:28:03,366 -INFO - PIDILITIND.NS - alerts file Saved
2024-05-27 02:28:03,366 -INFO - PIDILITIND.NS - Process function Ended
2024-05-27 02:28:03,367 -INFO - All stocks - Excel file Saved
2024-05-27 02:28:03,443 -INFO - All stocks - json file saved
2024-05-27 02:28:03,443 -INFO - TATAPOWER.NS - alerts file Saved
2024-05-27 02:28:03,443 -INFO - TATAPOWER.NS - Process function Ended
2024-05-27 02:28:03,586 -INFO - All stocks - Excel file Saved
2024-05-27 02:28:03,596 -INFO - All stocks - json file saved
2024-05-27 02:28:03,596 -INFO - SHREECEM.NS - alerts file Saved
2024-05-27 02:28:03,596 -INFO - SHREECEM.NS - Process function Ended
2024-05-27 02:28:03,623 -INFO - All stocks - Excel file Saved
2024-05-27 02:28:03,623 -INFO - All stocks - Excel file Saved
2024-05-27 02:28:03,645 -INFO - All stocks - json file saved
2024-05-27 02:28:03,645 -INFO - AWL.NS - alerts file Saved
2024-05-27 02:28:03,645 -INFO - AWL.NS - Process function Ended
2024-05-27 02:28:03,646 -INFO - All stocks - Excel file Saved
2024-05-27 02:28:03,648 -INFO - All stocks - json file saved
2024-05-27 02:28:03,648 -INFO - ADANIENSOL.NS - alerts file Saved
2024-05-27 02:28:03,648 -INFO - ADANIENSOL.NS - Process function Ended
2024-05-27 02:28:03,648 -INFO - All stocks - json file saved
2024-05-27 02:28:03,648 -INFO - PGHH.NS - alerts file Saved
2024-05-27 02:28:03,648 -INFO - PGHH.NS - Process function Ended
2024-05-27 02:28:03,676 -INFO - All stocks - Excel file Saved
2024-05-27 02:28:03,694 -INFO - All stocks - Excel file Saved
2024-05-27 02:28:03,742 -INFO - All stocks - json file saved
2024-05-27 02:28:03,742 -INFO - SIEMENS.NS - alerts file Saved
2024-05-27 02:28:03,742 -INFO - SIEMENS.NS - Process function Ended
2024-05-27 02:28:03,742 -INFO - All stocks - json file saved
2024-05-27 02:28:03,742 -INFO - MOTHERSON.NS - alerts file Saved
2024-05-27 02:28:03,742 -INFO - MOTHERSON.NS - Process function Ended
2024-05-27 02:28:03,744 -INFO - All stocks - Excel file Saved
2024-05-27 02:28:03,755 -INFO - All stocks - json file saved
2024-05-27 02:28:03,755 -INFO - SBICARD.NS - alerts file Saved
2024-05-27 02:28:03,755 -INFO - SBICARD.NS - Process function Ended
2024-05-27 02:28:03,757 -INFO - All stocks - Excel file Saved
2024-05-27 02:28:03,790 -INFO - All stocks - json file saved
2024-05-27 02:28:03,790 -INFO - PIIND.NS - alerts file Saved
2024-05-27 02:28:03,790 -INFO - PIIND.NS - Process function Ended
2024-05-27 02:28:03,849 -INFO - All stocks - Excel file Saved
2024-05-27 02:28:03,849 -INFO - All stocks - Excel file Saved
2024-05-27 02:28:03,850 -INFO - All stocks - json file saved
2024-05-27 02:28:03,850 -INFO - VBL.NS - alerts file Saved
2024-05-27 02:28:03,850 -INFO - VBL.NS - Process function Ended
2024-05-27 02:28:03,850 -INFO - All stocks - Excel file Saved
2024-05-27 02:28:03,851 -INFO - All stocks - json file saved
2024-05-27 02:28:03,851 -INFO - GODREJCP.NS - alerts file Saved
2024-05-27 02:28:03,851 -INFO - GODREJCP.NS - Process function Ended
2024-05-27 02:28:03,864 -INFO - All stocks - Excel file Saved
2024-05-27 02:28:03,864 -INFO - All stocks - json file saved
2024-05-27 02:28:03,864 -INFO - ICICIPRULI.NS - alerts file Saved
2024-05-27 02:28:03,864 -INFO - ICICIPRULI.NS - Process function Ended
2024-05-27 02:28:03,868 -INFO - All stocks - json file saved
2024-05-27 02:28:03,868 -INFO - VEDL.NS - alerts file Saved
2024-05-27 02:28:03,868 -INFO - VEDL.NS - Process function Ended
2024-05-27 02:28:03,868 -INFO - All stocks - Excel file Saved
2024-05-27 02:28:03,869 -INFO - All stocks - json file saved
2024-05-27 02:28:03,869 -INFO - DABUR.NS - alerts file Saved
2024-05-27 02:28:03,869 -INFO - DABUR.NS - Process function Ended
2024-05-27 02:28:03,869 -INFO - All stocks - Excel file Saved
2024-05-27 02:28:03,869 -INFO - All stocks - json file saved
2024-05-27 02:28:03,869 -INFO - ADANIGREEN.NS - alerts file Saved
2024-05-27 02:28:03,869 -INFO - ADANIGREEN.NS - Process function Ended
2024-05-27 02:28:03,870 -INFO - All stocks - Excel file Saved
2024-05-27 02:28:03,870 -INFO - All stocks - json file saved
2024-05-27 02:28:03,870 -INFO - ATGL.NS - alerts file Saved
2024-05-27 02:28:03,870 -INFO - ATGL.NS - Process function Ended
2024-05-27 02:28:03,871 -INFO - All stocks - Excel file Saved
2024-05-27 02:28:03,872 -INFO - All stocks - json file saved
2024-05-27 02:28:03,872 -INFO - IOC.NS - alerts file Saved
2024-05-27 02:28:03,872 -INFO - IOC.NS - Process function Ended
2024-05-27 02:28:03,933 -INFO - All stocks - Excel file Saved
2024-05-27 02:28:03,933 -INFO - All stocks - json file saved
2024-05-27 02:28:03,999 -INFO - All stocks - Excel file Saved
2024-05-27 02:28:03,999 -INFO - All stocks - json file saved
2024-05-27 02:28:03,999 -INFO - 75 - 100 - Stock threading ended ....
2024-05-27 02:28:05,138 -INFO - BALRAMCHIN.NS - Process function started
2024-05-27 02:28:05,138 -INFO - BALRAMCHIN.NS - Reading existing data...
2024-05-27 02:28:05,139 -INFO - SRF.NS - Process function started
2024-05-27 02:28:05,139 -INFO - SRF.NS - Reading existing data...
2024-05-27 02:28:05,139 -INFO - DHAMPURSUG.NS - Process function started
2024-05-27 02:28:05,140 -INFO - BOSCHLTD.NS - Process function started
2024-05-27 02:28:05,140 -INFO - BOSCHLTD.NS - Reading existing data...
2024-05-27 02:28:05,140 -INFO - CONCOR.NS - Process function started
2024-05-27 02:28:05,140 -INFO - CONCOR.NS - Reading existing data...
2024-05-27 02:28:05,141 -INFO - DHAMPURSUG.NS - Reading existing data...
2024-05-27 02:28:05,141 -INFO - COLPAL.NS - Process function started
2024-05-27 02:28:05,141 -INFO - COLPAL.NS - Reading existing data...
2024-05-27 02:28:05,141 -INFO - CGPOWER.NS - Process function started
2024-05-27 02:28:05,141 -INFO - CGPOWER.NS - Reading existing data...
2024-05-27 02:28:05,141 -INFO - AVADHSUGAR.NS - Process function started
2024-05-27 02:28:05,142 -INFO - AVADHSUGAR.NS - Reading existing data...
2024-05-27 02:28:05,142 -INFO - DWARKESH.NS - Process function started
2024-05-27 02:28:05,142 -INFO - DWARKESH.NS - Reading existing data...
2024-05-27 02:28:05,142 -INFO - ADANIPOWER.NS - Process function started
2024-05-27 02:28:05,142 -INFO - ADANIPOWER.NS - Reading existing data...
2024-05-27 02:28:05,144 -INFO - ABB.NS - Process function started
2024-05-27 02:28:05,144 -INFO - ABB.NS - Reading existing data...
2024-05-27 02:28:05,146 -INFO - DALBHARAT.NS - Process function started
2024-05-27 02:28:05,146 -INFO - DALBHARAT.NS - Reading existing data...
2024-05-27 02:28:05,147 -INFO - HAVELLS.NS - Process function started
2024-05-27 02:28:05,147 -INFO - HAVELLS.NS - Reading existing data...
2024-05-27 02:28:05,147 -INFO - BDL.NS - Process function started
2024-05-27 02:28:05,147 -INFO - BDL.NS - Reading existing data...
2024-05-27 02:28:05,148 -INFO - BANARISUG.NS - Process function started
2024-05-27 02:28:05,149 -INFO - NAUKRI.NS - Process function started
2024-05-27 02:28:05,149 -INFO - BANARISUG.NS - Reading existing data...
2024-05-27 02:28:05,150 -INFO - GIPCL.NS - Process function started
2024-05-27 02:28:05,150 -INFO - NAUKRI.NS - Reading existing data...
2024-05-27 02:28:05,150 -INFO - DCMSRIND.NS - Process function started
2024-05-27 02:28:05,151 -INFO - TRENT.NS - Process function started
2024-05-27 02:28:05,151 -INFO - GIPCL.NS - Reading existing data...
2024-05-27 02:28:05,151 -INFO - DALMIASUG.NS - Process function started
2024-05-27 02:28:05,152 -INFO - DIXON.NS - Process function started
2024-05-27 02:28:05,152 -INFO - ARE&M.NS - Process function started
2024-05-27 02:28:05,152 -INFO - DCMSRIND.NS - Reading existing data...
2024-05-27 02:28:05,153 -INFO - IRB.NS - Process function started
2024-05-27 02:28:05,153 -INFO - TRENT.NS - Reading existing data...
2024-05-27 02:28:05,154 -INFO - COCHINSHIP.NS - Process function started
2024-05-27 02:28:05,155 -INFO - DALMIASUG.NS - Reading existing data...
2024-05-27 02:28:05,155 -INFO - BAJAJHIND.NS - Process function started
2024-05-27 02:28:05,155 -INFO - DIXON.NS - Reading existing data...
2024-05-27 02:28:05,155 -INFO - ARE&M.NS - Reading existing data...
2024-05-27 02:28:05,159 -INFO - IRB.NS - Reading existing data...
2024-05-27 02:28:05,160 -INFO - COCHINSHIP.NS - Reading existing data...
2024-05-27 02:28:05,161 -INFO - BAJAJHIND.NS - Reading existing data...
2024-05-27 02:28:05,218 -INFO - COLPAL.NS - add_ph_pl_values function started
2024-05-27 02:28:05,219 -INFO - COLPAL.NS - add_ph_pl_values function Ended
2024-05-27 02:28:05,233 -INFO - BALRAMCHIN.NS - add_ph_pl_values function started
2024-05-27 02:28:05,236 -INFO - BALRAMCHIN.NS - add_ph_pl_values function Ended
2024-05-27 02:28:05,287 -INFO - BOSCHLTD.NS - add_ph_pl_values function started
2024-05-27 02:28:05,290 -INFO - SRF.NS - add_ph_pl_values function started
2024-05-27 02:28:05,293 -INFO - BOSCHLTD.NS - add_ph_pl_values function Ended
2024-05-27 02:28:05,294 -INFO - DWARKESH.NS - add_ph_pl_values function started
2024-05-27 02:28:05,307 -INFO - SRF.NS - add_ph_pl_values function Ended
2024-05-27 02:28:05,323 -INFO - DWARKESH.NS - add_ph_pl_values function Ended
2024-05-27 02:28:05,324 -INFO - AVADHSUGAR.NS - add_ph_pl_values function started
2024-05-27 02:28:05,330 -INFO - AVADHSUGAR.NS - add_ph_pl_values function Ended
2024-05-27 02:28:05,377 -INFO - DALBHARAT.NS - add_ph_pl_values function started
2024-05-27 02:28:05,380 -INFO - ADANIPOWER.NS - add_ph_pl_values function started
2024-05-27 02:28:05,382 -INFO - DALBHARAT.NS - add_ph_pl_values function Ended
2024-05-27 02:28:05,388 -INFO - CGPOWER.NS - add_ph_pl_values function started
2024-05-27 02:28:05,418 -INFO - CONCOR.NS - add_ph_pl_values function started
2024-05-27 02:28:05,420 -INFO - ADANIPOWER.NS - add_ph_pl_values function Ended
2024-05-27 02:28:05,441 -INFO - ABB.NS - add_ph_pl_values function started
2024-05-27 02:28:05,477 -INFO - CGPOWER.NS - add_ph_pl_values function Ended
2024-05-27 02:28:05,477 -INFO - DHAMPURSUG.NS - add_ph_pl_values function started
2024-05-27 02:28:05,504 -INFO - HAVELLS.NS - add_ph_pl_values function started
2024-05-27 02:28:05,522 -INFO - CONCOR.NS - add_ph_pl_values function Ended
2024-05-27 02:28:05,528 -INFO - ABB.NS - add_ph_pl_values function Ended
2024-05-27 02:28:05,536 -INFO - BANARISUG.NS - add_ph_pl_values function started
2024-05-27 02:28:05,550 -INFO - GIPCL.NS - add_ph_pl_values function started
2024-05-27 02:28:05,574 -INFO - DHAMPURSUG.NS - add_ph_pl_values function Ended
2024-05-27 02:28:05,595 -INFO - BDL.NS - add_ph_pl_values function started
2024-05-27 02:28:05,596 -INFO - NAUKRI.NS - add_ph_pl_values function started
2024-05-27 02:28:05,639 -INFO - HAVELLS.NS - add_ph_pl_values function Ended
2024-05-27 02:28:05,662 -INFO - DCMSRIND.NS - add_ph_pl_values function started
2024-05-27 02:28:05,663 -INFO - TRENT.NS - add_ph_pl_values function started
2024-05-27 02:28:05,667 -INFO - IRB.NS - add_ph_pl_values function started
2024-05-27 02:28:05,667 -INFO - BANARISUG.NS - add_ph_pl_values function Ended
2024-05-27 02:28:05,668 -INFO - DIXON.NS - add_ph_pl_values function started
2024-05-27 02:28:05,669 -INFO - ARE&M.NS - add_ph_pl_values function started
2024-05-27 02:28:05,669 -INFO - DALMIASUG.NS - add_ph_pl_values function started
2024-05-27 02:28:05,669 -INFO - COCHINSHIP.NS - add_ph_pl_values function started
2024-05-27 02:28:05,676 -INFO - BAJAJHIND.NS - add_ph_pl_values function started
2024-05-27 02:28:05,679 -INFO - GIPCL.NS - add_ph_pl_values function Ended
2024-05-27 02:28:05,680 -INFO - BDL.NS - add_ph_pl_values function Ended
2024-05-27 02:28:05,698 -INFO - NAUKRI.NS - add_ph_pl_values function Ended
2024-05-27 02:28:05,715 -INFO - DCMSRIND.NS - add_ph_pl_values function Ended
2024-05-27 02:28:05,737 -INFO - TRENT.NS - add_ph_pl_values function Ended
2024-05-27 02:28:05,814 -INFO - IRB.NS - add_ph_pl_values function Ended
2024-05-27 02:28:05,818 -INFO - DIXON.NS - add_ph_pl_values function Ended
2024-05-27 02:28:05,826 -INFO - ARE&M.NS - add_ph_pl_values function Ended
2024-05-27 02:28:05,842 -INFO - DALMIASUG.NS - add_ph_pl_values function Ended
2024-05-27 02:28:05,913 -INFO - COCHINSHIP.NS - add_ph_pl_values function Ended
2024-05-27 02:28:05,930 -INFO - BAJAJHIND.NS - add_ph_pl_values function Ended
2024-05-27 02:28:06,429 -INFO - All stocks - Excel file Saved
2024-05-27 02:28:06,528 -INFO - All stocks - json file saved
2024-05-27 02:28:06,530 -INFO - BALRAMCHIN.NS - alerts file Saved
2024-05-27 02:28:06,530 -INFO - BALRAMCHIN.NS - Process function Ended
2024-05-27 02:28:06,589 -INFO - All stocks - Excel file Saved
2024-05-27 02:28:06,654 -INFO - All stocks - json file saved
2024-05-27 02:28:06,654 -INFO - COLPAL.NS - alerts file Saved
2024-05-27 02:28:06,654 -INFO - COLPAL.NS - Process function Ended
2024-05-27 02:28:06,837 -INFO - All stocks - Excel file Saved
2024-05-27 02:28:06,840 -INFO - All stocks - json file saved
2024-05-27 02:28:06,853 -INFO - AVADHSUGAR.NS - alerts file Saved
2024-05-27 02:28:06,853 -INFO - AVADHSUGAR.NS - Process function Ended
2024-05-27 02:28:06,886 -INFO - All stocks - Excel file Saved
2024-05-27 02:28:06,913 -INFO - All stocks - json file saved
2024-05-27 02:28:06,914 -INFO - BOSCHLTD.NS - alerts file Saved
2024-05-27 02:28:06,914 -INFO - BOSCHLTD.NS - Process function Ended
2024-05-27 02:28:06,916 -INFO - All stocks - Excel file Saved
2024-05-27 02:28:06,968 -INFO - All stocks - json file saved
2024-05-27 02:28:06,968 -INFO - DALBHARAT.NS - alerts file Saved
2024-05-27 02:28:06,980 -INFO - DALBHARAT.NS - Process function Ended
2024-05-27 02:28:07,008 -INFO - All stocks - Excel file Saved
2024-05-27 02:28:07,015 -INFO - All stocks - json file saved
2024-05-27 02:28:07,015 -INFO - SRF.NS - alerts file Saved
2024-05-27 02:28:07,015 -INFO - SRF.NS - Process function Ended
2024-05-27 02:28:07,191 -INFO - All stocks - Excel file Saved
2024-05-27 02:28:07,191 -INFO - All stocks - Excel file Saved
2024-05-27 02:28:07,196 -INFO - All stocks - json file saved
2024-05-27 02:28:07,196 -INFO - DCMSRIND.NS - alerts file Saved
2024-05-27 02:28:07,196 -INFO - DCMSRIND.NS - Process function Ended
2024-05-27 02:28:07,196 -INFO - All stocks - json file saved
2024-05-27 02:28:07,196 -INFO - ADANIPOWER.NS - alerts file Saved
2024-05-27 02:28:07,196 -INFO - ADANIPOWER.NS - Process function Ended
2024-05-27 02:28:07,215 -INFO - All stocks - Excel file Saved
2024-05-27 02:28:07,270 -INFO - All stocks - Excel file Saved
2024-05-27 02:28:07,292 -INFO - All stocks - json file saved
2024-05-27 02:28:07,292 -INFO - ABB.NS - alerts file Saved
2024-05-27 02:28:07,292 -INFO - ABB.NS - Process function Ended
2024-05-27 02:28:07,298 -INFO - All stocks - Excel file Saved
2024-05-27 02:28:07,351 -INFO - All stocks - json file saved
2024-05-27 02:28:07,351 -INFO - DWARKESH.NS - alerts file Saved
2024-05-27 02:28:07,351 -INFO - DWARKESH.NS - Process function Ended
2024-05-27 02:28:07,387 -INFO - All stocks - json file saved
2024-05-27 02:28:07,398 -INFO - CONCOR.NS - alerts file Saved
2024-05-27 02:28:07,398 -INFO - CONCOR.NS - Process function Ended
2024-05-27 02:28:07,414 -INFO - All stocks - Excel file Saved
2024-05-27 02:28:07,483 -INFO - All stocks - json file saved
2024-05-27 02:28:07,483 -INFO - NAUKRI.NS - alerts file Saved
2024-05-27 02:28:07,484 -INFO - NAUKRI.NS - Process function Ended
2024-05-27 02:28:07,486 -INFO - All stocks - Excel file Saved
2024-05-27 02:28:07,488 -INFO - All stocks - json file saved
2024-05-27 02:28:07,488 -INFO - BDL.NS - alerts file Saved
2024-05-27 02:28:07,489 -INFO - All stocks - Excel file Saved
2024-05-27 02:28:07,489 -INFO - All stocks - Excel file Saved
2024-05-27 02:28:07,489 -INFO - BDL.NS - Process function Ended
2024-05-27 02:28:07,489 -INFO - All stocks - Excel file Saved
2024-05-27 02:28:07,490 -INFO - All stocks - Excel file Saved
2024-05-27 02:28:07,490 -INFO - All stocks - Excel file Saved
2024-05-27 02:28:07,491 -INFO - All stocks - Excel file Saved
2024-05-27 02:28:07,492 -INFO - All stocks - json file saved
2024-05-27 02:28:07,492 -INFO - HAVELLS.NS - alerts file Saved
2024-05-27 02:28:07,492 -INFO - HAVELLS.NS - Process function Ended
2024-05-27 02:28:07,492 -INFO - All stocks - json file saved
2024-05-27 02:28:07,492 -INFO - All stocks - json file saved
2024-05-27 02:28:07,493 -INFO - IRB.NS - alerts file Saved
2024-05-27 02:28:07,493 -INFO - All stocks - json file saved
2024-05-27 02:28:07,493 -INFO - TRENT.NS - alerts file Saved
2024-05-27 02:28:07,493 -INFO - BAJAJHIND.NS - alerts file Saved
2024-05-27 02:28:07,493 -INFO - BAJAJHIND.NS - Process function Ended
2024-05-27 02:28:07,493 -INFO - IRB.NS - Process function Ended
2024-05-27 02:28:07,493 -INFO - TRENT.NS - Process function Ended
2024-05-27 02:28:07,493 -INFO - All stocks - json file saved
2024-05-27 02:28:07,495 -INFO - ARE&M.NS - alerts file Saved
2024-05-27 02:28:07,495 -INFO - ARE&M.NS - Process function Ended
2024-05-27 02:28:07,493 -INFO - All stocks - Excel file Saved
2024-05-27 02:28:07,495 -INFO - All stocks - Excel file Saved
2024-05-27 02:28:07,493 -INFO - All stocks - json file saved
2024-05-27 02:28:07,496 -INFO - All stocks - Excel file Saved
2024-05-27 02:28:07,496 -INFO - CGPOWER.NS - alerts file Saved
2024-05-27 02:28:07,496 -INFO - CGPOWER.NS - Process function Ended
2024-05-27 02:28:07,496 -INFO - All stocks - json file saved
2024-05-27 02:28:07,496 -INFO - DALMIASUG.NS - alerts file Saved
2024-05-27 02:28:07,496 -INFO - DALMIASUG.NS - Process function Ended
2024-05-27 02:28:07,497 -INFO - All stocks - Excel file Saved
2024-05-27 02:28:07,497 -INFO - All stocks - json file saved
2024-05-27 02:28:07,497 -INFO - DHAMPURSUG.NS - alerts file Saved
2024-05-27 02:28:07,497 -INFO - DHAMPURSUG.NS - Process function Ended
2024-05-27 02:28:07,497 -INFO - All stocks - json file saved
2024-05-27 02:28:07,497 -INFO - GIPCL.NS - alerts file Saved
2024-05-27 02:28:07,497 -INFO - GIPCL.NS - Process function Ended
2024-05-27 02:28:07,497 -INFO - All stocks - json file saved
2024-05-27 02:28:07,497 -INFO - BANARISUG.NS - alerts file Saved
2024-05-27 02:28:07,497 -INFO - BANARISUG.NS - Process function Ended
2024-05-27 02:28:07,500 -INFO - All stocks - Excel file Saved
2024-05-27 02:28:07,501 -INFO - All stocks - Excel file Saved
2024-05-27 02:28:07,501 -INFO - All stocks - json file saved
2024-05-27 02:28:07,501 -INFO - COCHINSHIP.NS - alerts file Saved
2024-05-27 02:28:07,501 -INFO - COCHINSHIP.NS - Process function Ended
2024-05-27 02:28:07,501 -INFO - All stocks - json file saved
2024-05-27 02:28:07,501 -INFO - DIXON.NS - alerts file Saved
2024-05-27 02:28:07,501 -INFO - DIXON.NS - Process function Ended
2024-05-27 02:28:07,564 -INFO - All stocks - Excel file Saved
2024-05-27 02:28:07,577 -INFO - All stocks - json file saved
2024-05-27 02:28:07,663 -INFO - All stocks - Excel file Saved
2024-05-27 02:28:07,686 -INFO - All stocks - json file saved
2024-05-27 02:28:07,686 -INFO - 100 - 125 - Stock threading ended ....
2024-05-27 02:28:08,702 -INFO - RVNL.NS - Process function started
2024-05-27 02:28:08,702 -INFO - RVNL.NS - Reading existing data...
2024-05-27 02:28:08,703 -INFO - RENUKA.NS - Process function started
2024-05-27 02:28:08,703 -INFO - RENUKA.NS - Reading existing data...
2024-05-27 02:28:08,703 -INFO - JBMA.NS - Process function started
2024-05-27 02:28:08,703 -INFO - JBMA.NS - Reading existing data...
2024-05-27 02:28:08,703 -INFO - MOSCHIP.BO - Process function started
2024-05-27 02:28:08,704 -INFO - MOSCHIP.BO - Reading existing data...
2024-05-27 02:28:08,705 -INFO - IRCON.NS - Process function started
2024-05-27 02:28:08,705 -INFO - IRCON.NS - Reading existing data...
2024-05-27 02:28:08,706 -INFO - UGARSUGAR.NS - Process function started
2024-05-27 02:28:08,706 -INFO - UGARSUGAR.NS - Reading existing data...
2024-05-27 02:28:08,707 -INFO - MAZDOCK.NS - Process function started
2024-05-27 02:28:08,708 -INFO - SJVN.NS - Process function started
2024-05-27 02:28:08,708 -INFO - MAZDOCK.NS - Reading existing data...
2024-05-27 02:28:08,709 -INFO - SJVN.NS - Reading existing data...
2024-05-27 02:28:08,709 -INFO - NHPC.NS - Process function started
2024-05-27 02:28:08,711 -INFO - NHPC.NS - Reading existing data...
2024-05-27 02:28:08,711 -INFO - WELENT.NS - Process function started
2024-05-27 02:28:08,711 -INFO - WELENT.NS - Reading existing data...
2024-05-27 02:28:08,711 -INFO - PRAJIND.NS - Process function started
2024-05-27 02:28:08,711 -INFO - PRAJIND.NS - Reading existing data...
2024-05-27 02:28:08,712 -INFO - PARAS.NS - Process function started
2024-05-27 02:28:08,712 -INFO - PARAS.NS - Reading existing data...
2024-05-27 02:28:08,714 -INFO - SYRMA.NS - Process function started
2024-05-27 02:28:08,714 -INFO - SYRMA.NS - Reading existing data...
2024-05-27 02:28:08,720 -INFO - IRFC.NS - Process function started
2024-05-27 02:28:08,721 -INFO - IRFC.NS - Reading existing data...
2024-05-27 02:28:08,721 -INFO - PATELENG.NS - Process function started
2024-05-27 02:28:08,723 -INFO - NLCINDIA.NS - Process function started
2024-05-27 02:28:08,724 -INFO - RIR.BO - Process function started
2024-05-27 02:28:08,725 -INFO - PATELENG.NS - Reading existing data...
2024-05-27 02:28:08,725 -INFO - NLCINDIA.NS - Reading existing data...
2024-05-27 02:28:08,725 -INFO - RIR.BO - Reading existing data...
2024-05-27 02:28:08,726 -INFO - NCC.NS - Process function started
2024-05-27 02:28:08,726 -INFO - KAYNES.NS - Process function started
2024-05-27 02:28:08,726 -INFO - NBCC.NS - Process function started
2024-05-27 02:28:08,727 -INFO - KPIGREEN.NS - Process function started
2024-05-27 02:28:08,727 -INFO - JBMA.NS - add_ph_pl_values function started
2024-05-27 02:28:08,727 -INFO - TATAMTRDVR.NS - Process function started
2024-05-27 02:28:08,727 -INFO - NCC.NS - Reading existing data...
2024-05-27 02:28:08,727 -INFO - KAYNES.NS - Reading existing data...
2024-05-27 02:28:08,727 -INFO - OLECTRA.NS - Process function started
2024-05-27 02:28:08,728 -INFO - TATAELXSI.NS - Process function started
2024-05-27 02:28:08,728 -INFO - NBCC.NS - Reading existing data...
2024-05-27 02:28:08,728 -INFO - KPIGREEN.NS - Reading existing data...
2024-05-27 02:28:08,734 -INFO - TATAMTRDVR.NS - Reading existing data...
2024-05-27 02:28:08,738 -INFO - OLECTRA.NS - Reading existing data...
2024-05-27 02:28:08,738 -INFO - JBMA.NS - add_ph_pl_values function Ended
2024-05-27 02:28:08,738 -INFO - TATAELXSI.NS - Reading existing data...
2024-05-27 02:28:08,741 -INFO - RVNL.NS - add_ph_pl_values function started
2024-05-27 02:28:08,751 -INFO - RVNL.NS - add_ph_pl_values function Ended
2024-05-27 02:28:08,768 -INFO - IRCON.NS - add_ph_pl_values function started
2024-05-27 02:28:08,769 -INFO - IRCON.NS - add_ph_pl_values function Ended
2024-05-27 02:28:08,784 -INFO - RENUKA.NS - add_ph_pl_values function started
2024-05-27 02:28:08,793 -INFO - RENUKA.NS - add_ph_pl_values function Ended
2024-05-27 02:28:08,815 -INFO - MOSCHIP.BO - add_ph_pl_values function started
2024-05-27 02:28:08,830 -INFO - MOSCHIP.BO - add_ph_pl_values function Ended
2024-05-27 02:28:08,831 -INFO - UGARSUGAR.NS - add_ph_pl_values function started
2024-05-27 02:28:08,844 -INFO - UGARSUGAR.NS - add_ph_pl_values function Ended
2024-05-27 02:28:08,940 -INFO - MAZDOCK.NS - add_ph_pl_values function started
2024-05-27 02:28:08,942 -INFO - MAZDOCK.NS - add_ph_pl_values function Ended
2024-05-27 02:28:08,943 -INFO - WELENT.NS - add_ph_pl_values function started
2024-05-27 02:28:08,991 -INFO - WELENT.NS - add_ph_pl_values function Ended
2024-05-27 02:28:08,996 -INFO - NHPC.NS - add_ph_pl_values function started
2024-05-27 02:28:09,012 -INFO - PATELENG.NS - add_ph_pl_values function started
2024-05-27 02:28:09,026 -INFO - PRAJIND.NS - add_ph_pl_values function started
2024-05-27 02:28:09,039 -INFO - SJVN.NS - add_ph_pl_values function started
2024-05-27 02:28:09,044 -INFO - NHPC.NS - add_ph_pl_values function Ended
2024-05-27 02:28:09,055 -INFO - PARAS.NS - add_ph_pl_values function started
2024-05-27 02:28:09,055 -INFO - SYRMA.NS - add_ph_pl_values function started
2024-05-27 02:28:09,103 -INFO - IRFC.NS - add_ph_pl_values function started
2024-05-27 02:28:09,111 -INFO - PATELENG.NS - add_ph_pl_values function Ended
2024-05-27 02:28:09,135 -INFO - NLCINDIA.NS - add_ph_pl_values function started
2024-05-27 02:28:09,168 -INFO - TATAMTRDVR.NS - add_ph_pl_values function started
2024-05-27 02:28:09,171 -INFO - PRAJIND.NS - add_ph_pl_values function Ended
2024-05-27 02:28:09,173 -INFO - RIR.BO - add_ph_pl_values function started
2024-05-27 02:28:09,189 -INFO - NBCC.NS - add_ph_pl_values function started
2024-05-27 02:28:09,190 -INFO - NCC.NS - add_ph_pl_values function started
2024-05-27 02:28:09,191 -INFO - SJVN.NS - add_ph_pl_values function Ended
2024-05-27 02:28:09,196 -INFO - PARAS.NS - add_ph_pl_values function Ended
2024-05-27 02:28:09,210 -INFO - SYRMA.NS - add_ph_pl_values function Ended
2024-05-27 02:28:09,212 -INFO - KAYNES.NS - add_ph_pl_values function started
2024-05-27 02:28:09,217 -INFO - IRFC.NS - add_ph_pl_values function Ended
2024-05-27 02:28:09,222 -INFO - KPIGREEN.NS - add_ph_pl_values function started
2024-05-27 02:28:09,240 -INFO - OLECTRA.NS - add_ph_pl_values function started
2024-05-27 02:28:09,243 -INFO - NLCINDIA.NS - add_ph_pl_values function Ended
2024-05-27 02:28:09,256 -INFO - TATAMTRDVR.NS - add_ph_pl_values function Ended
2024-05-27 02:28:09,257 -INFO - TATAELXSI.NS - add_ph_pl_values function started
2024-05-27 02:28:09,270 -INFO - RIR.BO - add_ph_pl_values function Ended
2024-05-27 02:28:09,299 -INFO - NBCC.NS - add_ph_pl_values function Ended
2024-05-27 02:28:09,377 -INFO - NCC.NS - add_ph_pl_values function Ended
2024-05-27 02:28:09,384 -INFO - KAYNES.NS - add_ph_pl_values function Ended
2024-05-27 02:28:09,392 -INFO - KPIGREEN.NS - add_ph_pl_values function Ended
2024-05-27 02:28:09,415 -INFO - OLECTRA.NS - add_ph_pl_values function Ended
2024-05-27 02:28:09,422 -INFO - TATAELXSI.NS - add_ph_pl_values function Ended
2024-05-27 02:28:09,743 -INFO - All stocks - Excel file Saved
2024-05-27 02:28:09,752 -INFO - All stocks - json file saved
2024-05-27 02:28:09,752 -INFO - RVNL.NS - alerts file Saved
2024-05-27 02:28:09,752 -INFO - RVNL.NS - Process function Ended
2024-05-27 02:28:09,757 -INFO - All stocks - Excel file Saved
2024-05-27 02:28:09,757 -INFO - All stocks - json file saved
2024-05-27 02:28:09,757 -INFO - IRCON.NS - alerts file Saved
2024-05-27 02:28:09,757 -INFO - IRCON.NS - Process function Ended
2024-05-27 02:28:10,073 -INFO - All stocks - Excel file Saved
2024-05-27 02:28:10,106 -INFO - All stocks - json file saved
2024-05-27 02:28:10,106 -INFO - JBMA.NS - alerts file Saved
2024-05-27 02:28:10,106 -INFO - JBMA.NS - Process function Ended
2024-05-27 02:28:10,175 -INFO - All stocks - Excel file Saved
2024-05-27 02:28:10,188 -INFO - All stocks - json file saved
2024-05-27 02:28:10,188 -INFO - UGARSUGAR.NS - alerts file Saved
2024-05-27 02:28:10,188 -INFO - UGARSUGAR.NS - Process function Ended
2024-05-27 02:28:10,264 -INFO - All stocks - Excel file Saved
2024-05-27 02:28:10,313 -INFO - All stocks - json file saved
2024-05-27 02:28:10,317 -INFO - WELENT.NS - alerts file Saved
2024-05-27 02:28:10,317 -INFO - WELENT.NS - Process function Ended
2024-05-27 02:28:10,448 -INFO - All stocks - Excel file Saved
2024-05-27 02:28:10,471 -INFO - All stocks - Excel file Saved
2024-05-27 02:28:10,515 -INFO - All stocks - Excel file Saved
2024-05-27 02:28:10,531 -INFO - All stocks - json file saved
2024-05-27 02:28:10,531 -INFO - RENUKA.NS - alerts file Saved
2024-05-27 02:28:10,531 -INFO - RENUKA.NS - Process function Ended
2024-05-27 02:28:10,597 -INFO - All stocks - json file saved
2024-05-27 02:28:10,609 -INFO - All stocks - json file saved
2024-05-27 02:28:10,611 -INFO - SJVN.NS - alerts file Saved
2024-05-27 02:28:10,644 -INFO - SJVN.NS - Process function Ended
2024-05-27 02:28:10,643 -INFO - MOSCHIP.BO - alerts file Saved
2024-05-27 02:28:10,658 -INFO - MOSCHIP.BO - Process function Ended
2024-05-27 02:28:10,663 -INFO - All stocks - Excel file Saved
2024-05-27 02:28:10,664 -INFO - All stocks - Excel file Saved
2024-05-27 02:28:10,676 -INFO - All stocks - json file saved
2024-05-27 02:28:10,676 -INFO - PATELENG.NS - alerts file Saved
2024-05-27 02:28:10,676 -INFO - PATELENG.NS - Process function Ended
2024-05-27 02:28:10,679 -INFO - All stocks - Excel file Saved
2024-05-27 02:28:10,680 -INFO - All stocks - json file saved
2024-05-27 02:28:10,680 -INFO - PARAS.NS - alerts file Saved
2024-05-27 02:28:10,680 -INFO - PARAS.NS - Process function Ended
2024-05-27 02:28:10,691 -INFO - All stocks - json file saved
2024-05-27 02:28:10,691 -INFO - MAZDOCK.NS - alerts file Saved
2024-05-27 02:28:10,691 -INFO - MAZDOCK.NS - Process function Ended
2024-05-27 02:28:10,692 -INFO - All stocks - Excel file Saved
2024-05-27 02:28:10,693 -INFO - All stocks - Excel file Saved
2024-05-27 02:28:10,712 -INFO - All stocks - json file saved
2024-05-27 02:28:10,712 -INFO - SYRMA.NS - alerts file Saved
2024-05-27 02:28:10,712 -INFO - SYRMA.NS - Process function Ended
2024-05-27 02:28:10,713 -INFO - All stocks - json file saved
2024-05-27 02:28:10,713 -INFO - NHPC.NS - alerts file Saved
2024-05-27 02:28:10,713 -INFO - NHPC.NS - Process function Ended
2024-05-27 02:28:10,757 -INFO - All stocks - Excel file Saved
2024-05-27 02:28:10,762 -INFO - All stocks - json file saved
2024-05-27 02:28:10,762 -INFO - IRFC.NS - alerts file Saved
2024-05-27 02:28:10,762 -INFO - IRFC.NS - Process function Ended
2024-05-27 02:28:10,763 -INFO - All stocks - Excel file Saved
2024-05-27 02:28:10,775 -INFO - All stocks - json file saved
2024-05-27 02:28:10,775 -INFO - RIR.BO - alerts file Saved
2024-05-27 02:28:10,775 -INFO - RIR.BO - Process function Ended
2024-05-27 02:28:10,775 -INFO - All stocks - Excel file Saved
2024-05-27 02:28:10,777 -INFO - All stocks - Excel file Saved
2024-05-27 02:28:10,777 -INFO - All stocks - json file saved
2024-05-27 02:28:10,777 -INFO - NBCC.NS - alerts file Saved
2024-05-27 02:28:10,777 -INFO - NBCC.NS - Process function Ended
2024-05-27 02:28:10,846 -INFO - All stocks - json file saved
2024-05-27 02:28:10,846 -INFO - PRAJIND.NS - alerts file Saved
2024-05-27 02:28:10,846 -INFO - PRAJIND.NS - Process function Ended
2024-05-27 02:28:10,859 -INFO - All stocks - Excel file Saved
2024-05-27 02:28:10,859 -INFO - All stocks - Excel file Saved
2024-05-27 02:28:10,860 -INFO - All stocks - Excel file Saved
2024-05-27 02:28:10,861 -INFO - All stocks - json file saved
2024-05-27 02:28:10,861 -INFO - KPIGREEN.NS - alerts file Saved
2024-05-27 02:28:10,861 -INFO - KPIGREEN.NS - Process function Ended
2024-05-27 02:28:10,861 -INFO - All stocks - json file saved
2024-05-27 02:28:10,861 -INFO - TATAMTRDVR.NS - alerts file Saved
2024-05-27 02:28:10,861 -INFO - TATAMTRDVR.NS - Process function Ended
2024-05-27 02:28:10,883 -INFO - All stocks - json file saved
2024-05-27 02:28:10,883 -INFO - NLCINDIA.NS - alerts file Saved
2024-05-27 02:28:10,883 -INFO - NLCINDIA.NS - Process function Ended
2024-05-27 02:28:10,883 -INFO - All stocks - Excel file Saved
2024-05-27 02:28:10,896 -INFO - All stocks - json file saved
2024-05-27 02:28:10,896 -INFO - NCC.NS - alerts file Saved
2024-05-27 02:28:10,896 -INFO - NCC.NS - Process function Ended
2024-05-27 02:28:10,900 -INFO - All stocks - Excel file Saved
2024-05-27 02:28:10,900 -INFO - All stocks - Excel file Saved
2024-05-27 02:28:10,901 -INFO - All stocks - json file saved
2024-05-27 02:28:10,901 -INFO - OLECTRA.NS - alerts file Saved
2024-05-27 02:28:10,901 -INFO - OLECTRA.NS - Process function Ended
2024-05-27 02:28:10,901 -INFO - All stocks - Excel file Saved
2024-05-27 02:28:10,901 -INFO - All stocks - json file saved
2024-05-27 02:28:10,901 -INFO - KAYNES.NS - alerts file Saved
2024-05-27 02:28:10,901 -INFO - KAYNES.NS - Process function Ended
2024-05-27 02:28:10,901 -INFO - All stocks - json file saved
2024-05-27 02:28:10,901 -INFO - TATAELXSI.NS - alerts file Saved
2024-05-27 02:28:10,901 -INFO - TATAELXSI.NS - Process function Ended
2024-05-27 02:28:10,961 -INFO - All stocks - Excel file Saved
2024-05-27 02:28:10,961 -INFO - All stocks - json file saved
2024-05-27 02:28:11,022 -INFO - All stocks - Excel file Saved
2024-05-27 02:28:11,022 -INFO - All stocks - json file saved
2024-05-27 02:28:11,022 -INFO - 125 - 149 - Stock threading ended ....
2024-05-27 02:28:11,022 -INFO - 0 - time Completed 
2024-05-27 02:28:11,022 -INFO - All sttock completed...
2024-05-27 02:28:11,022 -INFO - After 1 itr Completed...Exit...
2024-05-27 02:28:11,022 -INFO - Reset to default value..
2024-05-27 02:28:11,084 -INFO - All stocks - Excel file Saved
2024-05-27 02:28:11,084 -INFO - All stocks - json file saved
