2024-05-24 06:16:19,848 -INFO - Started...
2024-05-24 06:16:19,850 -INFO - Failed to create TzCache, reason: Error creating TzCache folder: '/Users/runner/Library/Caches/py-yfinance' reason: [Errno 17] File exists: '/Users/runner/Library/Caches/py-yfinance'. TzCache will not be used. Tip: You can direct cache to use a different location with 'set_tz_cache_location(mylocation)'
2024-05-24 06:16:19,850 -INFO - Failed to create TzCache, reason: Error creating TzCache folder: '/Users/runner/Library/Caches/py-yfinance' reason: [Errno 17] File exists: '/Users/runner/Library/Caches/py-yfinance'. TzCache will not be used. Tip: You can direct cache to use a different location with 'set_tz_cache_location(mylocation)'
2024-05-24 06:16:21,192 -INFO - BAJFINANCE.NS - Process function started
2024-05-24 06:16:21,194 -INFO - BAJFINANCE.NS - isPivot function started
2024-05-24 06:16:21,221 -INFO - BAJFINANCE.NS - isPivot function Ended
2024-05-24 06:16:21,221 -INFO - BAJFINANCE.NS -  detect_structure function started
2024-05-24 06:16:21,225 -INFO - BAJFINANCE.NS -  two_line_structure function started
2024-05-24 06:16:21,236 -INFO - NIFTY_FIN_SERVICE.NS - Process function started
2024-05-24 06:16:21,239 -INFO - ADANIPORTS.NS - Process function started
2024-05-24 06:16:21,240 -INFO - ADANIPORTS.NS - isPivot function started
2024-05-24 06:16:21,260 -INFO - ADANIPORTS.NS - isPivot function Ended
2024-05-24 06:16:21,261 -INFO - ADANIPORTS.NS -  detect_structure function started
2024-05-24 06:16:21,263 -INFO - NIFTY_FIN_SERVICE.NS - isPivot function started
2024-05-24 06:16:21,277 -INFO - NIFTY_FIN_SERVICE.NS - isPivot function Ended
2024-05-24 06:16:21,277 -INFO - NIFTY_FIN_SERVICE.NS -  detect_structure function started
2024-05-24 06:16:21,282 -INFO - NIFTY_FIN_SERVICE.NS -  two_line_structure function started
2024-05-24 06:16:21,284 -INFO - ADANIPORTS.NS -  two_line_structure function started
2024-05-24 06:16:21,292 -INFO - BAJAJFINSV.NS - Process function started
2024-05-24 06:16:21,293 -INFO - BAJAJFINSV.NS - isPivot function started
2024-05-24 06:16:21,305 -INFO - ^NSEI - Process function started
2024-05-24 06:16:21,313 -INFO - ^NSEI - isPivot function started
2024-05-24 06:16:21,333 -INFO - ^NSEI - isPivot function Ended
2024-05-24 06:16:21,333 -INFO - ^NSEI -  detect_structure function started
2024-05-24 06:16:21,335 -INFO - ADANIENT.NS - Process function started
2024-05-24 06:16:21,338 -INFO - ADANIENT.NS - isPivot function started
2024-05-24 06:16:21,370 -INFO - ADANIENT.NS - isPivot function Ended
2024-05-24 06:16:21,370 -INFO - ADANIENT.NS -  detect_structure function started
2024-05-24 06:16:21,387 -INFO - BAJAJFINSV.NS - isPivot function Ended
2024-05-24 06:16:21,387 -INFO - BAJAJFINSV.NS -  detect_structure function started
2024-05-24 06:16:21,388 -INFO - ^NSEI -  two_line_structure function started
2024-05-24 06:16:21,395 -INFO - BAJAJFINSV.NS -  two_line_structure function started
2024-05-24 06:16:21,396 -INFO - ADANIENT.NS -  two_line_structure function started
2024-05-24 06:16:21,398 -INFO - ^NSEBANK - Process function started
2024-05-24 06:16:21,399 -INFO - ^NSEBANK - isPivot function started
2024-05-24 06:16:21,434 -INFO - BAJAJ-AUTO.NS - Process function started
2024-05-24 06:16:21,437 -INFO - APOLLOHOSP.NS - Process function started
2024-05-24 06:16:21,443 -INFO - ^NSEBANK - isPivot function Ended
2024-05-24 06:16:21,445 -INFO - ASIANPAINT.NS - Process function started
2024-05-24 06:16:21,450 -INFO - BAJAJ-AUTO.NS - isPivot function started
2024-05-24 06:16:21,459 -INFO - ^NSEBANK -  detect_structure function started
2024-05-24 06:16:21,463 -INFO - APOLLOHOSP.NS - isPivot function started
2024-05-24 06:16:21,489 -INFO - ^NSEBANK -  two_line_structure function started
2024-05-24 06:16:21,527 -INFO - ASIANPAINT.NS - isPivot function started
2024-05-24 06:16:21,626 -INFO - BAJAJ-AUTO.NS - isPivot function Ended
2024-05-24 06:16:21,657 -INFO - ASIANPAINT.NS - isPivot function Ended
2024-05-24 06:16:21,682 -INFO - BAJAJ-AUTO.NS -  detect_structure function started
2024-05-24 06:16:21,722 -INFO - APOLLOHOSP.NS - isPivot function Ended
2024-05-24 06:16:21,732 -INFO - BAJAJ-AUTO.NS -  two_line_structure function started
2024-05-24 06:16:21,737 -INFO - ASIANPAINT.NS -  detect_structure function started
2024-05-24 06:16:21,754 -INFO - ASIANPAINT.NS -  two_line_structure function started
2024-05-24 06:16:21,949 -INFO - APOLLOHOSP.NS -  detect_structure function started
2024-05-24 06:16:21,975 -INFO - APOLLOHOSP.NS -  two_line_structure function started
2024-05-24 06:16:24,148 -INFO - NIFTY_FIN_SERVICE.NS -  detect_structure function Ended
2024-05-24 06:16:24,608 -INFO - NIFTY_FIN_SERVICE.NS -  two_line_structure function Ended
2024-05-24 06:16:24,628 -INFO - NIFTY_FIN_SERVICE.NS - add_ph_pl_values function started
2024-05-24 06:16:24,631 -INFO - NIFTY_FIN_SERVICE.NS - add_ph_pl_values function Ended
2024-05-24 06:16:25,454 -INFO - ^NSEI -  detect_structure function Ended
2024-05-24 06:16:25,551 -INFO - ^NSEI -  two_line_structure function Ended
2024-05-24 06:16:25,585 -INFO - ^NSEI - add_ph_pl_values function started
2024-05-24 06:16:25,603 -INFO - ^NSEI - add_ph_pl_values function Ended
2024-05-24 06:16:26,082 -INFO - ADANIPORTS.NS -  two_line_structure function Ended
2024-05-24 06:16:26,112 -INFO - ADANIPORTS.NS -  detect_structure function Ended
2024-05-24 06:16:26,112 -INFO - ADANIPORTS.NS - add_ph_pl_values function started
2024-05-24 06:16:26,248 -INFO - ADANIPORTS.NS - add_ph_pl_values function Ended
2024-05-24 06:16:26,301 -INFO - ^NSEBANK -  two_line_structure function Ended
2024-05-24 06:16:26,422 -INFO - ADANIENT.NS -  two_line_structure function Ended
2024-05-24 06:16:26,506 -INFO - ^NSEBANK -  detect_structure function Ended
2024-05-24 06:16:26,516 -INFO - ^NSEBANK - add_ph_pl_values function started
2024-05-24 06:16:26,518 -INFO - ^NSEBANK - add_ph_pl_values function Ended
2024-05-24 06:16:26,537 -INFO - BAJAJFINSV.NS -  two_line_structure function Ended
2024-05-24 06:16:26,595 -INFO - BAJFINANCE.NS -  two_line_structure function Ended
2024-05-24 06:16:26,598 -INFO - BAJFINANCE.NS -  detect_structure function Ended
2024-05-24 06:16:26,626 -INFO - BAJFINANCE.NS - add_ph_pl_values function started
2024-05-24 06:16:26,630 -INFO - BAJFINANCE.NS - add_ph_pl_values function Ended
2024-05-24 06:16:26,870 -INFO - BAJAJ-AUTO.NS -  two_line_structure function Ended
2024-05-24 06:16:26,913 -INFO - BAJAJFINSV.NS -  detect_structure function Ended
2024-05-24 06:16:26,916 -INFO - BAJAJFINSV.NS - add_ph_pl_values function started
2024-05-24 06:16:26,945 -INFO - BAJAJFINSV.NS - add_ph_pl_values function Ended
2024-05-24 06:16:27,073 -INFO - ADANIENT.NS -  detect_structure function Ended
2024-05-24 06:16:27,081 -INFO - ADANIENT.NS - add_ph_pl_values function started
2024-05-24 06:16:27,094 -INFO - ADANIENT.NS - add_ph_pl_values function Ended
2024-05-24 06:16:27,137 -INFO - All stocks - Excel file Saved
2024-05-24 06:16:27,157 -INFO - All stocks - json file saved
2024-05-24 06:16:27,157 -INFO - NIFTY_FIN_SERVICE.NS - alerts file Saved
2024-05-24 06:16:27,157 -INFO - NIFTY_FIN_SERVICE.NS - Process function Ended
2024-05-24 06:16:27,179 -INFO - All stocks - Excel file Saved
2024-05-24 06:16:27,192 -INFO - All stocks - json file saved
2024-05-24 06:16:27,192 -INFO - ^NSEI - alerts file Saved
2024-05-24 06:16:27,192 -INFO - ^NSEI - Process function Ended
2024-05-24 06:16:27,291 -INFO - ASIANPAINT.NS -  detect_structure function Ended
2024-05-24 06:16:27,310 -INFO - ASIANPAINT.NS -  two_line_structure function Ended
2024-05-24 06:16:27,312 -INFO - APOLLOHOSP.NS -  two_line_structure function Ended
2024-05-24 06:16:27,314 -INFO - ASIANPAINT.NS - add_ph_pl_values function started
2024-05-24 06:16:27,320 -INFO - ASIANPAINT.NS - add_ph_pl_values function Ended
2024-05-24 06:16:27,347 -INFO - APOLLOHOSP.NS -  detect_structure function Ended
2024-05-24 06:16:27,347 -INFO - APOLLOHOSP.NS - add_ph_pl_values function started
2024-05-24 06:16:27,352 -INFO - APOLLOHOSP.NS - add_ph_pl_values function Ended
2024-05-24 06:16:27,397 -INFO - All stocks - Excel file Saved
2024-05-24 06:16:27,414 -INFO - BAJAJ-AUTO.NS -  detect_structure function Ended
2024-05-24 06:16:27,415 -INFO - All stocks - json file saved
2024-05-24 06:16:27,416 -INFO - BAJAJ-AUTO.NS - add_ph_pl_values function started
2024-05-24 06:16:27,416 -INFO - ADANIPORTS.NS - alerts file Saved
2024-05-24 06:16:27,421 -INFO - ADANIPORTS.NS - Process function Ended
2024-05-24 06:16:27,426 -INFO - BAJAJ-AUTO.NS - add_ph_pl_values function Ended
2024-05-24 06:16:27,446 -INFO - All stocks - Excel file Saved
2024-05-24 06:16:27,463 -INFO - All stocks - json file saved
2024-05-24 06:16:27,464 -INFO - ^NSEBANK - alerts file Saved
2024-05-24 06:16:27,464 -INFO - ^NSEBANK - Process function Ended
2024-05-24 06:16:27,473 -INFO - All stocks - Excel file Saved
2024-05-24 06:16:27,477 -INFO - All stocks - json file saved
2024-05-24 06:16:27,477 -INFO - BAJFINANCE.NS - alerts file Saved
2024-05-24 06:16:27,477 -INFO - BAJFINANCE.NS - Process function Ended
2024-05-24 06:16:27,527 -INFO - All stocks - Excel file Saved
2024-05-24 06:16:27,527 -INFO - All stocks - json file saved
2024-05-24 06:16:27,527 -INFO - BAJAJFINSV.NS - alerts file Saved
2024-05-24 06:16:27,528 -INFO - BAJAJFINSV.NS - Process function Ended
2024-05-24 06:16:27,537 -INFO - All stocks - Excel file Saved
2024-05-24 06:16:27,537 -INFO - All stocks - json file saved
2024-05-24 06:16:27,537 -INFO - ADANIENT.NS - alerts file Saved
2024-05-24 06:16:27,537 -INFO - ADANIENT.NS - Process function Ended
2024-05-24 06:16:27,556 -INFO - All stocks - Excel file Saved
2024-05-24 06:16:27,557 -INFO - All stocks - json file saved
2024-05-24 06:16:27,557 -INFO - ASIANPAINT.NS - alerts file Saved
2024-05-24 06:16:27,557 -INFO - ASIANPAINT.NS - Process function Ended
2024-05-24 06:16:27,564 -INFO - All stocks - Excel file Saved
2024-05-24 06:16:27,564 -INFO - All stocks - json file saved
2024-05-24 06:16:27,564 -INFO - APOLLOHOSP.NS - alerts file Saved
2024-05-24 06:16:27,564 -INFO - APOLLOHOSP.NS - Process function Ended
2024-05-24 06:16:27,565 -INFO - All stocks - Excel file Saved
2024-05-24 06:16:27,566 -INFO - All stocks - json file saved
2024-05-24 06:16:27,566 -INFO - BAJAJ-AUTO.NS - alerts file Saved
2024-05-24 06:16:27,566 -INFO - BAJAJ-AUTO.NS - Process function Ended
2024-05-24 06:16:27,590 -INFO - All stocks - Excel file Saved
2024-05-24 06:16:27,590 -INFO - All stocks - json file saved
2024-05-24 06:16:27,614 -INFO - All stocks - Excel file Saved
2024-05-24 06:16:27,615 -INFO - All stocks - json file saved
2024-05-24 06:16:27,615 -INFO - 0 - 10 - Stock threading ended ....
2024-05-24 06:16:27,615 -INFO - 0 - time Completed 
2024-05-24 06:16:27,615 -INFO - BAJFINANCE.NS - this stock already completed
2024-05-24 06:16:27,638 -INFO - All stocks - Excel file Saved
2024-05-24 06:16:27,639 -INFO - All stocks - json file saved
2024-05-24 06:16:27,663 -INFO - All stocks - Excel file Saved
2024-05-24 06:16:27,663 -INFO - All stocks - json file saved
2024-05-24 06:16:27,663 -INFO - 9 - 10 - Stock threading ended ....
2024-05-24 06:16:27,663 -INFO - 1 - time Completed 
2024-05-24 06:16:27,663 -INFO - All sttock completed...
2024-05-24 06:16:27,663 -INFO - Two itr Completed...Exit...
2024-05-24 06:16:27,663 -INFO - Reset to default value..
2024-05-24 06:16:29,050 -INFO - Message sent successfully! - 
2024-05-24 06:16:29,124 -INFO - All stocks - Excel file Saved
2024-05-24 06:16:29,124 -INFO - All stocks - json file saved
