
2024-06-09 12:40:18,860 -INFO - Started...
2024-06-09 12:40:19,260 -INFO - Failed to create TzCache, reason: Error creating TzCache folder: '/Users/runner/Library/Caches/py-yfinance' reason: [Errno 17] File exists: '/Users/runner/Library/Caches/py-yfinance'. TzCache will not be used. Tip: You can direct cache to use a different location with 'set_tz_cache_location(mylocation)'
2024-06-09 12:55:40,411 -INFO - Started...
2024-06-09 12:55:40,910 -INFO - Failed to create TzCache, reason: Error creating TzCache folder: '/Users/runner/Library/Caches/py-yfinance' reason: [Errno 17] File exists: '/Users/runner/Library/Caches/py-yfinance'. TzCache will not be used. Tip: You can direct cache to use a different location with 'set_tz_cache_location(mylocation)'
2024-06-09 13:08:14,461 -INFO - Started...
2024-06-10 04:44:46,023 -INFO - Started...
2024-06-10 04:44:46,467 -INFO - Failed to create TzCache, reason: Error creating TzCache folder: '/Users/runner/Library/Caches/py-yfinance' reason: [Errno 17] File exists: '/Users/runner/Library/Caches/py-yfinance'. TzCache will not be used. Tip: You can direct cache to use a different location with 'set_tz_cache_location(mylocation)'
2024-06-10 05:44:42,662 -INFO - Started...
2024-06-10 05:44:43,140 -INFO - Failed to create TzCache, reason: Error creating TzCache folder: '/Users/runner/Library/Caches/py-yfinance' reason: [Errno 17] File exists: '/Users/runner/Library/Caches/py-yfinance'. TzCache will not be used. Tip: You can direct cache to use a different location with 'set_tz_cache_location(mylocation)'
2024-06-10 06:45:42,210 -INFO - Started...
2024-06-10 06:45:42,687 -INFO - Failed to create TzCache, reason: Error creating TzCache folder: '/Users/runner/Library/Caches/py-yfinance' reason: [Errno 17] File exists: '/Users/runner/Library/Caches/py-yfinance'. TzCache will not be used. Tip: You can direct cache to use a different location with 'set_tz_cache_location(mylocation)'
2024-06-10 07:33:15,095 -INFO - Started...
2024-06-10 07:33:15,576 -INFO - Failed to create TzCache, reason: Error creating TzCache folder: '/Users/runner/Library/Caches/py-yfinance' reason: [Errno 17] File exists: '/Users/runner/Library/Caches/py-yfinance'. TzCache will not be used. Tip: You can direct cache to use a different location with 'set_tz_cache_location(mylocation)'
2024-06-10 08:23:31,318 -INFO - Started...
2024-06-10 08:23:31,899 -INFO - Failed to create TzCache, reason: Error creating TzCache folder: '/Users/runner/Library/Caches/py-yfinance' reason: [Errno 17] File exists: '/Users/runner/Library/Caches/py-yfinance'. TzCache will not be used. Tip: You can direct cache to use a different location with 'set_tz_cache_location(mylocation)'
2024-06-10 08:55:28,282 -INFO - Started...
2024-06-10 08:55:29,120 -ERROR - 
1 Failed download:
2024-06-10 08:55:29,120 -ERROR - ['JSWSTEEL.NS']: OperationalError('database is locked')
2024-06-10 09:48:52,803 -INFO - Started...
2024-06-10 09:48:54,450 -ERROR - 
1 Failed download:
2024-06-10 09:48:54,450 -ERROR - ['ITC.NS']: OperationalError('database is locked')
2024-06-11 02:39:44,783 -INFO - Started...
2024-06-11 02:39:45,268 -INFO - Failed to create TzCache, reason: Error creating TzCache folder: '/Users/runner/Library/Caches/py-yfinance' reason: [Errno 17] File exists: '/Users/runner/Library/Caches/py-yfinance'. TzCache will not be used. Tip: You can direct cache to use a different location with 'set_tz_cache_location(mylocation)'
2024-06-11 04:44:38,541 -INFO - Started...
2024-06-11 04:44:39,077 -INFO - Failed to create TzCache, reason: Error creating TzCache folder: '/Users/runner/Library/Caches/py-yfinance' reason: [Errno 17] File exists: '/Users/runner/Library/Caches/py-yfinance'. TzCache will not be used. Tip: You can direct cache to use a different location with 'set_tz_cache_location(mylocation)'
2024-06-11 05:44:40,785 -INFO - Started...
2024-06-11 06:44:40,884 -INFO - Started...
2024-06-11 06:44:41,389 -INFO - Failed to create TzCache, reason: Error creating TzCache folder: '/Users/runner/Library/Caches/py-yfinance' reason: [Errno 17] File exists: '/Users/runner/Library/Caches/py-yfinance'. TzCache will not be used. Tip: You can direct cache to use a different location with 'set_tz_cache_location(mylocation)'
2024-06-11 06:44:42,742 -ERROR - 
1 Failed download:
2024-06-11 06:44:42,742 -ERROR - ['IRCON.NS']: OperationalError('database is locked')
2024-06-11 07:45:45,752 -INFO - Started...
2024-06-11 07:45:46,144 -INFO - Failed to create TzCache, reason: Error creating TzCache folder: '/Users/runner/Library/Caches/py-yfinance' reason: [Errno 17] File exists: '/Users/runner/Library/Caches/py-yfinance'. TzCache will not be used. Tip: You can direct cache to use a different location with 'set_tz_cache_location(mylocation)'
2024-06-11 07:45:46,759 -ERROR - 
1 Failed download:
2024-06-11 07:45:46,759 -ERROR - ['JSWSTEEL.NS']: OperationalError('database is locked')
2024-06-11 08:45:29,260 -INFO - Started...
2024-06-11 09:44:39,411 -INFO - Started...
2024-06-11 09:44:39,864 -INFO - Failed to create TzCache, reason: Error creating TzCache folder: '/Users/runner/Library/Caches/py-yfinance' reason: [Errno 17] File exists: '/Users/runner/Library/Caches/py-yfinance'. TzCache will not be used. Tip: You can direct cache to use a different location with 'set_tz_cache_location(mylocation)'
2024-06-12 04:45:05,575 -INFO - Started...
2024-06-12 04:45:06,031 -INFO - Failed to create TzCache, reason: Error creating TzCache folder: '/Users/runner/Library/Caches/py-yfinance' reason: [Errno 17] File exists: '/Users/runner/Library/Caches/py-yfinance'. TzCache will not be used. Tip: You can direct cache to use a different location with 'set_tz_cache_location(mylocation)'
2024-06-12 05:45:35,939 -INFO - Started...
2024-06-12 05:45:37,898 -ERROR - 
1 Failed download:
2024-06-12 05:45:37,898 -ERROR - ['IRFC.NS']: OperationalError('database is locked')
2024-06-12 06:44:48,266 -INFO - Started...
2024-06-12 07:44:43,083 -INFO - Started...
2024-06-12 07:44:43,607 -INFO - Failed to create TzCache, reason: Error creating TzCache folder: '/Users/runner/Library/Caches/py-yfinance' reason: [Errno 17] File exists: '/Users/runner/Library/Caches/py-yfinance'. TzCache will not be used. Tip: You can direct cache to use a different location with 'set_tz_cache_location(mylocation)'
2024-06-12 08:45:28,624 -INFO - Started...
2024-06-12 08:45:29,104 -INFO - Failed to create TzCache, reason: Error creating TzCache folder: '/Users/runner/Library/Caches/py-yfinance' reason: [Errno 17] File exists: '/Users/runner/Library/Caches/py-yfinance'. TzCache will not be used. Tip: You can direct cache to use a different location with 'set_tz_cache_location(mylocation)'
2024-06-12 08:45:29,104 -INFO - Failed to create TzCache, reason: Error creating TzCache folder: '/Users/runner/Library/Caches/py-yfinance' reason: [Errno 17] File exists: '/Users/runner/Library/Caches/py-yfinance'. TzCache will not be used. Tip: You can direct cache to use a different location with 'set_tz_cache_location(mylocation)'
2024-06-12 09:45:34,059 -INFO - Started...
2024-06-12 09:45:34,552 -INFO - Failed to create TzCache, reason: Error creating TzCache folder: '/Users/runner/Library/Caches/py-yfinance' reason: [Errno 17] File exists: '/Users/runner/Library/Caches/py-yfinance'. TzCache will not be used. Tip: You can direct cache to use a different location with 'set_tz_cache_location(mylocation)'
2024-06-12 09:45:35,532 -ERROR - 
1 Failed download:
2024-06-12 09:45:35,533 -ERROR - ['ITC.NS']: OperationalError('database is locked')
2024-06-13 04:45:34,077 -INFO - Started...
2024-06-13 04:45:34,551 -INFO - Failed to create TzCache, reason: Error creating TzCache folder: '/Users/runner/Library/Caches/py-yfinance' reason: [Errno 17] File exists: '/Users/runner/Library/Caches/py-yfinance'. TzCache will not be used. Tip: You can direct cache to use a different location with 'set_tz_cache_location(mylocation)'
2024-06-13 04:45:35,668 -ERROR - 
1 Failed download:
2024-06-13 04:45:35,669 -ERROR - ['TECHM.NS']: OperationalError('database is locked')
2024-06-13 05:44:53,026 -INFO - Started...
2024-06-13 05:44:53,529 -INFO - Failed to create TzCache, reason: Error creating TzCache folder: '/Users/runner/Library/Caches/py-yfinance' reason: [Errno 17] File exists: '/Users/runner/Library/Caches/py-yfinance'. TzCache will not be used. Tip: You can direct cache to use a different location with 'set_tz_cache_location(mylocation)'
2024-06-13 06:45:48,399 -INFO - Started...
2024-06-13 06:45:48,898 -INFO - Failed to create TzCache, reason: Error creating TzCache folder: '/Users/runner/Library/Caches/py-yfinance' reason: [Errno 17] File exists: '/Users/runner/Library/Caches/py-yfinance'. TzCache will not be used. Tip: You can direct cache to use a different location with 'set_tz_cache_location(mylocation)'
2024-06-13 07:44:46,625 -INFO - Started...
2024-06-13 07:44:47,127 -INFO - Failed to create TzCache, reason: Error creating TzCache folder: '/Users/runner/Library/Caches/py-yfinance' reason: [Errno 17] File exists: '/Users/runner/Library/Caches/py-yfinance'. TzCache will not be used. Tip: You can direct cache to use a different location with 'set_tz_cache_location(mylocation)'
2024-06-13 07:44:47,127 -INFO - Failed to create TzCache, reason: Error creating TzCache folder: '/Users/runner/Library/Caches/py-yfinance' reason: [Errno 17] File exists: '/Users/runner/Library/Caches/py-yfinance'. TzCache will not be used. Tip: You can direct cache to use a different location with 'set_tz_cache_location(mylocation)'
2024-06-13 08:44:52,976 -INFO - Started...
2024-06-13 08:44:53,520 -INFO - Failed to create TzCache, reason: Error creating TzCache folder: '/Users/runner/Library/Caches/py-yfinance' reason: [Errno 17] File exists: '/Users/runner/Library/Caches/py-yfinance'. TzCache will not be used. Tip: You can direct cache to use a different location with 'set_tz_cache_location(mylocation)'
2024-06-13 09:44:41,609 -INFO - Started...
2024-06-13 09:44:42,049 -INFO - Failed to create TzCache, reason: Error creating TzCache folder: '/Users/runner/Library/Caches/py-yfinance' reason: [Errno 17] File exists: '/Users/runner/Library/Caches/py-yfinance'. TzCache will not be used. Tip: You can direct cache to use a different location with 'set_tz_cache_location(mylocation)'
2024-06-14 04:44:42,368 -INFO - Started...
2024-06-14 04:44:44,187 -ERROR - 
1 Failed download:
2024-06-14 04:44:44,188 -ERROR - ['JSWSTEEL.NS']: OperationalError('database is locked')
2024-06-14 05:44:40,676 -INFO - Started...
2024-06-14 05:44:41,813 -ERROR - 
1 Failed download:
2024-06-14 05:44:41,813 -ERROR - ['ITC.NS']: OperationalError('database is locked')
2024-06-14 06:44:49,804 -INFO - Started...
2024-06-14 06:44:50,292 -INFO - Failed to create TzCache, reason: Error creating TzCache folder: '/Users/runner/Library/Caches/py-yfinance' reason: [Errno 17] File exists: '/Users/runner/Library/Caches/py-yfinance'. TzCache will not be used. Tip: You can direct cache to use a different location with 'set_tz_cache_location(mylocation)'
2024-06-14 07:45:38,251 -INFO - Started...
2024-06-14 07:45:38,713 -INFO - Failed to create TzCache, reason: Error creating TzCache folder: '/Users/runner/Library/Caches/py-yfinance' reason: [Errno 17] File exists: '/Users/runner/Library/Caches/py-yfinance'. TzCache will not be used. Tip: You can direct cache to use a different location with 'set_tz_cache_location(mylocation)'
2024-06-14 07:45:38,713 -INFO - Failed to create TzCache, reason: Error creating TzCache folder: '/Users/runner/Library/Caches/py-yfinance' reason: [Errno 17] File exists: '/Users/runner/Library/Caches/py-yfinance'. TzCache will not be used. Tip: You can direct cache to use a different location with 'set_tz_cache_location(mylocation)'
2024-06-14 08:45:50,482 -INFO - Started...
2024-06-14 08:45:50,998 -INFO - Failed to create TzCache, reason: Error creating TzCache folder: '/Users/runner/Library/Caches/py-yfinance' reason: [Errno 17] File exists: '/Users/runner/Library/Caches/py-yfinance'. TzCache will not be used. Tip: You can direct cache to use a different location with 'set_tz_cache_location(mylocation)'
2024-06-14 09:44:42,052 -INFO - Started...
2024-06-14 09:44:42,561 -INFO - Failed to create TzCache, reason: Error creating TzCache folder: '/Users/runner/Library/Caches/py-yfinance' reason: [Errno 17] File exists: '/Users/runner/Library/Caches/py-yfinance'. TzCache will not be used. Tip: You can direct cache to use a different location with 'set_tz_cache_location(mylocation)'
2024-06-15 07:29:07,571 -INFO - Started...
2024-06-15 07:29:08,030 -INFO - Failed to create TzCache, reason: Error creating TzCache folder: '/Users/runner/Library/Caches/py-yfinance' reason: [Errno 17] File exists: '/Users/runner/Library/Caches/py-yfinance'. TzCache will not be used. Tip: You can direct cache to use a different location with 'set_tz_cache_location(mylocation)'
2024-06-15 07:29:08,030 -INFO - Failed to create TzCache, reason: Error creating TzCache folder: '/Users/runner/Library/Caches/py-yfinance' reason: [Errno 17] File exists: '/Users/runner/Library/Caches/py-yfinance'. TzCache will not be used. Tip: You can direct cache to use a different location with 'set_tz_cache_location(mylocation)'
2024-06-15 11:12:36,408 -INFO - Started...
2024-06-15 11:12:36,958 -INFO - Failed to create TzCache, reason: Error creating TzCache folder: '/Users/runner/Library/Caches/py-yfinance' reason: [Errno 17] File exists: '/Users/runner/Library/Caches/py-yfinance'. TzCache will not be used. Tip: You can direct cache to use a different location with 'set_tz_cache_location(mylocation)'
2024-06-17 04:44:32,548 -INFO - Started...
2024-06-17 04:44:33,007 -INFO - Failed to create TzCache, reason: Error creating TzCache folder: '/Users/runner/Library/Caches/py-yfinance' reason: [Errno 17] File exists: '/Users/runner/Library/Caches/py-yfinance'. TzCache will not be used. Tip: You can direct cache to use a different location with 'set_tz_cache_location(mylocation)'
2024-06-17 05:44:35,198 -INFO - Started...
2024-06-17 05:44:35,646 -INFO - Failed to create TzCache, reason: Error creating TzCache folder: '/Users/runner/Library/Caches/py-yfinance' reason: [Errno 17] File exists: '/Users/runner/Library/Caches/py-yfinance'. TzCache will not be used. Tip: You can direct cache to use a different location with 'set_tz_cache_location(mylocation)'
