2024-06-10 14:02:01,022 -INFO - Started...
2024-06-10 14:02:01,022 -INFO - Three line alert started...
2024-06-10 14:02:04,010 -INFO - Failed to create TzCache, reason: Error creating TzCache folder: '/Users/runner/Library/Caches/py-yfinance' reason: [Errno 17] File exists: '/Users/runner/Library/Caches/py-yfinance'. TzCache will not be used. Tip: You can direct cache to use a different location with 'set_tz_cache_location(mylocation)'
2024-06-10 14:02:04,010 -INFO - Failed to create TzCache, reason: Error creating TzCache folder: '/Users/runner/Library/Caches/py-yfinance' reason: [Errno 17] File exists: '/Users/runner/Library/Caches/py-yfinance'. TzCache will not be used. Tip: You can direct cache to use a different location with 'set_tz_cache_location(mylocation)'
2024-06-10 14:02:23,523 -INFO - JSWSTEEL.NS - stock breakout found...
2024-06-10 14:02:23,628 -INFO - TECHM.NS - stock breakout found...
2024-06-10 14:02:23,846 -INFO - PIDILITIND.NS - stock breakout found...
2024-06-10 14:02:23,944 -INFO - IRB.NS - stock breakout found...
2024-06-10 14:02:24,390 -INFO - JISLJALEQS.NS - stock breakout found...
2024-06-10 14:02:24,767 -INFO - BLUECLOUDS.BO - stock breakout found...
2024-06-10 14:02:24,892 -INFO - Three line alert Ended...
2024-06-10 14:02:24,892 -INFO - Two line alert started...
2024-06-10 14:02:44,224 -INFO - BAJAJELEC.NS - stock breakout found...
2024-06-10 14:02:44,943 -INFO - Two line alert Ended...
2024-06-10 14:02:44,943 -INFO - PH PL alert started...
2024-06-10 14:03:04,381 -ERROR - 
1 Failed download:
2024-06-10 14:03:04,381 -ERROR - ['BLUECLOUDS.BO']: YFPricesMissingError('$%ticker%: possibly delisted; No price data found  (1wk 1925-07-05 -> 2024-06-10)')
2024-06-10 14:03:06,624 -INFO - PH PL alert Ended...
2024-06-10 14:03:08,298 -INFO - Message sent successfully! - 
2024-06-11 11:35:14,728 -INFO - Started...
2024-06-11 11:35:14,729 -INFO - Three line alert started...
2024-06-11 11:35:18,856 -INFO - Failed to create TzCache, reason: Error creating TzCache folder: '/Users/runner/Library/Caches/py-yfinance' reason: [Errno 17] File exists: '/Users/runner/Library/Caches/py-yfinance'. TzCache will not be used. Tip: You can direct cache to use a different location with 'set_tz_cache_location(mylocation)'
2024-06-11 11:35:18,856 -INFO - Failed to create TzCache, reason: Error creating TzCache folder: '/Users/runner/Library/Caches/py-yfinance' reason: [Errno 17] File exists: '/Users/runner/Library/Caches/py-yfinance'. TzCache will not be used. Tip: You can direct cache to use a different location with 'set_tz_cache_location(mylocation)'
2024-06-11 11:36:00,397 -INFO - ULTRACEMCO.NS - stock breakout found...
2024-06-11 11:36:00,563 -INFO - TECHM.NS - stock breakout found...
2024-06-11 11:36:00,733 -INFO - PIDILITIND.NS - stock breakout found...
2024-06-11 11:36:00,734 -INFO - PIDILITIND.NS - stock breakout found...
2024-06-11 11:36:00,821 -INFO - IRB.NS - stock breakout found...
2024-06-11 11:36:01,024 -INFO - SWARAJENG.NS - stock breakout found...
2024-06-11 11:36:01,053 -INFO - BAJAJST.BO - stock breakout found...
2024-06-11 11:36:01,054 -INFO - BAJAJST.BO - stock breakout found...
2024-06-11 11:36:01,178 -INFO - LODHA.NS - stock breakout found...
2024-06-11 11:36:01,180 -INFO - LODHA.NS - stock breakout found...
2024-06-11 11:36:01,229 -INFO - JISLJALEQS.NS - stock breakout found...
2024-06-11 11:36:01,229 -INFO - JISLJALEQS.NS - stock breakout found...
2024-06-11 11:36:01,577 -INFO - BLUECLOUDS.BO - stock breakout found...
2024-06-11 11:36:01,578 -INFO - BLUECLOUDS.BO - stock breakout found...
2024-06-11 11:36:01,579 -INFO - BLUECLOUDS.BO - stock breakout found...
2024-06-11 11:36:01,579 -INFO - BLUECLOUDS.BO - stock breakout found...
2024-06-11 11:36:01,714 -INFO - DECCANCE.NS - stock breakout found...
2024-06-11 11:36:01,717 -INFO - LIKHITHA.NS - stock breakout found...
2024-06-11 11:36:01,800 -INFO - ANDHRAPET.BO - stock breakout found...
2024-06-11 11:36:01,908 -INFO - Three line alert Ended...
2024-06-11 11:36:01,908 -INFO - Two line alert started...
2024-06-11 11:36:40,101 -INFO - KOTAKBANK.NS - stock breakout found...
2024-06-11 11:36:40,499 -INFO - BAJAJELEC.NS - stock breakout found...
2024-06-11 11:36:41,328 -INFO - Two line alert Ended...
2024-06-11 11:36:41,328 -INFO - PH PL alert started...
2024-06-11 11:37:24,178 -INFO - PH PL alert Ended...
2024-06-11 11:37:25,812 -INFO - Message sent successfully! - 
