2024-05-31 17:28:32,998 -INFO - Started...
2024-05-31 17:28:32,998 -INFO - Three line alert started...
2024-05-31 17:28:33,972 -INFO - Failed to create TzCache, reason: Error creating TzCache folder: '/Users/runner/Library/Caches/py-yfinance' reason: [Errno 17] File exists: '/Users/runner/Library/Caches/py-yfinance'. TzCache will not be used. Tip: You can direct cache to use a different location with 'set_tz_cache_location(mylocation)'
2024-05-31 17:28:43,640 -ERROR - 
1 Failed download:
2024-05-31 17:28:43,640 -ERROR - ['SBIN.NS']: IndexError('Boolean index has wrong length: 2 instead of 1')
2024-05-31 17:28:45,036 -INFO - DRREDDY.NS - stock breakout found...
2024-05-31 17:28:45,546 -INFO - AWL.NS - stock breakout found...
2024-05-31 17:28:45,831 -INFO - UGARSUGAR.NS - stock breakout found...
2024-05-31 17:28:45,840 -INFO - TATAELXSI.NS - stock breakout found...
2024-05-31 17:28:45,965 -INFO - Three line alert Ended...
2024-05-31 17:28:45,966 -INFO - Two line alert started...
2024-05-31 17:28:55,709 -ERROR - 
1 Failed download:
2024-05-31 17:28:55,710 -ERROR - ['SBIN.NS']: IndexError('Boolean index has wrong length: 2 instead of 1')
2024-05-31 17:28:56,982 -INFO - RELIANCE.NS - stock breakout found...
2024-05-31 17:28:57,252 -INFO - BANKBARODA.NS - stock breakout found...
2024-05-31 17:28:57,953 -INFO - Two line alert Ended...
2024-05-31 17:28:57,954 -INFO - PH PL alert started...
2024-05-31 17:29:07,392 -ERROR - 
1 Failed download:
2024-05-31 17:29:07,393 -ERROR - ['SBIN.NS']: IndexError('Boolean index has wrong length: 2 instead of 1')
2024-05-31 17:29:08,730 -INFO - PH PL alert Ended...
2024-05-31 17:29:10,484 -INFO - Message sent successfully! - 
