2024-06-24 11:35:53,872 -INFO - Started...
2024-06-24 11:35:53,872 -INFO - Three line alert started...
2024-06-24 11:35:56,343 -INFO - Failed to create TzCache, reason: Error creating TzCache folder: '/Users/runner/Library/Caches/py-yfinance' reason: [Errno 17] File exists: '/Users/runner/Library/Caches/py-yfinance'. TzCache will not be used. Tip: You can direct cache to use a different location with 'set_tz_cache_location(mylocation)'
2024-06-24 11:35:56,343 -INFO - Failed to create TzCache, reason: Error creating TzCache folder: '/Users/runner/Library/Caches/py-yfinance' reason: [Errno 17] File exists: '/Users/runner/Library/Caches/py-yfinance'. TzCache will not be used. Tip: You can direct cache to use a different location with 'set_tz_cache_location(mylocation)'
2024-06-24 11:36:52,961 -INFO - FEDERALBNK.NS - stock breakout found...
2024-06-24 11:36:52,962 -INFO - FEDERALBNK.NS - stock breakout found...
2024-06-24 11:36:54,591 -INFO - GPTINFRA.NS - stock breakout found...
2024-06-24 11:36:54,776 -INFO - FACT.NS - stock breakout found...
2024-06-24 11:36:55,102 -INFO - ASTRAMICRO.NS - stock breakout found...
2024-06-24 11:36:55,810 -INFO - BLUECLOUDS.BO - stock breakout found...
2024-06-24 11:36:55,811 -INFO - BLUECLOUDS.BO - stock breakout found...
2024-06-24 11:36:56,796 -INFO - Three line alert Ended...
2024-06-24 11:36:56,796 -INFO - Two line alert started...
2024-06-24 11:37:49,005 -INFO - PGHH.NS - stock breakout found...
2024-06-24 11:37:49,287 -INFO - DALMIASUG.NS - stock breakout found...
2024-06-24 11:37:51,510 -INFO - RBLBANK.NS - stock breakout found...
2024-06-24 11:37:52,468 -INFO - Two line alert Ended...
2024-06-24 11:37:52,468 -INFO - PH PL alert started...
2024-06-24 11:38:47,012 -INFO - PH PL alert Ended...
2024-06-24 11:38:48,588 -INFO - Message sent successfully! - 
