2024-06-30 20:35:03,877 -INFO - Started...
2024-06-30 20:35:03,877 -INFO - Three line alert started...
2024-06-30 20:35:22,933 -INFO - DRREDDY.NS - stock breakout found...
2024-06-30 20:35:22,934 -INFO - DRREDDY.NS - stock breakout found...
2024-06-30 20:35:22,940 -INFO - ^NSEBANK - stock breakout found...
2024-06-30 20:35:23,221 -INFO - BANARISUG.NS - stock breakout found...
2024-06-30 20:35:23,221 -INFO - BANARISUG.NS - stock breakout found...
2024-06-30 20:35:23,264 -INFO - MAZDOCK.NS - stock breakout found...
2024-06-30 20:35:23,265 -INFO - MAZDOCK.NS - stock breakout found...
2024-06-30 20:35:23,314 -INFO - INDIACEM.NS - stock breakout found...
2024-06-30 20:35:23,336 -INFO - IDEA.NS - stock breakout found...
2024-06-30 20:35:23,389 -INFO - ACGL.BO - stock breakout found...
2024-06-30 20:35:23,428 -INFO - HGINFRA.NS - stock breakout found...
2024-06-30 20:35:23,561 -INFO - HINDPETRO.NS - stock breakout found...
2024-06-30 20:35:23,673 -INFO - JKPAPER.NS - stock breakout found...
2024-06-30 20:35:23,674 -INFO - JKPAPER.NS - stock breakout found...
2024-06-30 20:35:23,685 -INFO - GREENPLY.NS - stock breakout found...
2024-06-30 20:35:23,706 -INFO - AUROPHARMA.NS - stock breakout found...
2024-06-30 20:35:23,738 -INFO - ASTRAL.NS - stock breakout found...
2024-06-30 20:35:23,749 -INFO - RAMCOIND.NS - stock breakout found...
2024-06-30 20:35:23,769 -INFO - DECCANCE.NS - stock breakout found...
2024-06-30 20:35:23,771 -INFO - KCP.NS - stock breakout found...
2024-06-30 20:35:23,772 -INFO - KCP.NS - stock breakout found...
2024-06-30 20:35:23,862 -INFO - HFCL.NS - stock breakout found...
2024-06-30 20:35:23,897 -INFO - Three line alert Ended...
2024-06-30 20:35:23,897 -INFO - Two line alert started...
2024-06-30 20:35:31,273 -INFO - DABUR.NS - stock breakout found...
2024-06-30 20:35:31,394 -INFO - EMAMILTD.NS - stock breakout found...
2024-06-30 20:35:31,656 -INFO - Two line alert Ended...
2024-06-30 20:35:31,656 -INFO - PH PL alert started...
2024-06-30 20:35:42,418 -INFO - PH PL alert Ended...
2024-06-30 20:35:44,638 -INFO - Message sent successfully! - 
