2024-06-05 03:35:27,466 -INFO - Started...
2024-06-05 03:35:27,466 -INFO - Three line alert started...
2024-06-05 03:35:29,306 -INFO - Failed to create TzCache, reason: Error creating TzCache folder: '/Users/runner/Library/Caches/py-yfinance' reason: [Errno 17] File exists: '/Users/runner/Library/Caches/py-yfinance'. TzCache will not be used. Tip: You can direct cache to use a different location with 'set_tz_cache_location(mylocation)'
2024-06-05 03:35:56,506 -INFO - ULTRACEMCO.NS - stock breakout found...
2024-06-05 03:35:56,507 -INFO - ULTRACEMCO.NS - stock breakout found...
2024-06-05 03:35:56,540 -INFO - ^NSEI - stock breakout found...
2024-06-05 03:35:56,541 -INFO - ^NSEI - stock breakout found...
2024-06-05 03:35:56,542 -INFO - ^NSEI - stock breakout found...
2024-06-05 03:35:56,744 -INFO - NIFTY_FIN_SERVICE.NS - stock breakout found...
2024-06-05 03:35:56,746 -INFO - NIFTY_FIN_SERVICE.NS - stock breakout found...
2024-06-05 03:35:56,808 -INFO - RELIANCE.NS - stock breakout found...
2024-06-05 03:35:56,837 -INFO - ^NSEBANK - stock breakout found...
2024-06-05 03:35:56,893 -INFO - ADANIPORTS.NS - stock breakout found...
2024-06-05 03:35:56,894 -INFO - ADANIPORTS.NS - stock breakout found...
2024-06-05 03:35:56,935 -INFO - NTPC.NS - stock breakout found...
2024-06-05 03:35:56,997 -INFO - UPL.NS - stock breakout found...
2024-06-05 03:35:57,032 -INFO - ONGC.NS - stock breakout found...
2024-06-05 03:35:57,033 -INFO - ONGC.NS - stock breakout found...
2024-06-05 03:35:57,033 -INFO - ONGC.NS - stock breakout found...
2024-06-05 03:35:57,034 -INFO - ONGC.NS - stock breakout found...
2024-06-05 03:35:57,083 -INFO - JSWSTEEL.NS - stock breakout found...
2024-06-05 03:35:57,084 -INFO - JSWSTEEL.NS - stock breakout found...
2024-06-05 03:35:57,167 -INFO - TATASTEEL.NS - stock breakout found...
2024-06-05 03:35:57,222 -INFO - HDFCLIFE.NS - stock breakout found...
2024-06-05 03:35:57,344 -INFO - MUTHOOTFIN.NS - stock breakout found...
2024-06-05 03:35:57,377 -INFO - SHRIRAMFIN.NS - stock breakout found...
2024-06-05 03:35:57,378 -INFO - SHRIRAMFIN.NS - stock breakout found...
2024-06-05 03:35:57,474 -INFO - BEL.NS - stock breakout found...
2024-06-05 03:35:57,475 -INFO - BEL.NS - stock breakout found...
2024-06-05 03:35:57,476 -INFO - BEL.NS - stock breakout found...
2024-06-05 03:35:57,548 -INFO - IRCTC.NS - stock breakout found...
2024-06-05 03:35:57,549 -INFO - IRCTC.NS - stock breakout found...
2024-06-05 03:35:57,549 -INFO - IRCTC.NS - stock breakout found...
2024-06-05 03:35:57,633 -INFO - ZOMATO.NS - stock breakout found...
2024-06-05 03:35:57,753 -INFO - PGHH.NS - stock breakout found...
2024-06-05 03:35:57,781 -INFO - ADANIENSOL.NS - stock breakout found...
2024-06-05 03:35:57,782 -INFO - ADANIENSOL.NS - stock breakout found...
2024-06-05 03:35:57,785 -INFO - AWL.NS - stock breakout found...
2024-06-05 03:35:57,864 -INFO - TATAPOWER.NS - stock breakout found...
2024-06-05 03:35:57,898 -INFO - HAVELLS.NS - stock breakout found...
2024-06-05 03:35:57,899 -INFO - HAVELLS.NS - stock breakout found...
2024-06-05 03:35:57,918 -INFO - BOSCHLTD.NS - stock breakout found...
2024-06-05 03:35:57,933 -INFO - BANARISUG.NS - stock breakout found...
2024-06-05 03:35:57,947 -INFO - COLPAL.NS - stock breakout found...
2024-06-05 03:35:57,960 -INFO - CGPOWER.NS - stock breakout found...
2024-06-05 03:35:58,042 -INFO - DHAMPURSUG.NS - stock breakout found...
2024-06-05 03:35:58,088 -INFO - BALRAMCHIN.NS - stock breakout found...
2024-06-05 03:35:58,089 -INFO - BALRAMCHIN.NS - stock breakout found...
2024-06-05 03:35:58,119 -INFO - GIPCL.NS - stock breakout found...
2024-06-05 03:35:58,164 -INFO - SJVN.NS - stock breakout found...
2024-06-05 03:35:58,164 -INFO - SJVN.NS - stock breakout found...
2024-06-05 03:35:58,270 -INFO - KAYNES.NS - stock breakout found...
2024-06-05 03:35:58,301 -INFO - PARAS.NS - stock breakout found...
2024-06-05 03:35:58,350 -INFO - NLCINDIA.NS - stock breakout found...
2024-06-05 03:35:58,385 -INFO - WELENT.NS - stock breakout found...
2024-06-05 03:35:58,458 -INFO - ACC.NS - stock breakout found...
2024-06-05 03:35:58,568 -INFO - JKCEMENT.NS - stock breakout found...
2024-06-05 03:35:58,600 -INFO - BHARATFORG.NS - stock breakout found...
2024-06-05 03:35:58,686 -INFO - INDIACEM.NS - stock breakout found...
2024-06-05 03:35:58,687 -INFO - INDIACEM.NS - stock breakout found...
2024-06-05 03:35:58,687 -INFO - INDIACEM.NS - stock breakout found...
2024-06-05 03:35:58,688 -INFO - INDIACEM.NS - stock breakout found...
2024-06-05 03:35:58,722 -INFO - TATATECH.NS - stock breakout found...
2024-06-05 03:35:59,024 -INFO - LODHA.NS - stock breakout found...
2024-06-05 03:35:59,048 -INFO - KNRCON.NS - stock breakout found...
2024-06-05 03:35:59,083 -INFO - JMFINANCIL.NS - stock breakout found...
2024-06-05 03:35:59,104 -INFO - MOL.NS - stock breakout found...
2024-06-05 03:35:59,147 -INFO - JISLJALEQS.NS - stock breakout found...
2024-06-05 03:35:59,218 -INFO - TITAGARH.NS - stock breakout found...
2024-06-05 03:35:59,235 -INFO - RAIN.NS - stock breakout found...
2024-06-05 03:35:59,245 -INFO - SHAKTIPUMP.NS - stock breakout found...
2024-06-05 03:35:59,286 -INFO - YESBANK.NS - stock breakout found...
2024-06-05 03:35:59,347 -INFO - SANGHVIMOV.NS - stock breakout found...
2024-06-05 03:35:59,348 -INFO - SANGHVIMOV.NS - stock breakout found...
2024-06-05 03:35:59,382 -INFO - STLTECH.NS - stock breakout found...
2024-06-05 03:35:59,473 -INFO - TARC.NS - stock breakout found...
2024-06-05 03:35:59,490 -INFO - RAJSREESUG.NS - stock breakout found...
2024-06-05 03:35:59,532 -INFO - HINDPETRO.NS - stock breakout found...
2024-06-05 03:35:59,727 -INFO - INGERRAND.NS - stock breakout found...
2024-06-05 03:35:59,740 -INFO - CARBORUNIV.NS - stock breakout found...
2024-06-05 03:35:59,754 -INFO - WEBELSOLAR.NS - stock breakout found...
2024-06-05 03:35:59,811 -INFO - NMDC.NS - stock breakout found...
2024-06-05 03:35:59,812 -INFO - NMDC.NS - stock breakout found...
2024-06-05 03:35:59,813 -INFO - NMDC.NS - stock breakout found...
2024-06-05 03:35:59,814 -INFO - NMDC.NS - stock breakout found...
2024-06-05 03:35:59,924 -INFO - UNIONBANK.NS - stock breakout found...
2024-06-05 03:35:59,925 -INFO - UNIONBANK.NS - stock breakout found...
2024-06-05 03:35:59,963 -INFO - SAIL.NS - stock breakout found...
2024-06-05 03:36:00,162 -INFO - BLUECLOUDS.BO - stock breakout found...
2024-06-05 03:36:00,163 -INFO - BLUECLOUDS.BO - stock breakout found...
2024-06-05 03:36:00,177 -INFO - IEX.NS - stock breakout found...
2024-06-05 03:36:00,191 -INFO - SIKA.BO - stock breakout found...
2024-06-05 03:36:00,207 -INFO - CAMS.NS - stock breakout found...
2024-06-05 03:36:00,262 -INFO - SYNCOMF.NS - stock breakout found...
2024-06-05 03:36:00,262 -INFO - SYNCOMF.NS - stock breakout found...
2024-06-05 03:36:00,325 -INFO - LUPIN.NS - stock breakout found...
2024-06-05 03:36:00,358 -INFO - DHANBANK.NS - stock breakout found...
2024-06-05 03:36:22,526 -INFO - COALINDIA.NS - stock breakout found...
2024-06-05 03:36:22,531 -INFO - BAJAJFINSV.NS - stock breakout found...
2024-06-05 03:36:22,536 -INFO - ^NSEI - stock breakout found...
2024-06-05 03:36:22,542 -INFO - DRREDDY.NS - stock breakout found...
2024-06-05 03:36:22,565 -INFO - ADANIPORTS.NS - stock breakout found...
2024-06-05 03:36:22,596 -INFO - HINDALCO.NS - stock breakout found...
2024-06-05 03:36:22,596 -INFO - HINDALCO.NS - stock breakout found...
2024-06-05 03:36:22,635 -INFO - HINDUNILVR.NS - stock breakout found...
2024-06-05 03:36:22,655 -INFO - JSWSTEEL.NS - stock breakout found...
2024-06-05 03:36:22,691 -INFO - LT.NS - stock breakout found...
2024-06-05 03:36:22,731 -INFO - HDFCBANK.NS - stock breakout found...
2024-06-05 03:36:22,736 -INFO - MARUTI.NS - stock breakout found...
2024-06-05 03:36:22,745 -INFO - CHOLAFIN.NS - stock breakout found...
2024-06-05 03:36:22,766 -INFO - MUTHOOTFIN.NS - stock breakout found...
2024-06-05 03:36:22,799 -INFO - BANKBARODA.NS - stock breakout found...
2024-06-05 03:36:22,831 -INFO - ICICIBANK.NS - stock breakout found...
2024-06-05 03:36:22,907 -INFO - ICICIGI.NS - stock breakout found...
2024-06-05 03:36:22,980 -INFO - CONCOR.NS - stock breakout found...
2024-06-05 03:36:22,985 -INFO - NAUKRI.NS - stock breakout found...
2024-06-05 03:36:22,990 -INFO - ADANIPOWER.NS - stock breakout found...
2024-06-05 03:36:22,999 -INFO - HAVELLS.NS - stock breakout found...
2024-06-05 03:36:23,033 -INFO - DCMSRIND.NS - stock breakout found...
2024-06-05 03:36:23,037 -INFO - UGARSUGAR.NS - stock breakout found...
2024-06-05 03:36:23,049 -INFO - WELENT.NS - stock breakout found...
2024-06-05 03:36:23,049 -INFO - WELENT.NS - stock breakout found...
2024-06-05 03:36:23,050 -INFO - WELENT.NS - stock breakout found...
2024-06-05 03:36:23,059 -INFO - RIR.BO - stock breakout found...
2024-06-05 03:36:23,066 -INFO - PATELENG.NS - stock breakout found...
2024-06-05 03:36:23,084 -INFO - PARAS.NS - stock breakout found...
2024-06-05 03:36:23,099 -INFO - JBMA.NS - stock breakout found...
2024-06-05 03:36:23,118 -INFO - MAZDOCK.NS - stock breakout found...
2024-06-05 03:36:23,121 -INFO - IRCON.NS - stock breakout found...
2024-06-05 03:36:23,161 -INFO - ASHOKLEY.NS - stock breakout found...
2024-06-05 03:36:23,171 -INFO - SWARAJENG.NS - stock breakout found...
2024-06-05 03:36:23,221 -INFO - PETRONET.NS - stock breakout found...
2024-06-05 03:36:23,224 -INFO - POLYCAB.NS - stock breakout found...
2024-06-05 03:36:23,228 -INFO - BAJAJST.BO - stock breakout found...
2024-06-05 03:36:23,233 -INFO - HERCULES.NS - stock breakout found...
2024-06-05 03:36:23,263 -INFO - TATAINVEST.NS - stock breakout found...
2024-06-05 03:36:23,295 -INFO - MOTILALOFS.NS - stock breakout found...
2024-06-05 03:36:23,304 -INFO - ARTSONEN.BO - stock breakout found...
2024-06-05 03:36:23,308 -INFO - HATHWAY.NS - stock breakout found...
2024-06-05 03:36:23,354 -INFO - MOL.NS - stock breakout found...
2024-06-05 03:36:23,363 -INFO - HGINFRA.NS - stock breakout found...
2024-06-05 03:36:23,395 -INFO - KNRCON.NS - stock breakout found...
2024-06-05 03:36:23,406 -INFO - BEML.NS - stock breakout found...
2024-06-05 03:36:23,424 -INFO - EASEMYTRIP.NS - stock breakout found...
2024-06-05 03:36:23,471 -INFO - SANGHVIMOV.NS - stock breakout found...
2024-06-05 03:36:23,506 -INFO - GOODYEAR.BO - stock breakout found...
2024-06-05 03:36:23,514 -INFO - ASTRAMICRO.NS - stock breakout found...
2024-06-05 03:36:23,514 -INFO - ASTRAMICRO.NS - stock breakout found...
2024-06-05 03:36:23,515 -INFO - ASTRAMICRO.NS - stock breakout found...
2024-06-05 03:36:23,654 -INFO - BANKINDIA.NS - stock breakout found...
2024-06-05 03:36:23,665 -INFO - IOB.NS - stock breakout found...
2024-06-05 03:36:23,682 -INFO - TATACOMM.NS - stock breakout found...
2024-06-05 03:36:23,707 -INFO - JKTYRE.NS - stock breakout found...
2024-06-05 03:36:23,707 -INFO - JKTYRE.NS - stock breakout found...
2024-06-05 03:36:23,729 -INFO - BLUECLOUDS.BO - stock breakout found...
2024-06-05 03:36:23,770 -INFO - BFUTILITIE.NS - stock breakout found...
2024-06-05 03:36:23,773 -INFO - URJA.NS - stock breakout found...
2024-06-05 03:36:39,748 -ERROR - 
1 Failed download:
2024-06-05 03:36:39,749 -ERROR - ['BLUECLOUDS.BO']: YFPricesMissingError('$%ticker%: possibly delisted; No price data found  (1mo 1925-06-30 -> 2024-06-05)')
2024-06-05 03:36:40,432 -INFO - ADANIENT.NS - stock breakout found...
2024-06-05 03:36:40,438 -INFO - ^NSEBANK - stock breakout found...
2024-06-05 03:36:40,448 -INFO - ADANIPORTS.NS - stock breakout found...
2024-06-05 03:36:40,449 -INFO - ADANIPORTS.NS - stock breakout found...
2024-06-05 03:36:40,470 -INFO - BAJFINANCE.NS - stock breakout found...
2024-06-05 03:36:40,505 -INFO - LT.NS - stock breakout found...
2024-06-05 03:36:40,542 -INFO - AXISBANK.NS - stock breakout found...
2024-06-05 03:36:40,550 -INFO - KOTAKBANK.NS - stock breakout found...
2024-06-05 03:36:40,574 -INFO - ICICIBANK.NS - stock breakout found...
2024-06-05 03:36:40,628 -INFO - DMART.NS - stock breakout found...
2024-06-05 03:36:40,652 -INFO - DABUR.NS - stock breakout found...
2024-06-05 03:36:40,656 -INFO - ADANIGREEN.NS - stock breakout found...
2024-06-05 03:36:40,658 -INFO - SHREECEM.NS - stock breakout found...
2024-06-05 03:36:40,696 -INFO - COLPAL.NS - stock breakout found...
2024-06-05 03:36:40,733 -INFO - BALRAMCHIN.NS - stock breakout found...
2024-06-05 03:36:40,745 -INFO - MAZDOCK.NS - stock breakout found...
2024-06-05 03:36:40,751 -INFO - JBMA.NS - stock breakout found...
2024-06-05 03:36:40,766 -INFO - OLECTRA.NS - stock breakout found...
2024-06-05 03:36:40,767 -INFO - OLECTRA.NS - stock breakout found...
2024-06-05 03:36:40,774 -INFO - NHPC.NS - stock breakout found...
2024-06-05 03:36:40,782 -INFO - MOSCHIP.BO - stock breakout found...
2024-06-05 03:36:40,789 -INFO - BAJAJST.BO - stock breakout found...
2024-06-05 03:36:40,797 -INFO - ASHOKLEY.NS - stock breakout found...
2024-06-05 03:36:40,798 -INFO - ASHOKLEY.NS - stock breakout found...
2024-06-05 03:36:40,806 -INFO - MUKANDLTD.NS - stock breakout found...
2024-06-05 03:36:40,812 -INFO - SWARAJENG.NS - stock breakout found...
2024-06-05 03:36:40,820 -INFO - GMRINFRA.NS - stock breakout found...
2024-06-05 03:36:40,836 -INFO - GUJGASLTD.NS - stock breakout found...
2024-06-05 03:36:40,878 -INFO - INDHOTEL.NS - stock breakout found...
2024-06-05 03:36:40,886 -INFO - GODFRYPHLP.NS - stock breakout found...
2024-06-05 03:36:40,900 -INFO - INDUSTOWER.NS - stock breakout found...
2024-06-05 03:36:40,905 -INFO - TEJASNET.NS - stock breakout found...
2024-06-05 03:36:40,908 -INFO - ACGL.BO - stock breakout found...
2024-06-05 03:36:40,999 -INFO - STLTECH.NS - stock breakout found...
2024-06-05 03:36:41,074 -INFO - BSE.NS - stock breakout found...
2024-06-05 03:36:41,092 -INFO - IOB.NS - stock breakout found...
2024-06-05 03:36:41,100 -INFO - UNIONBANK.NS - stock breakout found...
2024-06-05 03:36:41,101 -INFO - UNIONBANK.NS - stock breakout found...
2024-06-05 03:36:41,106 -INFO - CENTRALBK.BO - stock breakout found...
2024-06-05 03:36:41,107 -INFO - CENTRALBK.BO - stock breakout found...
2024-06-05 03:36:41,112 -INFO - MCX.NS - stock breakout found...
2024-06-05 03:36:41,115 -INFO - SIL.NS - stock breakout found...
2024-06-05 03:36:41,156 -INFO - IEX.NS - stock breakout found...
2024-06-05 03:36:41,182 -INFO - PSB.NS - stock breakout found...
2024-06-05 03:36:56,622 -ERROR - 
1 Failed download:
2024-06-05 03:36:56,622 -ERROR - ['BLUECLOUDS.BO']: YFPricesMissingError('$%ticker%: possibly delisted; No price data found  (3mo 1925-06-30 -> 2024-06-05)')
2024-06-05 03:36:57,113 -INFO - ^NSEBANK - stock breakout found...
2024-06-05 03:36:57,193 -INFO - JSWSTEEL.NS - stock breakout found...
2024-06-05 03:36:57,220 -INFO - MARICO.NS - stock breakout found...
2024-06-05 03:36:57,221 -INFO - MARICO.NS - stock breakout found...
2024-06-05 03:36:57,225 -INFO - MCDOWELL-N.NS - stock breakout found...
2024-06-05 03:36:57,238 -INFO - INDUSINDBK.NS - stock breakout found...
2024-06-05 03:36:57,268 -INFO - VEDL.NS - stock breakout found...
2024-06-05 03:36:57,272 -INFO - PGHH.NS - stock breakout found...
2024-06-05 03:36:57,286 -INFO - DABUR.NS - stock breakout found...
2024-06-05 03:36:57,287 -INFO - DABUR.NS - stock breakout found...
2024-06-05 03:36:57,404 -INFO - BHARATFORG.NS - stock breakout found...
2024-06-05 03:36:57,424 -INFO - TAJGVK.NS - stock breakout found...
2024-06-05 03:36:57,427 -INFO - ARTSONEN.BO - stock breakout found...
2024-06-05 03:36:57,460 -INFO - JISLJALEQS.NS - stock breakout found...
2024-06-05 03:36:57,468 -INFO - KNRCON.NS - stock breakout found...
2024-06-05 03:36:57,511 -INFO - PRSMJOHNSN.NS - stock breakout found...
2024-06-05 03:36:57,520 -INFO - ALLCARGO.NS - stock breakout found...
2024-06-05 03:36:57,526 -INFO - SPELS.BO - stock breakout found...
2024-06-05 03:36:57,575 -INFO - DYNAMATECH.NS - stock breakout found...
2024-06-05 03:36:57,580 -INFO - TATACOMM.NS - stock breakout found...
2024-06-05 03:36:57,602 -INFO - GEOJITFSL.NS - stock breakout found...
2024-06-05 03:36:57,660 -INFO - Three line alert Ended...
2024-06-05 03:36:57,660 -INFO - Two line alert started...
2024-06-05 03:37:22,891 -ERROR - 
1 Failed download:
2024-06-05 03:37:22,891 -ERROR - ['BLUECLOUDS.BO']: YFPricesMissingError('$%ticker%: possibly delisted; No price data found  (1d 1925-06-30 -> 2024-06-05)')
2024-06-05 03:37:28,562 -INFO - ^NSEI - stock breakout found...
2024-06-05 03:37:28,869 -INFO - ^NSEBANK - stock breakout found...
2024-06-05 03:37:28,925 -INFO - NESTLEIND.NS - stock breakout found...
2024-06-05 03:37:29,031 -INFO - SBILIFE.NS - stock breakout found...
2024-06-05 03:37:29,049 -INFO - HDFCBANK.NS - stock breakout found...
2024-06-05 03:37:29,093 -INFO - JSWSTEEL.NS - stock breakout found...
2024-06-05 03:37:29,409 -INFO - SHRIRAMFIN.NS - stock breakout found...
2024-06-05 03:37:29,629 -INFO - DABUR.NS - stock breakout found...
2024-06-05 03:37:29,647 -INFO - IOC.NS - stock breakout found...
2024-06-05 03:37:29,704 -INFO - PGHH.NS - stock breakout found...
2024-06-05 03:37:29,831 -INFO - ADANIGREEN.NS - stock breakout found...
2024-06-05 03:37:29,946 -INFO - SRF.NS - stock breakout found...
2024-06-05 03:37:30,122 -INFO - SYRMA.NS - stock breakout found...
2024-06-05 03:37:30,415 -INFO - DEN.NS - stock breakout found...
2024-06-05 03:37:30,750 -INFO - INDHOTEL.NS - stock breakout found...
2024-06-05 03:37:31,155 -INFO - DBL.NS - stock breakout found...
2024-06-05 03:37:31,379 -INFO - TV18BRDCST.NS - stock breakout found...
2024-06-05 03:37:31,628 -INFO - KSOLVES.NS - stock breakout found...
2024-06-05 03:37:32,250 -INFO - HTMEDIA.NS - stock breakout found...
2024-06-05 03:37:51,137 -ERROR - 
1 Failed download:
2024-06-05 03:37:51,137 -ERROR - ['BLUECLOUDS.BO']: YFPricesMissingError('$%ticker%: possibly delisted; No price data found  (1wk 1925-06-30 -> 2024-06-05)')
2024-06-05 03:37:52,902 -INFO - NESTLEIND.NS - stock breakout found...
2024-06-05 03:37:53,366 -INFO - MAHEPC.NS - stock breakout found...
2024-06-05 03:37:53,551 -INFO - EASEMYTRIP.NS - stock breakout found...
2024-06-05 03:37:53,718 -INFO - KSOLVES.NS - stock breakout found...
2024-06-05 03:38:07,925 -INFO - KOTAKBANK.NS - stock breakout found...
2024-06-05 03:38:07,926 -INFO - KOTAKBANK.NS - stock breakout found...
2024-06-05 03:38:11,408 -INFO - Two line alert Ended...
2024-06-05 03:38:11,408 -INFO - PH PL alert started...
2024-06-05 03:38:35,900 -ERROR - 
1 Failed download:
2024-06-05 03:38:35,900 -ERROR - ['BLUECLOUDS.BO']: YFPricesMissingError('$%ticker%: possibly delisted; No price data found  (1d 1925-06-30 -> 2024-06-05)')
2024-06-05 03:39:00,855 -ERROR - 
1 Failed download:
2024-06-05 03:39:00,856 -ERROR - ['BLUECLOUDS.BO']: YFPricesMissingError('$%ticker%: possibly delisted; No price data found  (1wk 1925-06-30 -> 2024-06-05)')
2024-06-05 03:39:20,029 -ERROR - 
1 Failed download:
2024-06-05 03:39:20,029 -ERROR - ['BLUECLOUDS.BO']: YFPricesMissingError('$%ticker%: possibly delisted; No price data found  (1mo 1925-06-30 -> 2024-06-05)')
2024-06-05 03:39:38,018 -ERROR - 
1 Failed download:
2024-06-05 03:39:38,018 -ERROR - ['BLUECLOUDS.BO']: YFPricesMissingError('$%ticker%: possibly delisted; No price data found  (3mo 1925-06-30 -> 2024-06-05)')
2024-06-05 03:39:38,770 -INFO - PH PL alert Ended...
2024-06-05 03:39:40,603 -INFO - Message sent successfully! - 
